<?xml version="1.0" encoding="UTF-8"?>
<coverage generated="1574646948483" clover="3.2.0">
  <project timestamp="1574646948483" name="All files">
    <metrics statements="4728" coveredstatements="0" conditionals="6365" coveredconditionals="0" methods="1354" coveredmethods="0" elements="12447" coveredelements="0" complexity="0" loc="4728" ncloc="4728" packages="9" files="20" classes="20">
      <package name="src">
        <metrics statements="8" coveredstatements="0" conditionals="4" coveredconditionals="0" methods="4" coveredmethods="0"/>
        <file name="App.vue" path="F:\webpack\demo4\hello_vue\src\App.vue">
          <metrics statements="8" coveredstatements="0" conditionals="4" coveredconditionals="0" methods="4" coveredmethods="0"/>
          <line num="52" count="0" type="stmt"/>
          <line num="53" count="0" type="stmt"/>
          <line num="57" count="0" type="stmt"/>
          <line num="64" count="0" type="cond" truecount="0" falsecount="2"/>
          <line num="68" count="0" type="stmt"/>
          <line num="93" count="0" type="cond" truecount="0" falsecount="2"/>
          <line num="94" count="0" type="stmt"/>
          <line num="96" count="0" type="stmt"/>
        </file>
      </package>
      <package name="src.common">
        <metrics statements="17" coveredstatements="0" conditionals="4" coveredconditionals="0" methods="5" coveredmethods="0"/>
        <file name="plugin.js" path="F:\webpack\demo4\hello_vue\src\common\plugin.js">
          <metrics statements="17" coveredstatements="0" conditionals="4" coveredconditionals="0" methods="5" coveredmethods="0"/>
          <line num="1" count="0" type="stmt"/>
          <line num="3" count="0" type="stmt"/>
          <line num="7" count="0" type="stmt"/>
          <line num="8" count="0" type="stmt"/>
          <line num="11" count="0" type="stmt"/>
          <line num="12" count="0" type="cond" truecount="0" falsecount="2"/>
          <line num="13" count="0" type="stmt"/>
          <line num="15" count="0" type="cond" truecount="0" falsecount="2"/>
          <line num="16" count="0" type="stmt"/>
          <line num="19" count="0" type="stmt"/>
          <line num="23" count="0" type="stmt"/>
          <line num="24" count="0" type="stmt"/>
          <line num="25" count="0" type="stmt"/>
          <line num="26" count="0" type="stmt"/>
          <line num="29" count="0" type="stmt"/>
          <line num="30" count="0" type="stmt"/>
          <line num="31" count="0" type="stmt"/>
        </file>
      </package>
      <package name="src.components">
        <metrics statements="5" coveredstatements="0" conditionals="0" coveredconditionals="0" methods="5" coveredmethods="0"/>
        <file name="HelloWorld.vue" path="F:\webpack\demo4\hello_vue\src\components\HelloWorld.vue">
          <metrics statements="2" coveredstatements="0" conditionals="0" coveredconditionals="0" methods="2" coveredmethods="0"/>
          <line num="11" count="0" type="stmt"/>
          <line num="17" count="0" type="stmt"/>
        </file>
        <file name="counter.vue" path="F:\webpack\demo4\hello_vue\src\components\counter.vue">
          <metrics statements="3" coveredstatements="0" conditionals="0" coveredconditionals="0" methods="3" coveredmethods="0"/>
          <line num="13" count="0" type="stmt"/>
          <line num="21" count="0" type="stmt"/>
          <line num="24" count="0" type="stmt"/>
        </file>
      </package>
      <package name="src.components.goods">
        <metrics statements="48" coveredstatements="0" conditionals="8" coveredconditionals="0" methods="24" coveredmethods="0"/>
        <file name="GoodsComment.vue" path="F:\webpack\demo4\hello_vue\src\components\goods\GoodsComment.vue">
          <metrics statements="1" coveredstatements="0" conditionals="0" coveredconditionals="0" methods="0" coveredmethods="0"/>
          <line num="8" count="0" type="stmt"/>
        </file>
        <file name="GoodsDesc.vue" path="F:\webpack\demo4\hello_vue\src\components\goods\GoodsDesc.vue">
          <metrics statements="6" coveredstatements="0" conditionals="2" coveredconditionals="0" methods="4" coveredmethods="0"/>
          <line num="12" count="0" type="stmt"/>
          <line num="17" count="0" type="stmt"/>
          <line num="20" count="0" type="stmt"/>
          <line num="21" count="0" type="stmt"/>
          <line num="23" count="0" type="cond" truecount="0" falsecount="2"/>
          <line num="24" count="0" type="stmt"/>
        </file>
        <file name="GoodsInfo.vue" path="F:\webpack\demo4\hello_vue\src\components\goods\GoodsInfo.vue">
          <metrics statements="32" coveredstatements="0" conditionals="4" coveredconditionals="0" methods="14" coveredmethods="0"/>
          <line num="55" count="0" type="stmt"/>
          <line num="56" count="0" type="stmt"/>
          <line num="59" count="0" type="stmt"/>
          <line num="68" count="0" type="stmt"/>
          <line num="69" count="0" type="stmt"/>
          <line num="72" count="0" type="stmt"/>
          <line num="73" count="0" type="stmt"/>
          <line num="74" count="0" type="cond" truecount="0" falsecount="2"/>
          <line num="75" count="0" type="stmt"/>
          <line num="76" count="0" type="stmt"/>
          <line num="78" count="0" type="stmt"/>
          <line num="82" count="0" type="stmt"/>
          <line num="83" count="0" type="stmt"/>
          <line num="84" count="0" type="cond" truecount="0" falsecount="2"/>
          <line num="85" count="0" type="stmt"/>
          <line num="90" count="0" type="stmt"/>
          <line num="93" count="0" type="stmt"/>
          <line num="96" count="0" type="stmt"/>
          <line num="97" count="0" type="stmt"/>
          <line num="103" count="0" type="stmt"/>
          <line num="106" count="0" type="stmt"/>
          <line num="109" count="0" type="stmt"/>
          <line num="117" count="0" type="stmt"/>
          <line num="118" count="0" type="stmt"/>
          <line num="120" count="0" type="stmt"/>
          <line num="121" count="0" type="stmt"/>
          <line num="122" count="0" type="stmt"/>
          <line num="123" count="0" type="stmt"/>
          <line num="124" count="0" type="stmt"/>
          <line num="127" count="0" type="stmt"/>
          <line num="130" count="0" type="stmt"/>
          <line num="131" count="0" type="stmt"/>
        </file>
        <file name="GoodsList.vue" path="F:\webpack\demo4\hello_vue\src\components\goods\GoodsList.vue">
          <metrics statements="9" coveredstatements="0" conditionals="2" coveredconditionals="0" methods="6" coveredmethods="0"/>
          <line num="28" count="0" type="stmt"/>
          <line num="34" count="0" type="stmt"/>
          <line num="37" count="0" type="stmt"/>
          <line num="40" count="0" type="stmt"/>
          <line num="41" count="0" type="cond" truecount="0" falsecount="2"/>
          <line num="42" count="0" type="stmt"/>
          <line num="47" count="0" type="stmt"/>
          <line num="48" count="0" type="stmt"/>
          <line num="57" count="0" type="stmt"/>
        </file>
      </package>
      <package name="src.components.news">
        <metrics statements="15" coveredstatements="0" conditionals="4" coveredconditionals="0" methods="8" coveredmethods="0"/>
        <file name="NewsInfo.vue" path="F:\webpack\demo4\hello_vue\src\components\news\NewsInfo.vue">
          <metrics statements="8" coveredstatements="0" conditionals="2" coveredconditionals="0" methods="4" coveredmethods="0"/>
          <line num="16" count="0" type="stmt"/>
          <line num="20" count="0" type="stmt"/>
          <line num="26" count="0" type="stmt"/>
          <line num="29" count="0" type="stmt"/>
          <line num="32" count="0" type="stmt"/>
          <line num="33" count="0" type="cond" truecount="0" falsecount="2"/>
          <line num="35" count="0" type="stmt"/>
          <line num="37" count="0" type="stmt"/>
        </file>
        <file name="NewsList.vue" path="F:\webpack\demo4\hello_vue\src\components\news\NewsList.vue">
          <metrics statements="7" coveredstatements="0" conditionals="2" coveredconditionals="0" methods="4" coveredmethods="0"/>
          <line num="27" count="0" type="stmt"/>
          <line num="32" count="0" type="stmt"/>
          <line num="35" count="0" type="stmt"/>
          <line num="36" count="0" type="stmt"/>
          <line num="37" count="0" type="cond" truecount="0" falsecount="2"/>
          <line num="38" count="0" type="stmt"/>
          <line num="41" count="0" type="stmt"/>
        </file>
      </package>
      <package name="src.components.photos">
        <metrics statements="30" coveredstatements="0" conditionals="8" coveredconditionals="0" methods="14" coveredmethods="0"/>
        <file name="PhotoInfo.vue" path="F:\webpack\demo4\hello_vue\src\components\photos\PhotoInfo.vue">
          <metrics statements="16" coveredstatements="0" conditionals="4" coveredconditionals="0" methods="7" coveredmethods="0"/>
          <line num="17" count="0" type="stmt"/>
          <line num="20" count="0" type="stmt"/>
          <line num="35" count="0" type="stmt"/>
          <line num="36" count="0" type="stmt"/>
          <line num="39" count="0" type="stmt"/>
          <line num="40" count="0" type="stmt"/>
          <line num="41" count="0" type="cond" truecount="0" falsecount="2"/>
          <line num="42" count="0" type="stmt"/>
          <line num="46" count="0" type="stmt"/>
          <line num="47" count="0" type="stmt"/>
          <line num="48" count="0" type="cond" truecount="0" falsecount="2"/>
          <line num="49" count="0" type="stmt"/>
          <line num="50" count="0" type="stmt"/>
          <line num="51" count="0" type="stmt"/>
          <line num="52" count="0" type="stmt"/>
          <line num="55" count="0" type="stmt"/>
        </file>
        <file name="PhotoList.vue" path="F:\webpack\demo4\hello_vue\src\components\photos\PhotoList.vue">
          <metrics statements="14" coveredstatements="0" conditionals="4" coveredconditionals="0" methods="7" coveredmethods="0"/>
          <line num="26" count="0" type="stmt"/>
          <line num="31" count="0" type="stmt"/>
          <line num="37" count="0" type="stmt"/>
          <line num="38" count="0" type="stmt"/>
          <line num="42" count="0" type="stmt"/>
          <line num="47" count="0" type="stmt"/>
          <line num="49" count="0" type="stmt"/>
          <line num="50" count="0" type="cond" truecount="0" falsecount="2"/>
          <line num="51" count="0" type="stmt"/>
          <line num="52" count="0" type="stmt"/>
          <line num="56" count="0" type="stmt"/>
          <line num="58" count="0" type="stmt"/>
          <line num="59" count="0" type="cond" truecount="0" falsecount="2"/>
          <line num="60" count="0" type="stmt"/>
        </file>
      </package>
      <package name="src.components.subcomponents">
        <metrics statements="34" coveredstatements="0" conditionals="8" coveredconditionals="0" methods="17" coveredmethods="0"/>
        <file name="comment.vue" path="F:\webpack\demo4\hello_vue\src\components\subcomponents\comment.vue">
          <metrics statements="18" coveredstatements="0" conditionals="6" coveredconditionals="0" methods="7" coveredmethods="0"/>
          <line num="27" count="0" type="stmt"/>
          <line num="34" count="0" type="stmt"/>
          <line num="37" count="0" type="stmt"/>
          <line num="38" count="0" type="stmt"/>
          <line num="40" count="0" type="cond" truecount="0" falsecount="2"/>
          <line num="42" count="0" type="stmt"/>
          <line num="45" count="0" type="stmt"/>
          <line num="50" count="0" type="stmt"/>
          <line num="51" count="0" type="stmt"/>
          <line num="53" count="0" type="stmt"/>
          <line num="54" count="0" type="cond" truecount="0" falsecount="2"/>
          <line num="55" count="0" type="stmt"/>
          <line num="57" count="0" type="stmt"/>
          <line num="59" count="0" type="cond" truecount="0" falsecount="2"/>
          <line num="60" count="0" type="stmt"/>
          <line num="65" count="0" type="stmt"/>
          <line num="66" count="0" type="stmt"/>
          <line num="68" count="0" type="stmt"/>
        </file>
        <file name="goodsinfo_numbox.vue" path="F:\webpack\demo4\hello_vue\src\components\subcomponents\goodsinfo_numbox.vue">
          <metrics statements="8" coveredstatements="0" conditionals="2" coveredconditionals="0" methods="4" coveredmethods="0"/>
          <line num="11" count="0" type="stmt"/>
          <line num="14" count="0" type="stmt"/>
          <line num="19" count="0" type="stmt"/>
          <line num="24" count="0" type="stmt"/>
          <line num="25" count="0" type="cond" truecount="0" falsecount="2"/>
          <line num="26" count="0" type="stmt"/>
          <line num="28" count="0" type="stmt"/>
          <line num="34" count="0" type="stmt"/>
        </file>
        <file name="shopcar_numbox.vue" path="F:\webpack\demo4\hello_vue\src\components\subcomponents\shopcar_numbox.vue">
          <metrics statements="4" coveredstatements="0" conditionals="0" coveredconditionals="0" methods="3" coveredmethods="0"/>
          <line num="11" count="0" type="stmt"/>
          <line num="14" count="0" type="stmt"/>
          <line num="18" count="0" type="stmt"/>
          <line num="25" count="0" type="stmt"/>
        </file>
        <file name="switch.vue" path="F:\webpack\demo4\hello_vue\src\components\subcomponents\switch.vue">
          <metrics statements="4" coveredstatements="0" conditionals="0" coveredconditionals="0" methods="3" coveredmethods="0"/>
          <line num="10" count="0" type="stmt"/>
          <line num="13" count="0" type="stmt"/>
          <line num="18" count="0" type="stmt"/>
          <line num="22" count="0" type="stmt"/>
        </file>
      </package>
      <package name="src.components.tabbar">
        <metrics statements="24" coveredstatements="0" conditionals="6" coveredconditionals="0" methods="11" coveredmethods="0"/>
        <file name="HomeContainer.vue" path="F:\webpack\demo4\hello_vue\src\components\tabbar\HomeContainer.vue">
          <metrics statements="8" coveredstatements="0" conditionals="2" coveredconditionals="0" methods="4" coveredmethods="0"/>
          <line num="37" count="0" type="stmt"/>
          <line num="40" count="0" type="stmt"/>
          <line num="45" count="0" type="stmt"/>
          <line num="48" count="0" type="stmt"/>
          <line num="49" count="0" type="stmt"/>
          <line num="51" count="0" type="cond" truecount="0" falsecount="2"/>
          <line num="52" count="0" type="stmt"/>
          <line num="55" count="0" type="stmt"/>
        </file>
        <file name="ShopContainer.vue" path="F:\webpack\demo4\hello_vue\src\components\tabbar\ShopContainer.vue">
          <metrics statements="16" coveredstatements="0" conditionals="4" coveredconditionals="0" methods="7" coveredmethods="0"/>
          <line num="50" count="0" type="stmt"/>
          <line num="51" count="0" type="stmt"/>
          <line num="54" count="0" type="stmt"/>
          <line num="59" count="0" type="stmt"/>
          <line num="62" count="0" type="stmt"/>
          <line num="63" count="0" type="stmt"/>
          <line num="64" count="0" type="stmt"/>
          <line num="65" count="0" type="cond" truecount="0" falsecount="2"/>
          <line num="66" count="0" type="stmt"/>
          <line num="68" count="0" type="stmt"/>
          <line num="69" count="0" type="cond" truecount="0" falsecount="2"/>
          <line num="70" count="0" type="stmt"/>
          <line num="77" count="0" type="stmt"/>
          <line num="78" count="0" type="stmt"/>
          <line num="81" count="0" type="stmt"/>
          <line num="82" count="0" type="stmt"/>
        </file>
      </package>
      <package name="src.lib.mui.js">
        <metrics statements="4547" coveredstatements="0" conditionals="6323" coveredconditionals="0" methods="1266" coveredmethods="0"/>
        <file name="mui.js" path="F:\webpack\demo4\hello_vue\src\lib\mui\js\mui.js">
          <metrics statements="4543" coveredstatements="0" conditionals="3235" coveredconditionals="0" methods="633" coveredmethods="0"/>
          <line num="10" count="0" type="stmt"/>
          <line num="11" count="0" type="stmt"/>
          <line num="12" count="0" type="stmt"/>
          <line num="13" count="0" type="stmt"/>
          <line num="14" count="0" type="stmt"/>
          <line num="15" count="0" type="stmt"/>
          <line num="16" count="0" type="stmt"/>
          <line num="18" count="0" type="stmt"/>
          <line num="19" count="0" type="cond" truecount="0" falsecount="2"/>
          <line num="20" count="0" type="cond" truecount="0" falsecount="2"/>
          <line num="21" count="0" type="stmt"/>
          <line num="22" count="0" type="cond" truecount="0" falsecount="4"/>
          <line num="23" count="0" type="cond" truecount="0" falsecount="2"/>
          <line num="24" count="0" type="stmt"/>
          <line num="26" count="0" type="stmt"/>
          <line num="28" count="0" type="cond" truecount="0" falsecount="2"/>
          <line num="29" count="0" type="stmt"/>
          <line num="30" count="0" type="cond" truecount="0" falsecount="2"/>
          <line num="31" count="0" type="stmt"/>
          <line num="32" count="0" type="stmt"/>
          <line num="33" count="0" type="cond" truecount="0" falsecount="2"/>
          <line num="34" count="0" type="stmt"/>
          <line num="35" count="0" type="cond" truecount="0" falsecount="2"/>
          <line num="37" count="0" type="stmt"/>
          <line num="40" count="0" type="stmt"/>
          <line num="43" count="0" type="stmt"/>
          <line num="44" count="0" type="cond" truecount="0" falsecount="2"/>
          <line num="45" count="0" type="stmt"/>
          <line num="46" count="0" type="cond" truecount="0" falsecount="2"/>
          <line num="47" count="0" type="stmt"/>
          <line num="50" count="0" type="stmt"/>
          <line num="52" count="0" type="stmt"/>
          <line num="60" count="0" type="stmt"/>
          <line num="62" count="0" type="cond" truecount="0" falsecount="2"/>
          <line num="63" count="0" type="stmt"/>
          <line num="64" count="0" type="stmt"/>
          <line num="65" count="0" type="stmt"/>
          <line num="67" count="0" type="cond" truecount="0" falsecount="2"/>
          <line num="68" count="0" type="stmt"/>
          <line num="70" count="0" type="cond" truecount="0" falsecount="2"/>
          <line num="71" count="0" type="stmt"/>
          <line num="74" count="0" type="cond" truecount="0" falsecount="6"/>
          <line num="75" count="0" type="stmt"/>
          <line num="78" count="0" type="cond" truecount="0" falsecount="2"/>
          <line num="79" count="0" type="stmt"/>
          <line num="80" count="0" type="stmt"/>
          <line num="83" count="0" type="stmt"/>
          <line num="84" count="0" type="cond" truecount="0" falsecount="2"/>
          <line num="85" count="0" type="stmt"/>
          <line num="86" count="0" type="stmt"/>
          <line num="87" count="0" type="stmt"/>
          <line num="89" count="0" type="cond" truecount="0" falsecount="2"/>
          <line num="90" count="0" type="stmt"/>
          <line num="93" count="0" type="cond" truecount="0" falsecount="6"/>
          <line num="94" count="0" type="cond" truecount="0" falsecount="2"/>
          <line num="95" count="0" type="stmt"/>
          <line num="96" count="0" type="cond" truecount="0" falsecount="4"/>
          <line num="99" count="0" type="cond" truecount="0" falsecount="4"/>
          <line num="102" count="0" type="stmt"/>
          <line num="104" count="0" type="cond" truecount="0" falsecount="2"/>
          <line num="105" count="0" type="stmt"/>
          <line num="111" count="0" type="stmt"/>
          <line num="116" count="0" type="stmt"/>
          <line num="120" count="0" type="stmt"/>
          <line num="124" count="0" type="stmt"/>
          <line num="126" count="0" type="stmt"/>
          <line num="127" count="0" type="cond" truecount="0" falsecount="4"/>
          <line num="132" count="0" type="cond" truecount="0" falsecount="2"/>
          <line num="134" count="0" type="stmt"/>
          <line num="140" count="0" type="stmt"/>
          <line num="141" count="0" type="cond" truecount="0" falsecount="3"/>
          <line num="142" count="0" type="stmt"/>
          <line num="143" count="0" type="cond" truecount="0" falsecount="4"/>
          <line num="144" count="0" type="stmt"/>
          <line num="146" count="0" type="cond" truecount="0" falsecount="5"/>
          <line num="152" count="0" type="stmt"/>
          <line num="153" count="0" type="cond" truecount="0" falsecount="2"/>
          <line num="158" count="0" type="stmt"/>
          <line num="159" count="0" type="stmt"/>
          <line num="164" count="0" type="stmt"/>
          <line num="165" count="0" type="cond" truecount="0" falsecount="3"/>
          <line num="171" count="0" type="stmt"/>
          <line num="172" count="0" type="stmt"/>
          <line num="173" count="0" type="cond" truecount="0" falsecount="2"/>
          <line num="174" count="0" type="stmt"/>
          <line num="177" count="0" type="stmt"/>
          <line num="182" count="0" type="stmt"/>
          <line num="183" count="0" type="stmt"/>
          <line num="191" count="0" type="stmt"/>
          <line num="192" count="0" type="cond" truecount="0" falsecount="2"/>
          <line num="193" count="0" type="cond" truecount="0" falsecount="4"/>
          <line num="200" count="0" type="stmt"/>
          <line num="201" count="0" type="cond" truecount="0" falsecount="2"/>
          <line num="202" count="0" type="stmt"/>
          <line num="204" count="0" type="stmt"/>
          <line num="205" count="0" type="stmt"/>
          <line num="208" count="0" type="stmt"/>
          <line num="219" count="0" type="stmt"/>
          <line num="221" count="0" type="stmt"/>
          <line num="222" count="0" type="stmt"/>
          <line num="223" count="0" type="cond" truecount="0" falsecount="2"/>
          <line num="226" count="0" type="cond" truecount="0" falsecount="2"/>
          <line num="227" count="0" type="stmt"/>
          <line num="228" count="0" type="stmt"/>
          <line num="230" count="0" type="stmt"/>
          <line num="231" count="0" type="cond" truecount="0" falsecount="2"/>
          <line num="232" count="0" type="stmt"/>
          <line num="235" count="0" type="stmt"/>
          <line num="236" count="0" type="cond" truecount="0" falsecount="2"/>
          <line num="241" count="0" type="stmt"/>
          <line num="243" count="0" type="cond" truecount="0" falsecount="2"/>
          <line num="244" count="0" type="stmt"/>
          <line num="246" count="0" type="stmt"/>
          <line num="250" count="0" type="cond" truecount="0" falsecount="2"/>
          <line num="251" count="0" type="stmt"/>
          <line num="252" count="0" type="stmt"/>
          <line num="263" count="0" type="stmt"/>
          <line num="264" count="0" type="cond" truecount="0" falsecount="2"/>
          <line num="265" count="0" type="stmt"/>
          <line num="267" count="0" type="cond" truecount="0" falsecount="2"/>
          <line num="268" count="0" type="stmt"/>
          <line num="269" count="0" type="stmt"/>
          <line num="272" count="0" type="stmt"/>
          <line num="273" count="0" type="cond" truecount="0" falsecount="2"/>
          <line num="274" count="0" type="cond" truecount="0" falsecount="2"/>
          <line num="275" count="0" type="cond" truecount="0" falsecount="2"/>
          <line num="278" count="0" type="cond" truecount="0" falsecount="2"/>
          <line num="282" count="0" type="stmt"/>
          <line num="284" count="0" type="stmt"/>
          <line num="285" count="0" type="cond" truecount="0" falsecount="2"/>
          <line num="286" count="0" type="stmt"/>
          <line num="287" count="0" type="stmt"/>
          <line num="290" count="0" type="stmt"/>
          <line num="300" count="0" type="stmt"/>
          <line num="301" count="0" type="stmt"/>
          <line num="306" count="0" type="stmt"/>
          <line num="314" count="0" type="stmt"/>
          <line num="315" count="0" type="stmt"/>
          <line num="316" count="0" type="cond" truecount="0" falsecount="2"/>
          <line num="317" count="0" type="cond" truecount="0" falsecount="2"/>
          <line num="319" count="0" type="stmt"/>
          <line num="327" count="0" type="stmt"/>
          <line num="328" count="0" type="cond" truecount="0" falsecount="2"/>
          <line num="329" count="0" type="cond" truecount="0" falsecount="4"/>
          <line num="330" count="0" type="stmt"/>
          <line num="332" count="0" type="stmt"/>
          <line num="333" count="0" type="stmt"/>
          <line num="338" count="0" type="cond" truecount="0" falsecount="4"/>
          <line num="339" count="0" type="stmt"/>
          <line num="341" count="0" type="stmt"/>
          <line num="349" count="0" type="stmt"/>
          <line num="350" count="0" type="stmt"/>
          <line num="351" count="0" type="cond" truecount="0" falsecount="2"/>
          <line num="352" count="0" type="cond" truecount="0" falsecount="2"/>
          <line num="353" count="0" type="stmt"/>
          <line num="354" count="0" type="cond" truecount="0" falsecount="2"/>
          <line num="355" count="0" type="stmt"/>
          <line num="357" count="0" type="stmt"/>
          <line num="358" count="0" type="stmt"/>
          <line num="361" count="0" type="stmt"/>
          <line num="363" count="0" type="stmt"/>
          <line num="368" count="0" type="cond" truecount="0" falsecount="4"/>
          <line num="369" count="0" type="stmt"/>
          <line num="371" count="0" type="stmt"/>
          <line num="373" count="0" type="stmt"/>
          <line num="374" count="0" type="stmt"/>
          <line num="375" count="0" type="stmt"/>
          <line num="376" count="0" type="cond" truecount="0" falsecount="2"/>
          <line num="377" count="0" type="stmt"/>
          <line num="379" count="0" type="cond" truecount="0" falsecount="2"/>
          <line num="380" count="0" type="stmt"/>
          <line num="381" count="0" type="stmt"/>
          <line num="382" count="0" type="stmt"/>
          <line num="384" count="0" type="stmt"/>
          <line num="385" count="0" type="stmt"/>
          <line num="387" count="0" type="stmt"/>
          <line num="388" count="0" type="cond" truecount="0" falsecount="2"/>
          <line num="389" count="0" type="stmt"/>
          <line num="391" count="0" type="stmt"/>
          <line num="392" count="0" type="stmt"/>
          <line num="403" count="0" type="stmt"/>
          <line num="404" count="0" type="cond" truecount="0" falsecount="2"/>
          <line num="405" count="0" type="stmt"/>
          <line num="406" count="0" type="stmt"/>
          <line num="410" count="0" type="cond" truecount="0" falsecount="2"/>
          <line num="411" count="0" type="stmt"/>
          <line num="414" count="0" type="stmt"/>
          <line num="415" count="0" type="cond" truecount="0" falsecount="2"/>
          <line num="418" count="0" type="stmt"/>
          <line num="420" count="0" type="stmt"/>
          <line num="423" count="0" type="stmt"/>
          <line num="427" count="0" type="cond" truecount="0" falsecount="2"/>
          <line num="428" count="0" type="stmt"/>
          <line num="430" count="0" type="stmt"/>
          <line num="431" count="0" type="stmt"/>
          <line num="432" count="0" type="stmt"/>
          <line num="434" count="0" type="cond" truecount="0" falsecount="2"/>
          <line num="435" count="0" type="stmt"/>
          <line num="440" count="0" type="stmt"/>
          <line num="442" count="0" type="stmt"/>
          <line num="443" count="0" type="stmt"/>
          <line num="445" count="0" type="stmt"/>
          <line num="452" count="0" type="cond" truecount="0" falsecount="4"/>
          <line num="453" count="0" type="stmt"/>
          <line num="454" count="0" type="stmt"/>
          <line num="458" count="0" type="stmt"/>
          <line num="467" count="0" type="stmt"/>
          <line num="469" count="0" type="stmt"/>
          <line num="470" count="0" type="stmt"/>
          <line num="473" count="0" type="stmt"/>
          <line num="474" count="0" type="cond" truecount="0" falsecount="2"/>
          <line num="475" count="0" type="stmt"/>
          <line num="479" count="0" type="stmt"/>
          <line num="482" count="0" type="stmt"/>
          <line num="483" count="0" type="cond" truecount="0" falsecount="2"/>
          <line num="484" count="0" type="stmt"/>
          <line num="485" count="0" type="stmt"/>
          <line num="487" count="0" type="stmt"/>
          <line num="489" count="0" type="stmt"/>
          <line num="492" count="0" type="stmt"/>
          <line num="493" count="0" type="cond" truecount="0" falsecount="2"/>
          <line num="494" count="0" type="stmt"/>
          <line num="495" count="0" type="stmt"/>
          <line num="497" count="0" type="stmt"/>
          <line num="498" count="0" type="cond" truecount="0" falsecount="2"/>
          <line num="499" count="0" type="stmt"/>
          <line num="500" count="0" type="stmt"/>
          <line num="503" count="0" type="stmt"/>
          <line num="506" count="0" type="stmt"/>
          <line num="507" count="0" type="stmt"/>
          <line num="510" count="0" type="stmt"/>
          <line num="517" count="0" type="stmt"/>
          <line num="519" count="0" type="cond" truecount="0" falsecount="2"/>
          <line num="520" count="0" type="stmt"/>
          <line num="521" count="0" type="cond" truecount="0" falsecount="2"/>
          <line num="522" count="0" type="stmt"/>
          <line num="523" count="0" type="stmt"/>
          <line num="524" count="0" type="stmt"/>
          <line num="526" count="0" type="cond" truecount="0" falsecount="2"/>
          <line num="527" count="0" type="stmt"/>
          <line num="528" count="0" type="stmt"/>
          <line num="529" count="0" type="stmt"/>
          <line num="534" count="0" type="stmt"/>
          <line num="540" count="0" type="stmt"/>
          <line num="541" count="0" type="cond" truecount="0" falsecount="2"/>
          <line num="542" count="0" type="stmt"/>
          <line num="543" count="0" type="stmt"/>
          <line num="544" count="0" type="stmt"/>
          <line num="545" count="0" type="stmt"/>
          <line num="547" count="0" type="stmt"/>
          <line num="548" count="0" type="stmt"/>
          <line num="549" count="0" type="stmt"/>
          <line num="550" count="0" type="stmt"/>
          <line num="552" count="0" type="stmt"/>
          <line num="553" count="0" type="stmt"/>
          <line num="555" count="0" type="stmt"/>
          <line num="556" count="0" type="stmt"/>
          <line num="558" count="0" type="stmt"/>
          <line num="564" count="0" type="stmt"/>
          <line num="565" count="0" type="stmt"/>
          <line num="568" count="0" type="stmt"/>
          <line num="569" count="0" type="stmt"/>
          <line num="572" count="0" type="stmt"/>
          <line num="573" count="0" type="cond" truecount="0" falsecount="2"/>
          <line num="574" count="0" type="stmt"/>
          <line num="578" count="0" type="stmt"/>
          <line num="580" count="0" type="stmt"/>
          <line num="581" count="0" type="stmt"/>
          <line num="582" count="0" type="stmt"/>
          <line num="583" count="0" type="stmt"/>
          <line num="584" count="0" type="cond" truecount="0" falsecount="2"/>
          <line num="586" count="0" type="stmt"/>
          <line num="588" count="0" type="stmt"/>
          <line num="591" count="0" type="stmt"/>
          <line num="592" count="0" type="cond" truecount="0" falsecount="3"/>
          <line num="595" count="0" type="stmt"/>
          <line num="597" count="0" type="stmt"/>
          <line num="598" count="0" type="stmt"/>
          <line num="600" count="0" type="stmt"/>
          <line num="601" count="0" type="stmt"/>
          <line num="602" count="0" type="stmt"/>
          <line num="603" count="0" type="stmt"/>
          <line num="604" count="0" type="cond" truecount="0" falsecount="2"/>
          <line num="605" count="0" type="cond" truecount="0" falsecount="2"/>
          <line num="606" count="0" type="stmt"/>
          <line num="608" count="0" type="cond" truecount="0" falsecount="5"/>
          <line num="609" count="0" type="stmt"/>
          <line num="611" count="0" type="stmt"/>
          <line num="612" count="0" type="stmt"/>
          <line num="613" count="0" type="cond" truecount="0" falsecount="2"/>
          <line num="614" count="0" type="cond" truecount="0" falsecount="4"/>
          <line num="615" count="0" type="cond" truecount="0" falsecount="2"/>
          <line num="616" count="0" type="stmt"/>
          <line num="620" count="0" type="cond" truecount="0" falsecount="2"/>
          <line num="621" count="0" type="stmt"/>
          <line num="627" count="0" type="stmt"/>
          <line num="628" count="0" type="stmt"/>
          <line num="629" count="0" type="stmt"/>
          <line num="630" count="0" type="stmt"/>
          <line num="631" count="0" type="stmt"/>
          <line num="632" count="0" type="cond" truecount="0" falsecount="6"/>
          <line num="633" count="0" type="stmt"/>
          <line num="634" count="0" type="cond" truecount="0" falsecount="3"/>
          <line num="636" count="0" type="stmt"/>
          <line num="637" count="0" type="stmt"/>
          <line num="638" count="0" type="cond" truecount="0" falsecount="2"/>
          <line num="639" count="0" type="stmt"/>
          <line num="640" count="0" type="stmt"/>
          <line num="644" count="0" type="cond" truecount="0" falsecount="2"/>
          <line num="645" count="0" type="stmt"/>
          <line num="650" count="0" type="stmt"/>
          <line num="651" count="0" type="stmt"/>
          <line num="652" count="0" type="stmt"/>
          <line num="653" count="0" type="cond" truecount="0" falsecount="2"/>
          <line num="654" count="0" type="stmt"/>
          <line num="655" count="0" type="cond" truecount="0" falsecount="2"/>
          <line num="656" count="0" type="stmt"/>
          <line num="657" count="0" type="stmt"/>
          <line num="659" count="0" type="stmt"/>
          <line num="661" count="0" type="stmt"/>
          <line num="664" count="0" type="stmt"/>
          <line num="666" count="0" type="stmt"/>
          <line num="674" count="0" type="stmt"/>
          <line num="675" count="0" type="stmt"/>
          <line num="676" count="0" type="stmt"/>
          <line num="677" count="0" type="stmt"/>
          <line num="678" count="0" type="stmt"/>
          <line num="679" count="0" type="stmt"/>
          <line num="680" count="0" type="cond" truecount="0" falsecount="2"/>
          <line num="681" count="0" type="cond" truecount="0" falsecount="2"/>
          <line num="682" count="0" type="cond" truecount="0" falsecount="2"/>
          <line num="683" count="0" type="stmt"/>
          <line num="685" count="0" type="cond" truecount="0" falsecount="2"/>
          <line num="686" count="0" type="stmt"/>
          <line num="687" count="0" type="cond" truecount="0" falsecount="2"/>
          <line num="688" count="0" type="stmt"/>
          <line num="689" count="0" type="cond" truecount="0" falsecount="2"/>
          <line num="690" count="0" type="stmt"/>
          <line num="692" count="0" type="stmt"/>
          <line num="693" count="0" type="stmt"/>
          <line num="694" count="0" type="stmt"/>
          <line num="695" count="0" type="stmt"/>
          <line num="696" count="0" type="stmt"/>
          <line num="697" count="0" type="stmt"/>
          <line num="698" count="0" type="cond" truecount="0" falsecount="2"/>
          <line num="699" count="0" type="stmt"/>
          <line num="700" count="0" type="cond" truecount="0" falsecount="2"/>
          <line num="701" count="0" type="stmt"/>
          <line num="702" count="0" type="cond" truecount="0" falsecount="2"/>
          <line num="703" count="0" type="cond" truecount="0" falsecount="2"/>
          <line num="704" count="0" type="stmt"/>
          <line num="705" count="0" type="cond" truecount="0" falsecount="4"/>
          <line num="706" count="0" type="stmt"/>
          <line num="709" count="0" type="stmt"/>
          <line num="718" count="0" type="stmt"/>
          <line num="719" count="0" type="stmt"/>
          <line num="720" count="0" type="stmt"/>
          <line num="721" count="0" type="cond" truecount="0" falsecount="2"/>
          <line num="722" count="0" type="cond" truecount="0" falsecount="2"/>
          <line num="723" count="0" type="cond" truecount="0" falsecount="2"/>
          <line num="724" count="0" type="cond" truecount="0" falsecount="2"/>
          <line num="725" count="0" type="cond" truecount="0" falsecount="2"/>
          <line num="726" count="0" type="cond" truecount="0" falsecount="3"/>
          <line num="728" count="0" type="cond" truecount="0" falsecount="3"/>
          <line num="729" count="0" type="stmt"/>
          <line num="730" count="0" type="cond" truecount="0" falsecount="2"/>
          <line num="731" count="0" type="stmt"/>
          <line num="732" count="0" type="stmt"/>
          <line num="736" count="0" type="cond" truecount="0" falsecount="2"/>
          <line num="738" count="0" type="cond" truecount="0" falsecount="4"/>
          <line num="739" count="0" type="stmt"/>
          <line num="740" count="0" type="stmt"/>
          <line num="741" count="0" type="stmt"/>
          <line num="746" count="0" type="stmt"/>
          <line num="747" count="0" type="stmt"/>
          <line num="748" count="0" type="stmt"/>
          <line num="758" count="0" type="stmt"/>
          <line num="762" count="0" type="stmt"/>
          <line num="766" count="0" type="stmt"/>
          <line num="772" count="0" type="stmt"/>
          <line num="774" count="0" type="cond" truecount="0" falsecount="2"/>
          <line num="776" count="0" type="stmt"/>
          <line num="778" count="0" type="stmt"/>
          <line num="779" count="0" type="stmt"/>
          <line num="782" count="0" type="stmt"/>
          <line num="784" count="0" type="stmt"/>
          <line num="785" count="0" type="stmt"/>
          <line num="786" count="0" type="stmt"/>
          <line num="787" count="0" type="cond" truecount="0" falsecount="2"/>
          <line num="788" count="0" type="stmt"/>
          <line num="789" count="0" type="stmt"/>
          <line num="790" count="0" type="stmt"/>
          <line num="791" count="0" type="cond" truecount="0" falsecount="5"/>
          <line num="792" count="0" type="stmt"/>
          <line num="793" count="0" type="cond" truecount="0" falsecount="2"/>
          <line num="794" count="0" type="stmt"/>
          <line num="795" count="0" type="cond" truecount="0" falsecount="2"/>
          <line num="796" count="0" type="stmt"/>
          <line num="800" count="0" type="cond" truecount="0" falsecount="2"/>
          <line num="801" count="0" type="cond" truecount="0" falsecount="2"/>
          <line num="802" count="0" type="stmt"/>
          <line num="806" count="0" type="cond" truecount="0" falsecount="2"/>
          <line num="807" count="0" type="stmt"/>
          <line num="811" count="0" type="stmt"/>
          <line num="812" count="0" type="stmt"/>
          <line num="813" count="0" type="stmt"/>
          <line num="814" count="0" type="cond" truecount="0" falsecount="2"/>
          <line num="815" count="0" type="cond" truecount="0" falsecount="2"/>
          <line num="816" count="0" type="stmt"/>
          <line num="817" count="0" type="stmt"/>
          <line num="818" count="0" type="cond" truecount="0" falsecount="2"/>
          <line num="819" count="0" type="cond" truecount="0" falsecount="2"/>
          <line num="820" count="0" type="stmt"/>
          <line num="821" count="0" type="stmt"/>
          <line num="822" count="0" type="stmt"/>
          <line num="826" count="0" type="cond" truecount="0" falsecount="2"/>
          <line num="827" count="0" type="stmt"/>
          <line num="838" count="0" type="stmt"/>
          <line num="839" count="0" type="cond" truecount="0" falsecount="2"/>
          <line num="840" count="0" type="stmt"/>
          <line num="841" count="0" type="stmt"/>
          <line num="844" count="0" type="cond" truecount="0" falsecount="2"/>
          <line num="845" count="0" type="stmt"/>
          <line num="846" count="0" type="stmt"/>
          <line num="853" count="0" type="stmt"/>
          <line num="854" count="0" type="cond" truecount="0" falsecount="2"/>
          <line num="855" count="0" type="stmt"/>
          <line num="856" count="0" type="cond" truecount="0" falsecount="2"/>
          <line num="861" count="0" type="stmt"/>
          <line num="862" count="0" type="stmt"/>
          <line num="863" count="0" type="stmt"/>
          <line num="864" count="0" type="cond" truecount="0" falsecount="2"/>
          <line num="866" count="0" type="stmt"/>
          <line num="867" count="0" type="stmt"/>
          <line num="869" count="0" type="stmt"/>
          <line num="870" count="0" type="stmt"/>
          <line num="879" count="0" type="cond" truecount="0" falsecount="2"/>
          <line num="881" count="0" type="stmt"/>
          <line num="883" count="0" type="stmt"/>
          <line num="884" count="0" type="stmt"/>
          <line num="886" count="0" type="stmt"/>
          <line num="888" count="0" type="cond" truecount="0" falsecount="2"/>
          <line num="890" count="0" type="stmt"/>
          <line num="893" count="0" type="stmt"/>
          <line num="896" count="0" type="stmt"/>
          <line num="897" count="0" type="stmt"/>
          <line num="904" count="0" type="stmt"/>
          <line num="905" count="0" type="cond" truecount="0" falsecount="5"/>
          <line num="907" count="0" type="stmt"/>
          <line num="909" count="0" type="stmt"/>
          <line num="911" count="0" type="stmt"/>
          <line num="912" count="0" type="stmt"/>
          <line num="913" count="0" type="stmt"/>
          <line num="915" count="0" type="stmt"/>
          <line num="916" count="0" type="stmt"/>
          <line num="920" count="0" type="stmt"/>
          <line num="922" count="0" type="cond" truecount="0" falsecount="2"/>
          <line num="925" count="0" type="cond" truecount="0" falsecount="2"/>
          <line num="928" count="0" type="cond" truecount="0" falsecount="2"/>
          <line num="931" count="0" type="stmt"/>
          <line num="934" count="0" type="cond" truecount="0" falsecount="2"/>
          <line num="938" count="0" type="stmt"/>
          <line num="940" count="0" type="stmt"/>
          <line num="944" count="0" type="stmt"/>
          <line num="955" count="0" type="stmt"/>
          <line num="956" count="0" type="cond" truecount="0" falsecount="2"/>
          <line num="957" count="0" type="stmt"/>
          <line num="958" count="0" type="cond" truecount="0" falsecount="2"/>
          <line num="959" count="0" type="stmt"/>
          <line num="960" count="0" type="stmt"/>
          <line num="961" count="0" type="stmt"/>
          <line num="962" count="0" type="stmt"/>
          <line num="964" count="0" type="stmt"/>
          <line num="965" count="0" type="stmt"/>
          <line num="967" count="0" type="cond" truecount="0" falsecount="3"/>
          <line num="968" count="0" type="stmt"/>
          <line num="975" count="0" type="stmt"/>
          <line num="976" count="0" type="cond" truecount="0" falsecount="4"/>
          <line num="977" count="0" type="stmt"/>
          <line num="979" count="0" type="cond" truecount="0" falsecount="2"/>
          <line num="980" count="0" type="stmt"/>
          <line num="983" count="0" type="stmt"/>
          <line num="984" count="0" type="cond" truecount="0" falsecount="2"/>
          <line num="985" count="0" type="cond" truecount="0" falsecount="2"/>
          <line num="986" count="0" type="stmt"/>
          <line num="989" count="0" type="cond" truecount="0" falsecount="5"/>
          <line num="990" count="0" type="cond" truecount="0" falsecount="2"/>
          <line num="991" count="0" type="stmt"/>
          <line num="994" count="0" type="stmt"/>
          <line num="997" count="0" type="stmt"/>
          <line num="1003" count="0" type="stmt"/>
          <line num="1004" count="0" type="stmt"/>
          <line num="1005" count="0" type="cond" truecount="0" falsecount="2"/>
          <line num="1008" count="0" type="cond" truecount="0" falsecount="4"/>
          <line num="1009" count="0" type="stmt"/>
          <line num="1011" count="0" type="stmt"/>
          <line num="1013" count="0" type="stmt"/>
          <line num="1014" count="0" type="stmt"/>
          <line num="1015" count="0" type="stmt"/>
          <line num="1016" count="0" type="stmt"/>
          <line num="1017" count="0" type="cond" truecount="0" falsecount="2"/>
          <line num="1020" count="0" type="stmt"/>
          <line num="1021" count="0" type="stmt"/>
          <line num="1023" count="0" type="stmt"/>
          <line num="1024" count="0" type="cond" truecount="0" falsecount="2"/>
          <line num="1025" count="0" type="cond" truecount="0" falsecount="2"/>
          <line num="1026" count="0" type="cond" truecount="0" falsecount="2"/>
          <line num="1027" count="0" type="stmt"/>
          <line num="1030" count="0" type="stmt"/>
          <line num="1032" count="0" type="stmt"/>
          <line num="1033" count="0" type="stmt"/>
          <line num="1034" count="0" type="stmt"/>
          <line num="1040" count="0" type="stmt"/>
          <line num="1041" count="0" type="stmt"/>
          <line num="1042" count="0" type="cond" truecount="0" falsecount="2"/>
          <line num="1043" count="0" type="stmt"/>
          <line num="1045" count="0" type="stmt"/>
          <line num="1046" count="0" type="stmt"/>
          <line num="1047" count="0" type="stmt"/>
          <line num="1048" count="0" type="stmt"/>
          <line num="1049" count="0" type="stmt"/>
          <line num="1054" count="0" type="stmt"/>
          <line num="1055" count="0" type="cond" truecount="0" falsecount="2"/>
          <line num="1056" count="0" type="cond" truecount="0" falsecount="2"/>
          <line num="1057" count="0" type="cond" truecount="0" falsecount="2"/>
          <line num="1058" count="0" type="stmt"/>
          <line num="1062" count="0" type="stmt"/>
          <line num="1064" count="0" type="cond" truecount="0" falsecount="8"/>
          <line num="1065" count="0" type="cond" truecount="0" falsecount="4"/>
          <line num="1066" count="0" type="stmt"/>
          <line num="1068" count="0" type="stmt"/>
          <line num="1069" count="0" type="stmt"/>
          <line num="1070" count="0" type="cond" truecount="0" falsecount="2"/>
          <line num="1071" count="0" type="stmt"/>
          <line num="1072" count="0" type="cond" truecount="0" falsecount="7"/>
          <line num="1073" count="0" type="stmt"/>
          <line num="1074" count="0" type="stmt"/>
          <line num="1077" count="0" type="cond" truecount="0" falsecount="2"/>
          <line num="1078" count="0" type="stmt"/>
          <line num="1079" count="0" type="stmt"/>
          <line num="1080" count="0" type="stmt"/>
          <line num="1081" count="0" type="stmt"/>
          <line num="1086" count="0" type="stmt"/>
          <line num="1087" count="0" type="stmt"/>
          <line num="1088" count="0" type="cond" truecount="0" falsecount="2"/>
          <line num="1089" count="0" type="stmt"/>
          <line num="1090" count="0" type="stmt"/>
          <line num="1091" count="0" type="stmt"/>
          <line num="1102" count="0" type="stmt"/>
          <line num="1103" count="0" type="stmt"/>
          <line num="1104" count="0" type="stmt"/>
          <line num="1105" count="0" type="stmt"/>
          <line num="1111" count="0" type="stmt"/>
          <line num="1112" count="0" type="stmt"/>
          <line num="1119" count="0" type="stmt"/>
          <line num="1120" count="0" type="stmt"/>
          <line num="1128" count="0" type="stmt"/>
          <line num="1129" count="0" type="cond" truecount="0" falsecount="4"/>
          <line num="1139" count="0" type="stmt"/>
          <line num="1140" count="0" type="stmt"/>
          <line num="1148" count="0" type="stmt"/>
          <line num="1149" count="0" type="stmt"/>
          <line num="1156" count="0" type="stmt"/>
          <line num="1157" count="0" type="stmt"/>
          <line num="1165" count="0" type="stmt"/>
          <line num="1166" count="0" type="stmt"/>
          <line num="1170" count="0" type="stmt"/>
          <line num="1171" count="0" type="stmt"/>
          <line num="1172" count="0" type="stmt"/>
          <line num="1173" count="0" type="stmt"/>
          <line num="1174" count="0" type="stmt"/>
          <line num="1181" count="0" type="stmt"/>
          <line num="1182" count="0" type="cond" truecount="0" falsecount="2"/>
          <line num="1183" count="0" type="stmt"/>
          <line num="1185" count="0" type="stmt"/>
          <line num="1186" count="0" type="stmt"/>
          <line num="1187" count="0" type="stmt"/>
          <line num="1194" count="0" type="stmt"/>
          <line num="1195" count="0" type="cond" truecount="0" falsecount="4"/>
          <line num="1196" count="0" type="stmt"/>
          <line num="1197" count="0" type="stmt"/>
          <line num="1199" count="0" type="stmt"/>
          <line num="1207" count="0" type="stmt"/>
          <line num="1208" count="0" type="cond" truecount="0" falsecount="2"/>
          <line num="1209" count="0" type="stmt"/>
          <line num="1211" count="0" type="stmt"/>
          <line num="1212" count="0" type="stmt"/>
          <line num="1213" count="0" type="stmt"/>
          <line num="1220" count="0" type="stmt"/>
          <line num="1221" count="0" type="cond" truecount="0" falsecount="2"/>
          <line num="1222" count="0" type="stmt"/>
          <line num="1224" count="0" type="cond" truecount="0" falsecount="2"/>
          <line num="1225" count="0" type="cond" truecount="0" falsecount="2"/>
          <line num="1227" count="0" type="cond" truecount="0" falsecount="2"/>
          <line num="1234" count="0" type="stmt"/>
          <line num="1235" count="0" type="stmt"/>
          <line num="1236" count="0" type="stmt"/>
          <line num="1244" count="0" type="stmt"/>
          <line num="1245" count="0" type="stmt"/>
          <line num="1256" count="0" type="stmt"/>
          <line num="1257" count="0" type="cond" truecount="0" falsecount="2"/>
          <line num="1258" count="0" type="stmt"/>
          <line num="1260" count="0" type="stmt"/>
          <line num="1261" count="0" type="cond" truecount="0" falsecount="2"/>
          <line num="1262" count="0" type="cond" truecount="0" falsecount="2"/>
          <line num="1263" count="0" type="stmt"/>
          <line num="1273" count="0" type="stmt"/>
          <line num="1274" count="0" type="stmt"/>
          <line num="1275" count="0" type="cond" truecount="0" falsecount="2"/>
          <line num="1276" count="0" type="stmt"/>
          <line num="1278" count="0" type="stmt"/>
          <line num="1280" count="0" type="stmt"/>
          <line num="1283" count="0" type="stmt"/>
          <line num="1284" count="0" type="stmt"/>
          <line num="1285" count="0" type="stmt"/>
          <line num="1286" count="0" type="stmt"/>
          <line num="1288" count="0" type="stmt"/>
          <line num="1289" count="0" type="cond" truecount="0" falsecount="2"/>
          <line num="1290" count="0" type="cond" truecount="0" falsecount="2"/>
          <line num="1291" count="0" type="stmt"/>
          <line num="1293" count="0" type="stmt"/>
          <line num="1294" count="0" type="stmt"/>
          <line num="1297" count="0" type="cond" truecount="0" falsecount="2"/>
          <line num="1298" count="0" type="cond" truecount="0" falsecount="2"/>
          <line num="1299" count="0" type="stmt"/>
          <line num="1301" count="0" type="stmt"/>
          <line num="1302" count="0" type="stmt"/>
          <line num="1307" count="0" type="stmt"/>
          <line num="1309" count="0" type="stmt"/>
          <line num="1310" count="0" type="stmt"/>
          <line num="1311" count="0" type="cond" truecount="0" falsecount="2"/>
          <line num="1312" count="0" type="stmt"/>
          <line num="1318" count="0" type="stmt"/>
          <line num="1319" count="0" type="stmt"/>
          <line num="1320" count="0" type="stmt"/>
          <line num="1321" count="0" type="stmt"/>
          <line num="1322" count="0" type="stmt"/>
          <line num="1323" count="0" type="stmt"/>
          <line num="1324" count="0" type="stmt"/>
          <line num="1327" count="0" type="stmt"/>
          <line num="1332" count="0" type="stmt"/>
          <line num="1333" count="0" type="stmt"/>
          <line num="1335" count="0" type="stmt"/>
          <line num="1336" count="0" type="stmt"/>
          <line num="1337" count="0" type="stmt"/>
          <line num="1338" count="0" type="stmt"/>
          <line num="1339" count="0" type="stmt"/>
          <line num="1343" count="0" type="stmt"/>
          <line num="1345" count="0" type="stmt"/>
          <line num="1355" count="0" type="stmt"/>
          <line num="1356" count="0" type="stmt"/>
          <line num="1357" count="0" type="stmt"/>
          <line num="1358" count="0" type="cond" truecount="0" falsecount="2"/>
          <line num="1359" count="0" type="cond" truecount="0" falsecount="2"/>
          <line num="1360" count="0" type="cond" truecount="0" falsecount="2"/>
          <line num="1362" count="0" type="cond" truecount="0" falsecount="4"/>
          <line num="1363" count="0" type="stmt"/>
          <line num="1368" count="0" type="stmt"/>
          <line num="1373" count="0" type="stmt"/>
          <line num="1374" count="0" type="stmt"/>
          <line num="1376" count="0" type="stmt"/>
          <line num="1377" count="0" type="stmt"/>
          <line num="1378" count="0" type="stmt"/>
          <line num="1379" count="0" type="stmt"/>
          <line num="1381" count="0" type="cond" truecount="0" falsecount="2"/>
          <line num="1382" count="0" type="stmt"/>
          <line num="1385" count="0" type="cond" truecount="0" falsecount="5"/>
          <line num="1386" count="0" type="stmt"/>
          <line num="1387" count="0" type="cond" truecount="0" falsecount="2"/>
          <line num="1388" count="0" type="stmt"/>
          <line num="1391" count="0" type="stmt"/>
          <line num="1392" count="0" type="stmt"/>
          <line num="1393" count="0" type="cond" truecount="0" falsecount="2"/>
          <line num="1395" count="0" type="stmt"/>
          <line num="1396" count="0" type="stmt"/>
          <line num="1397" count="0" type="stmt"/>
          <line num="1399" count="0" type="stmt"/>
          <line num="1400" count="0" type="stmt"/>
          <line num="1402" count="0" type="stmt"/>
          <line num="1404" count="0" type="stmt"/>
          <line num="1406" count="0" type="cond" truecount="0" falsecount="2"/>
          <line num="1407" count="0" type="cond" truecount="0" falsecount="2"/>
          <line num="1409" count="0" type="stmt"/>
          <line num="1412" count="0" type="stmt"/>
          <line num="1413" count="0" type="stmt"/>
          <line num="1414" count="0" type="stmt"/>
          <line num="1415" count="0" type="cond" truecount="0" falsecount="2"/>
          <line num="1416" count="0" type="stmt"/>
          <line num="1422" count="0" type="cond" truecount="0" falsecount="5"/>
          <line num="1423" count="0" type="stmt"/>
          <line num="1424" count="0" type="stmt"/>
          <line num="1426" count="0" type="stmt"/>
          <line num="1427" count="0" type="stmt"/>
          <line num="1428" count="0" type="stmt"/>
          <line num="1429" count="0" type="cond" truecount="0" falsecount="2"/>
          <line num="1430" count="0" type="cond" truecount="0" falsecount="2"/>
          <line num="1432" count="0" type="stmt"/>
          <line num="1434" count="0" type="stmt"/>
          <line num="1435" count="0" type="stmt"/>
          <line num="1436" count="0" type="stmt"/>
          <line num="1437" count="0" type="stmt"/>
          <line num="1440" count="0" type="stmt"/>
          <line num="1441" count="0" type="stmt"/>
          <line num="1442" count="0" type="stmt"/>
          <line num="1443" count="0" type="stmt"/>
          <line num="1445" count="0" type="stmt"/>
          <line num="1446" count="0" type="stmt"/>
          <line num="1447" count="0" type="stmt"/>
          <line num="1448" count="0" type="cond" truecount="0" falsecount="2"/>
          <line num="1450" count="0" type="stmt"/>
          <line num="1452" count="0" type="stmt"/>
          <line num="1453" count="0" type="cond" truecount="0" falsecount="2"/>
          <line num="1455" count="0" type="stmt"/>
          <line num="1457" count="0" type="stmt"/>
          <line num="1458" count="0" type="stmt"/>
          <line num="1461" count="0" type="cond" truecount="0" falsecount="5"/>
          <line num="1462" count="0" type="stmt"/>
          <line num="1463" count="0" type="stmt"/>
          <line num="1464" count="0" type="stmt"/>
          <line num="1465" count="0" type="stmt"/>
          <line num="1467" count="0" type="stmt"/>
          <line num="1468" count="0" type="stmt"/>
          <line num="1469" count="0" type="stmt"/>
          <line num="1470" count="0" type="cond" truecount="0" falsecount="2"/>
          <line num="1472" count="0" type="stmt"/>
          <line num="1473" count="0" type="cond" truecount="0" falsecount="2"/>
          <line num="1474" count="0" type="stmt"/>
          <line num="1475" count="0" type="stmt"/>
          <line num="1478" count="0" type="cond" truecount="0" falsecount="2"/>
          <line num="1479" count="0" type="stmt"/>
          <line num="1480" count="0" type="stmt"/>
          <line num="1481" count="0" type="stmt"/>
          <line num="1482" count="0" type="stmt"/>
          <line num="1486" count="0" type="stmt"/>
          <line num="1487" count="0" type="stmt"/>
          <line num="1488" count="0" type="cond" truecount="0" falsecount="2"/>
          <line num="1489" count="0" type="stmt"/>
          <line num="1491" count="0" type="cond" truecount="0" falsecount="4"/>
          <line num="1492" count="0" type="stmt"/>
          <line num="1494" count="0" type="stmt"/>
          <line num="1497" count="0" type="cond" truecount="0" falsecount="2"/>
          <line num="1498" count="0" type="stmt"/>
          <line num="1501" count="0" type="stmt"/>
          <line num="1502" count="0" type="stmt"/>
          <line num="1503" count="0" type="stmt"/>
          <line num="1504" count="0" type="cond" truecount="0" falsecount="4"/>
          <line num="1505" count="0" type="stmt"/>
          <line num="1506" count="0" type="stmt"/>
          <line num="1510" count="0" type="cond" truecount="0" falsecount="3"/>
          <line num="1512" count="0" type="stmt"/>
          <line num="1513" count="0" type="stmt"/>
          <line num="1514" count="0" type="stmt"/>
          <line num="1517" count="0" type="stmt"/>
          <line num="1518" count="0" type="stmt"/>
          <line num="1521" count="0" type="stmt"/>
          <line num="1522" count="0" type="cond" truecount="0" falsecount="2"/>
          <line num="1523" count="0" type="stmt"/>
          <line num="1525" count="0" type="stmt"/>
          <line num="1526" count="0" type="stmt"/>
          <line num="1527" count="0" type="stmt"/>
          <line num="1528" count="0" type="cond" truecount="0" falsecount="4"/>
          <line num="1529" count="0" type="stmt"/>
          <line num="1532" count="0" type="stmt"/>
          <line num="1533" count="0" type="stmt"/>
          <line num="1534" count="0" type="stmt"/>
          <line num="1535" count="0" type="stmt"/>
          <line num="1537" count="0" type="stmt"/>
          <line num="1539" count="0" type="cond" truecount="0" falsecount="9"/>
          <line num="1540" count="0" type="stmt"/>
          <line num="1546" count="0" type="stmt"/>
          <line num="1547" count="0" type="stmt"/>
          <line num="1548" count="0" type="stmt"/>
          <line num="1549" count="0" type="stmt"/>
          <line num="1550" count="0" type="cond" truecount="0" falsecount="2"/>
          <line num="1551" count="0" type="stmt"/>
          <line num="1552" count="0" type="stmt"/>
          <line num="1562" count="0" type="stmt"/>
          <line num="1563" count="0" type="stmt"/>
          <line num="1564" count="0" type="stmt"/>
          <line num="1565" count="0" type="stmt"/>
          <line num="1566" count="0" type="stmt"/>
          <line num="1567" count="0" type="stmt"/>
          <line num="1568" count="0" type="stmt"/>
          <line num="1570" count="0" type="cond" truecount="0" falsecount="2"/>
          <line num="1571" count="0" type="stmt"/>
          <line num="1572" count="0" type="stmt"/>
          <line num="1574" count="0" type="stmt"/>
          <line num="1577" count="0" type="stmt"/>
          <line num="1578" count="0" type="cond" truecount="0" falsecount="5"/>
          <line num="1579" count="0" type="stmt"/>
          <line num="1580" count="0" type="stmt"/>
          <line num="1581" count="0" type="stmt"/>
          <line num="1582" count="0" type="stmt"/>
          <line num="1583" count="0" type="stmt"/>
          <line num="1584" count="0" type="stmt"/>
          <line num="1586" count="0" type="stmt"/>
          <line num="1593" count="0" type="stmt"/>
          <line num="1609" count="0" type="stmt"/>
          <line num="1610" count="0" type="stmt"/>
          <line num="1611" count="0" type="stmt"/>
          <line num="1612" count="0" type="cond" truecount="0" falsecount="4"/>
          <line num="1613" count="0" type="stmt"/>
          <line num="1614" count="0" type="stmt"/>
          <line num="1616" count="0" type="cond" truecount="0" falsecount="5"/>
          <line num="1617" count="0" type="stmt"/>
          <line num="1618" count="0" type="stmt"/>
          <line num="1619" count="0" type="stmt"/>
          <line num="1626" count="0" type="stmt"/>
          <line num="1642" count="0" type="stmt"/>
          <line num="1643" count="0" type="stmt"/>
          <line num="1644" count="0" type="stmt"/>
          <line num="1645" count="0" type="stmt"/>
          <line num="1647" count="0" type="stmt"/>
          <line num="1649" count="0" type="cond" truecount="0" falsecount="4"/>
          <line num="1650" count="0" type="stmt"/>
          <line num="1653" count="0" type="cond" truecount="0" falsecount="4"/>
          <line num="1654" count="0" type="cond" truecount="0" falsecount="4"/>
          <line num="1655" count="0" type="cond" truecount="0" falsecount="4"/>
          <line num="1656" count="0" type="cond" truecount="0" falsecount="2"/>
          <line num="1658" count="0" type="cond" truecount="0" falsecount="2"/>
          <line num="1663" count="0" type="cond" truecount="0" falsecount="2"/>
          <line num="1664" count="0" type="stmt"/>
          <line num="1665" count="0" type="stmt"/>
          <line num="1667" count="0" type="stmt"/>
          <line num="1668" count="0" type="stmt"/>
          <line num="1669" count="0" type="stmt"/>
          <line num="1672" count="0" type="cond" truecount="0" falsecount="4"/>
          <line num="1673" count="0" type="stmt"/>
          <line num="1675" count="0" type="stmt"/>
          <line num="1681" count="0" type="stmt"/>
          <line num="1696" count="0" type="stmt"/>
          <line num="1699" count="0" type="stmt"/>
          <line num="1700" count="0" type="stmt"/>
          <line num="1701" count="0" type="stmt"/>
          <line num="1702" count="0" type="stmt"/>
          <line num="1704" count="0" type="cond" truecount="0" falsecount="2"/>
          <line num="1705" count="0" type="stmt"/>
          <line num="1707" count="0" type="stmt"/>
          <line num="1708" count="0" type="cond" truecount="0" falsecount="6"/>
          <line num="1709" count="0" type="stmt"/>
          <line num="1711" count="0" type="cond" truecount="0" falsecount="4"/>
          <line num="1712" count="0" type="cond" truecount="0" falsecount="5"/>
          <line num="1713" count="0" type="cond" truecount="0" falsecount="4"/>
          <line num="1714" count="0" type="stmt"/>
          <line num="1715" count="0" type="stmt"/>
          <line num="1716" count="0" type="stmt"/>
          <line num="1717" count="0" type="stmt"/>
          <line num="1720" count="0" type="stmt"/>
          <line num="1721" count="0" type="stmt"/>
          <line num="1722" count="0" type="stmt"/>
          <line num="1724" count="0" type="stmt"/>
          <line num="1730" count="0" type="stmt"/>
          <line num="1748" count="0" type="stmt"/>
          <line num="1750" count="0" type="stmt"/>
          <line num="1751" count="0" type="stmt"/>
          <line num="1752" count="0" type="stmt"/>
          <line num="1753" count="0" type="stmt"/>
          <line num="1755" count="0" type="stmt"/>
          <line num="1756" count="0" type="stmt"/>
          <line num="1757" count="0" type="stmt"/>
          <line num="1759" count="0" type="stmt"/>
          <line num="1761" count="0" type="cond" truecount="0" falsecount="2"/>
          <line num="1762" count="0" type="stmt"/>
          <line num="1764" count="0" type="stmt"/>
          <line num="1767" count="0" type="stmt"/>
          <line num="1768" count="0" type="stmt"/>
          <line num="1774" count="0" type="stmt"/>
          <line num="1791" count="0" type="stmt"/>
          <line num="1793" count="0" type="stmt"/>
          <line num="1794" count="0" type="stmt"/>
          <line num="1795" count="0" type="stmt"/>
          <line num="1796" count="0" type="stmt"/>
          <line num="1798" count="0" type="cond" truecount="0" falsecount="2"/>
          <line num="1799" count="0" type="cond" truecount="0" falsecount="2"/>
          <line num="1800" count="0" type="stmt"/>
          <line num="1801" count="0" type="stmt"/>
          <line num="1802" count="0" type="stmt"/>
          <line num="1805" count="0" type="stmt"/>
          <line num="1807" count="0" type="stmt"/>
          <line num="1810" count="0" type="cond" truecount="0" falsecount="2"/>
          <line num="1811" count="0" type="cond" truecount="0" falsecount="2"/>
          <line num="1812" count="0" type="stmt"/>
          <line num="1814" count="0" type="stmt"/>
          <line num="1820" count="0" type="stmt"/>
          <line num="1836" count="0" type="stmt"/>
          <line num="1837" count="0" type="stmt"/>
          <line num="1838" count="0" type="stmt"/>
          <line num="1839" count="0" type="stmt"/>
          <line num="1840" count="0" type="stmt"/>
          <line num="1842" count="0" type="stmt"/>
          <line num="1844" count="0" type="cond" truecount="0" falsecount="2"/>
          <line num="1845" count="0" type="cond" truecount="0" falsecount="2"/>
          <line num="1846" count="0" type="stmt"/>
          <line num="1848" count="0" type="cond" truecount="0" falsecount="2"/>
          <line num="1849" count="0" type="stmt"/>
          <line num="1850" count="0" type="stmt"/>
          <line num="1852" count="0" type="stmt"/>
          <line num="1853" count="0" type="stmt"/>
          <line num="1854" count="0" type="stmt"/>
          <line num="1855" count="0" type="cond" truecount="0" falsecount="2"/>
          <line num="1856" count="0" type="stmt"/>
          <line num="1857" count="0" type="cond" truecount="0" falsecount="2"/>
          <line num="1858" count="0" type="stmt"/>
          <line num="1859" count="0" type="stmt"/>
          <line num="1861" count="0" type="cond" truecount="0" falsecount="2"/>
          <line num="1862" count="0" type="stmt"/>
          <line num="1863" count="0" type="stmt"/>
          <line num="1865" count="0" type="cond" truecount="0" falsecount="2"/>
          <line num="1866" count="0" type="stmt"/>
          <line num="1869" count="0" type="stmt"/>
          <line num="1872" count="0" type="cond" truecount="0" falsecount="5"/>
          <line num="1873" count="0" type="stmt"/>
          <line num="1874" count="0" type="stmt"/>
          <line num="1876" count="0" type="stmt"/>
          <line num="1882" count="0" type="stmt"/>
          <line num="1896" count="0" type="stmt"/>
          <line num="1897" count="0" type="stmt"/>
          <line num="1914" count="0" type="stmt"/>
          <line num="1915" count="0" type="stmt"/>
          <line num="1916" count="0" type="stmt"/>
          <line num="1918" count="0" type="stmt"/>
          <line num="1924" count="0" type="stmt"/>
          <line num="1925" count="0" type="cond" truecount="0" falsecount="2"/>
          <line num="1926" count="0" type="stmt"/>
          <line num="1927" count="0" type="stmt"/>
          <line num="1928" count="0" type="cond" truecount="0" falsecount="2"/>
          <line num="1929" count="0" type="cond" truecount="0" falsecount="2"/>
          <line num="1930" count="0" type="stmt"/>
          <line num="1931" count="0" type="stmt"/>
          <line num="1935" count="0" type="stmt"/>
          <line num="1942" count="0" type="stmt"/>
          <line num="1943" count="0" type="stmt"/>
          <line num="1948" count="0" type="stmt"/>
          <line num="1952" count="0" type="stmt"/>
          <line num="1953" count="0" type="cond" truecount="0" falsecount="2"/>
          <line num="1954" count="0" type="cond" truecount="0" falsecount="4"/>
          <line num="1956" count="0" type="stmt"/>
          <line num="1960" count="0" type="stmt"/>
          <line num="1961" count="0" type="stmt"/>
          <line num="1962" count="0" type="stmt"/>
          <line num="1963" count="0" type="cond" truecount="0" falsecount="2"/>
          <line num="1964" count="0" type="cond" truecount="0" falsecount="2"/>
          <line num="1965" count="0" type="stmt"/>
          <line num="1967" count="0" type="cond" truecount="0" falsecount="2"/>
          <line num="1968" count="0" type="stmt"/>
          <line num="1970" count="0" type="stmt"/>
          <line num="1971" count="0" type="stmt"/>
          <line num="1972" count="0" type="stmt"/>
          <line num="1973" count="0" type="stmt"/>
          <line num="1974" count="0" type="cond" truecount="0" falsecount="2"/>
          <line num="1975" count="0" type="stmt"/>
          <line num="1976" count="0" type="stmt"/>
          <line num="1977" count="0" type="stmt"/>
          <line num="1979" count="0" type="cond" truecount="0" falsecount="2"/>
          <line num="1983" count="0" type="stmt"/>
          <line num="1984" count="0" type="cond" truecount="0" falsecount="2"/>
          <line num="1985" count="0" type="cond" truecount="0" falsecount="2"/>
          <line num="1986" count="0" type="stmt"/>
          <line num="1987" count="0" type="stmt"/>
          <line num="1988" count="0" type="stmt"/>
          <line num="1992" count="0" type="stmt"/>
          <line num="1993" count="0" type="stmt"/>
          <line num="1994" count="0" type="cond" truecount="0" falsecount="2"/>
          <line num="1995" count="0" type="stmt"/>
          <line num="1996" count="0" type="stmt"/>
          <line num="2000" count="0" type="stmt"/>
          <line num="2001" count="0" type="stmt"/>
          <line num="2002" count="0" type="stmt"/>
          <line num="2003" count="0" type="cond" truecount="0" falsecount="2"/>
          <line num="2004" count="0" type="stmt"/>
          <line num="2008" count="0" type="stmt"/>
          <line num="2009" count="0" type="cond" truecount="0" falsecount="2"/>
          <line num="2010" count="0" type="stmt"/>
          <line num="2014" count="0" type="stmt"/>
          <line num="2016" count="0" type="cond" truecount="0" falsecount="2"/>
          <line num="2017" count="0" type="stmt"/>
          <line num="2021" count="0" type="stmt"/>
          <line num="2023" count="0" type="cond" truecount="0" falsecount="2"/>
          <line num="2024" count="0" type="stmt"/>
          <line num="2025" count="0" type="stmt"/>
          <line num="2026" count="0" type="stmt"/>
          <line num="2027" count="0" type="cond" truecount="0" falsecount="2"/>
          <line num="2028" count="0" type="stmt"/>
          <line num="2029" count="0" type="cond" truecount="0" falsecount="2"/>
          <line num="2030" count="0" type="stmt"/>
          <line num="2042" count="0" type="stmt"/>
          <line num="2043" count="0" type="stmt"/>
          <line num="2095" count="0" type="stmt"/>
          <line num="2103" count="0" type="cond" truecount="0" falsecount="2"/>
          <line num="2104" count="0" type="stmt"/>
          <line num="2107" count="0" type="stmt"/>
          <line num="2109" count="0" type="stmt"/>
          <line num="2110" count="0" type="stmt"/>
          <line num="2116" count="0" type="stmt"/>
          <line num="2117" count="0" type="stmt"/>
          <line num="2128" count="0" type="stmt"/>
          <line num="2129" count="0" type="stmt"/>
          <line num="2136" count="0" type="stmt"/>
          <line num="2137" count="0" type="stmt"/>
          <line num="2147" count="0" type="stmt"/>
          <line num="2148" count="0" type="cond" truecount="0" falsecount="2"/>
          <line num="2149" count="0" type="stmt"/>
          <line num="2150" count="0" type="stmt"/>
          <line num="2153" count="0" type="stmt"/>
          <line num="2154" count="0" type="stmt"/>
          <line num="2157" count="0" type="stmt"/>
          <line num="2166" count="0" type="stmt"/>
          <line num="2167" count="0" type="cond" truecount="0" falsecount="2"/>
          <line num="2168" count="0" type="cond" truecount="0" falsecount="2"/>
          <line num="2169" count="0" type="stmt"/>
          <line num="2170" count="0" type="cond" truecount="0" falsecount="4"/>
          <line num="2171" count="0" type="stmt"/>
          <line num="2172" count="0" type="stmt"/>
          <line num="2173" count="0" type="cond" truecount="0" falsecount="4"/>
          <line num="2174" count="0" type="cond" truecount="0" falsecount="2"/>
          <line num="2176" count="0" type="stmt"/>
          <line num="2185" count="0" type="stmt"/>
          <line num="2186" count="0" type="cond" truecount="0" falsecount="2"/>
          <line num="2187" count="0" type="stmt"/>
          <line num="2188" count="0" type="cond" truecount="0" falsecount="4"/>
          <line num="2189" count="0" type="stmt"/>
          <line num="2192" count="0" type="stmt"/>
          <line num="2195" count="0" type="stmt"/>
          <line num="2196" count="0" type="cond" truecount="0" falsecount="2"/>
          <line num="2197" count="0" type="stmt"/>
          <line num="2198" count="0" type="stmt"/>
          <line num="2199" count="0" type="stmt"/>
          <line num="2200" count="0" type="stmt"/>
          <line num="2202" count="0" type="stmt"/>
          <line num="2205" count="0" type="stmt"/>
          <line num="2206" count="0" type="cond" truecount="0" falsecount="2"/>
          <line num="2207" count="0" type="cond" truecount="0" falsecount="2"/>
          <line num="2208" count="0" type="stmt"/>
          <line num="2209" count="0" type="stmt"/>
          <line num="2210" count="0" type="stmt"/>
          <line num="2211" count="0" type="stmt"/>
          <line num="2213" count="0" type="stmt"/>
          <line num="2216" count="0" type="stmt"/>
          <line num="2217" count="0" type="stmt"/>
          <line num="2218" count="0" type="stmt"/>
          <line num="2219" count="0" type="stmt"/>
          <line num="2230" count="0" type="stmt"/>
          <line num="2231" count="0" type="cond" truecount="0" falsecount="4"/>
          <line num="2232" count="0" type="stmt"/>
          <line num="2233" count="0" type="stmt"/>
          <line num="2234" count="0" type="cond" truecount="0" falsecount="2"/>
          <line num="2236" count="0" type="cond" truecount="0" falsecount="4"/>
          <line num="2237" count="0" type="stmt"/>
          <line num="2238" count="0" type="cond" truecount="0" falsecount="2"/>
          <line num="2240" count="0" type="cond" truecount="0" falsecount="2"/>
          <line num="2243" count="0" type="cond" truecount="0" falsecount="2"/>
          <line num="2245" count="0" type="cond" truecount="0" falsecount="4"/>
          <line num="2246" count="0" type="stmt"/>
          <line num="2248" count="0" type="stmt"/>
          <line num="2250" count="0" type="stmt"/>
          <line num="2252" count="0" type="cond" truecount="0" falsecount="2"/>
          <line num="2253" count="0" type="stmt"/>
          <line num="2256" count="0" type="cond" truecount="0" falsecount="2"/>
          <line num="2257" count="0" type="cond" truecount="0" falsecount="2"/>
          <line num="2258" count="0" type="stmt"/>
          <line num="2259" count="0" type="stmt"/>
          <line num="2262" count="0" type="cond" truecount="0" falsecount="2"/>
          <line num="2263" count="0" type="stmt"/>
          <line num="2265" count="0" type="cond" truecount="0" falsecount="2"/>
          <line num="2266" count="0" type="stmt"/>
          <line num="2268" count="0" type="cond" truecount="0" falsecount="2"/>
          <line num="2269" count="0" type="stmt"/>
          <line num="2272" count="0" type="cond" truecount="0" falsecount="2"/>
          <line num="2275" count="0" type="cond" truecount="0" falsecount="2"/>
          <line num="2276" count="0" type="cond" truecount="0" falsecount="2"/>
          <line num="2277" count="0" type="cond" truecount="0" falsecount="2"/>
          <line num="2278" count="0" type="stmt"/>
          <line num="2279" count="0" type="stmt"/>
          <line num="2281" count="0" type="cond" truecount="0" falsecount="2"/>
          <line num="2282" count="0" type="cond" truecount="0" falsecount="2"/>
          <line num="2284" count="0" type="stmt"/>
          <line num="2286" count="0" type="cond" truecount="0" falsecount="2"/>
          <line num="2287" count="0" type="stmt"/>
          <line num="2291" count="0" type="stmt"/>
          <line num="2292" count="0" type="cond" truecount="0" falsecount="2"/>
          <line num="2293" count="0" type="stmt"/>
          <line num="2297" count="0" type="stmt"/>
          <line num="2302" count="0" type="stmt"/>
          <line num="2305" count="0" type="stmt"/>
          <line num="2306" count="0" type="cond" truecount="0" falsecount="2"/>
          <line num="2307" count="0" type="stmt"/>
          <line num="2309" count="0" type="cond" truecount="0" falsecount="2"/>
          <line num="2310" count="0" type="stmt"/>
          <line num="2313" count="0" type="stmt"/>
          <line num="2314" count="0" type="cond" truecount="0" falsecount="2"/>
          <line num="2317" count="0" type="stmt"/>
          <line num="2319" count="0" type="stmt"/>
          <line num="2320" count="0" type="stmt"/>
          <line num="2321" count="0" type="stmt"/>
[...]
          <line num="7769" count="0" type="stmt"/>
          <line num="7770" count="0" type="stmt"/>
          <line num="7773" count="0" type="cond" truecount="0" falsecount="2"/>
          <line num="7774" count="0" type="stmt"/>
          <line num="7775" count="0" type="stmt"/>
          <line num="7776" count="0" type="stmt"/>
          <line num="7777" count="0" type="stmt"/>
          <line num="7780" count="0" type="cond" truecount="0" falsecount="2"/>
          <line num="7781" count="0" type="stmt"/>
          <line num="7782" count="0" type="stmt"/>
          <line num="7783" count="0" type="stmt"/>
          <line num="7786" count="0" type="cond" truecount="0" falsecount="2"/>
          <line num="7787" count="0" type="stmt"/>
          <line num="7788" count="0" type="stmt"/>
          <line num="7789" count="0" type="stmt"/>
          <line num="7795" count="0" type="stmt"/>
          <line num="7796" count="0" type="stmt"/>
          <line num="7797" count="0" type="cond" truecount="0" falsecount="2"/>
          <line num="7798" count="0" type="stmt"/>
          <line num="7799" count="0" type="stmt"/>
          <line num="7800" count="0" type="cond" truecount="0" falsecount="2"/>
          <line num="7801" count="0" type="stmt"/>
          <line num="7802" count="0" type="stmt"/>
          <line num="7803" count="0" type="cond" truecount="0" falsecount="2"/>
          <line num="7804" count="0" type="stmt"/>
          <line num="7807" count="0" type="stmt"/>
          <line num="7809" count="0" type="stmt"/>
          <line num="7811" count="0" type="stmt"/>
          <line num="7812" count="0" type="stmt"/>
          <line num="7814" count="0" type="cond" truecount="0" falsecount="2"/>
          <line num="7815" count="0" type="stmt"/>
          <line num="7816" count="0" type="stmt"/>
          <line num="7817" count="0" type="stmt"/>
          <line num="7818" count="0" type="stmt"/>
          <line num="7819" count="0" type="stmt"/>
          <line num="7820" count="0" type="stmt"/>
          <line num="7821" count="0" type="stmt"/>
          <line num="7822" count="0" type="stmt"/>
          <line num="7823" count="0" type="stmt"/>
          <line num="7824" count="0" type="stmt"/>
          <line num="7825" count="0" type="stmt"/>
          <line num="7826" count="0" type="cond" truecount="0" falsecount="2"/>
          <line num="7827" count="0" type="stmt"/>
          <line num="7829" count="0" type="stmt"/>
          <line num="7830" count="0" type="stmt"/>
          <line num="7833" count="0" type="stmt"/>
          <line num="7834" count="0" type="stmt"/>
          <line num="7835" count="0" type="stmt"/>
          <line num="7836" count="0" type="stmt"/>
          <line num="7839" count="0" type="cond" truecount="0" falsecount="2"/>
          <line num="7840" count="0" type="stmt"/>
          <line num="7841" count="0" type="cond" truecount="0" falsecount="2"/>
          <line num="7842" count="0" type="stmt"/>
          <line num="7844" count="0" type="stmt"/>
          <line num="7845" count="0" type="stmt"/>
          <line num="7846" count="0" type="stmt"/>
          <line num="7847" count="0" type="cond" truecount="0" falsecount="2"/>
          <line num="7851" count="0" type="stmt"/>
          <line num="7852" count="0" type="stmt"/>
          <line num="7855" count="0" type="cond" truecount="0" falsecount="2"/>
          <line num="7856" count="0" type="stmt"/>
          <line num="7857" count="0" type="stmt"/>
          <line num="7859" count="0" type="stmt"/>
          <line num="7860" count="0" type="cond" truecount="0" falsecount="2"/>
          <line num="7861" count="0" type="stmt"/>
          <line num="7867" count="0" type="stmt"/>
          <line num="7868" count="0" type="cond" truecount="0" falsecount="2"/>
          <line num="7869" count="0" type="stmt"/>
          <line num="7870" count="0" type="cond" truecount="0" falsecount="2"/>
          <line num="7872" count="0" type="stmt"/>
          <line num="7875" count="0" type="stmt"/>
          <line num="7876" count="0" type="cond" truecount="0" falsecount="2"/>
          <line num="7877" count="0" type="stmt"/>
          <line num="7879" count="0" type="stmt"/>
          <line num="7881" count="0" type="stmt"/>
          <line num="7882" count="0" type="stmt"/>
          <line num="7884" count="0" type="stmt"/>
          <line num="7885" count="0" type="stmt"/>
          <line num="7886" count="0" type="stmt"/>
          <line num="7887" count="0" type="stmt"/>
          <line num="7888" count="0" type="stmt"/>
          <line num="7889" count="0" type="stmt"/>
          <line num="7891" count="0" type="stmt"/>
          <line num="7892" count="0" type="cond" truecount="0" falsecount="2"/>
          <line num="7893" count="0" type="stmt"/>
          <line num="7894" count="0" type="stmt"/>
          <line num="7895" count="0" type="stmt"/>
          <line num="7896" count="0" type="stmt"/>
          <line num="7897" count="0" type="stmt"/>
          <line num="7900" count="0" type="stmt"/>
          <line num="7901" count="0" type="stmt"/>
          <line num="7902" count="0" type="stmt"/>
          <line num="7903" count="0" type="stmt"/>
          <line num="7906" count="0" type="cond" truecount="0" falsecount="2"/>
          <line num="7907" count="0" type="stmt"/>
          <line num="7908" count="0" type="stmt"/>
          <line num="7912" count="0" type="stmt"/>
          <line num="7915" count="0" type="stmt"/>
          <line num="7917" count="0" type="stmt"/>
          <line num="7919" count="0" type="stmt"/>
          <line num="7920" count="0" type="stmt"/>
          <line num="7921" count="0" type="stmt"/>
          <line num="7922" count="0" type="stmt"/>
          <line num="7923" count="0" type="stmt"/>
          <line num="7924" count="0" type="stmt"/>
          <line num="7925" count="0" type="cond" truecount="0" falsecount="4"/>
          <line num="7926" count="0" type="stmt"/>
          <line num="7928" count="0" type="stmt"/>
          <line num="7929" count="0" type="cond" truecount="0" falsecount="2"/>
          <line num="7930" count="0" type="stmt"/>
          <line num="7932" count="0" type="cond" truecount="0" falsecount="6"/>
          <line num="7933" count="0" type="stmt"/>
          <line num="7935" count="0" type="cond" truecount="0" falsecount="2"/>
          <line num="7936" count="0" type="stmt"/>
          <line num="7938" count="0" type="cond" truecount="0" falsecount="4"/>
          <line num="7939" count="0" type="stmt"/>
          <line num="7942" count="0" type="stmt"/>
          <line num="7943" count="0" type="cond" truecount="0" falsecount="2"/>
          <line num="7944" count="0" type="stmt"/>
          <line num="7945" count="0" type="stmt"/>
          <line num="7948" count="0" type="stmt"/>
          <line num="7949" count="0" type="stmt"/>
          <line num="7952" count="0" type="stmt"/>
          <line num="7954" count="0" type="stmt"/>
          <line num="7956" count="0" type="cond" truecount="0" falsecount="2"/>
          <line num="7958" count="0" type="stmt"/>
          <line num="7959" count="0" type="stmt"/>
          <line num="7962" count="0" type="stmt"/>
          <line num="7963" count="0" type="stmt"/>
          <line num="7964" count="0" type="stmt"/>
          <line num="7965" count="0" type="stmt"/>
          <line num="7966" count="0" type="stmt"/>
          <line num="7967" count="0" type="cond" truecount="0" falsecount="4"/>
          <line num="7968" count="0" type="stmt"/>
          <line num="7975" count="0" type="stmt"/>
          <line num="7977" count="0" type="stmt"/>
          <line num="7978" count="0" type="stmt"/>
          <line num="7979" count="0" type="stmt"/>
          <line num="7986" count="0" type="cond" truecount="0" falsecount="2"/>
          <line num="7987" count="0" type="cond" truecount="0" falsecount="2"/>
          <line num="7988" count="0" type="stmt"/>
          <line num="7990" count="0" type="stmt"/>
          <line num="7991" count="0" type="cond" truecount="0" falsecount="2"/>
          <line num="7992" count="0" type="stmt"/>
          <line num="7993" count="0" type="cond" truecount="0" falsecount="2"/>
          <line num="7994" count="0" type="stmt"/>
          <line num="7997" count="0" type="stmt"/>
          <line num="7998" count="0" type="stmt"/>
          <line num="7999" count="0" type="stmt"/>
          <line num="8000" count="0" type="cond" truecount="0" falsecount="2"/>
          <line num="8001" count="0" type="stmt"/>
          <line num="8002" count="0" type="stmt"/>
          <line num="8003" count="0" type="stmt"/>
          <line num="8004" count="0" type="stmt"/>
          <line num="8005" count="0" type="stmt"/>
          <line num="8006" count="0" type="stmt"/>
          <line num="8007" count="0" type="stmt"/>
          <line num="8009" count="0" type="stmt"/>
          <line num="8013" count="0" type="stmt"/>
          <line num="8014" count="0" type="stmt"/>
          <line num="8015" count="0" type="cond" truecount="0" falsecount="2"/>
          <line num="8016" count="0" type="stmt"/>
          <line num="8019" count="0" type="stmt"/>
          <line num="8020" count="0" type="stmt"/>
          <line num="8021" count="0" type="cond" truecount="0" falsecount="5"/>
          <line num="8022" count="0" type="stmt"/>
          <line num="8024" count="0" type="stmt"/>
          <line num="8025" count="0" type="stmt"/>
          <line num="8026" count="0" type="stmt"/>
          <line num="8027" count="0" type="cond" truecount="0" falsecount="2"/>
          <line num="8028" count="0" type="stmt"/>
          <line num="8030" count="0" type="stmt"/>
          <line num="8032" count="0" type="cond" truecount="0" falsecount="2"/>
          <line num="8033" count="0" type="stmt"/>
          <line num="8036" count="0" type="stmt"/>
          <line num="8039" count="0" type="stmt"/>
          <line num="8040" count="0" type="stmt"/>
          <line num="8041" count="0" type="stmt"/>
          <line num="8042" count="0" type="stmt"/>
          <line num="8043" count="0" type="stmt"/>
          <line num="8045" count="0" type="stmt"/>
          <line num="8046" count="0" type="cond" truecount="0" falsecount="2"/>
          <line num="8047" count="0" type="stmt"/>
          <line num="8048" count="0" type="stmt"/>
          <line num="8049" count="0" type="stmt"/>
          <line num="8050" count="0" type="cond" truecount="0" falsecount="2"/>
          <line num="8051" count="0" type="stmt"/>
          <line num="8052" count="0" type="stmt"/>
          <line num="8053" count="0" type="stmt"/>
          <line num="8054" count="0" type="stmt"/>
          <line num="8055" count="0" type="cond" truecount="0" falsecount="4"/>
          <line num="8056" count="0" type="stmt"/>
          <line num="8058" count="0" type="cond" truecount="0" falsecount="4"/>
          <line num="8059" count="0" type="stmt"/>
          <line num="8061" count="0" type="cond" truecount="0" falsecount="4"/>
          <line num="8062" count="0" type="stmt"/>
          <line num="8064" count="0" type="cond" truecount="0" falsecount="4"/>
          <line num="8065" count="0" type="cond" truecount="0" falsecount="2"/>
          <line num="8067" count="0" type="stmt"/>
          <line num="8069" count="0" type="stmt"/>
          <line num="8071" count="0" type="cond" truecount="0" falsecount="2"/>
          <line num="8073" count="0" type="stmt"/>
          <line num="8074" count="0" type="stmt"/>
          <line num="8084" count="0" type="stmt"/>
          <line num="8086" count="0" type="stmt"/>
          <line num="8087" count="0" type="cond" truecount="0" falsecount="2"/>
          <line num="8088" count="0" type="stmt"/>
          <line num="8089" count="0" type="stmt"/>
          <line num="8090" count="0" type="stmt"/>
          <line num="8091" count="0" type="stmt"/>
          <line num="8092" count="0" type="stmt"/>
          <line num="8094" count="0" type="stmt"/>
          <line num="8099" count="0" type="stmt"/>
          <line num="8100" count="0" type="cond" truecount="0" falsecount="2"/>
          <line num="8101" count="0" type="stmt"/>
          <line num="8103" count="0" type="stmt"/>
          <line num="8104" count="0" type="cond" truecount="0" falsecount="2"/>
          <line num="8105" count="0" type="cond" truecount="0" falsecount="2"/>
          <line num="8106" count="0" type="stmt"/>
          <line num="8107" count="0" type="stmt"/>
          <line num="8108" count="0" type="stmt"/>
          <line num="8109" count="0" type="stmt"/>
          <line num="8110" count="0" type="stmt"/>
          <line num="8111" count="0" type="stmt"/>
          <line num="8112" count="0" type="stmt"/>
          <line num="8118" count="0" type="stmt"/>
          <line num="8119" count="0" type="stmt"/>
          <line num="8120" count="0" type="stmt"/>
          <line num="8121" count="0" type="cond" truecount="0" falsecount="2"/>
          <line num="8122" count="0" type="stmt"/>
          <line num="8123" count="0" type="stmt"/>
          <line num="8124" count="0" type="stmt"/>
          <line num="8125" count="0" type="stmt"/>
          <line num="8128" count="0" type="stmt"/>
          <line num="8129" count="0" type="stmt"/>
          <line num="8130" count="0" type="cond" truecount="0" falsecount="2"/>
          <line num="8131" count="0" type="stmt"/>
          <line num="8132" count="0" type="stmt"/>
          <line num="8133" count="0" type="stmt"/>
          <line num="8134" count="0" type="stmt"/>
          <line num="8137" count="0" type="stmt"/>
          <line num="8138" count="0" type="stmt"/>
          <line num="8139" count="0" type="stmt"/>
          <line num="8141" count="0" type="stmt"/>
          <line num="8150" count="0" type="stmt"/>
          <line num="8151" count="0" type="stmt"/>
          <line num="8157" count="0" type="stmt"/>
          <line num="8158" count="0" type="stmt"/>
          <line num="8159" count="0" type="cond" truecount="0" falsecount="5"/>
          <line num="8160" count="0" type="cond" truecount="0" falsecount="2"/>
          <line num="8161" count="0" type="stmt"/>
          <line num="8163" count="0" type="stmt"/>
          <line num="8164" count="0" type="cond" truecount="0" falsecount="5"/>
          <line num="8165" count="0" type="stmt"/>
          <line num="8166" count="0" type="stmt"/>
          <line num="8168" count="0" type="stmt"/>
          <line num="8170" count="0" type="cond" truecount="0" falsecount="5"/>
          <line num="8171" count="0" type="stmt"/>
          <line num="8172" count="0" type="stmt"/>
          <line num="8174" count="0" type="stmt"/>
          <line num="8176" count="0" type="stmt"/>
          <line num="8183" count="0" type="stmt"/>
          <line num="8184" count="0" type="stmt"/>
          <line num="8190" count="0" type="stmt"/>
          <line num="8191" count="0" type="stmt"/>
          <line num="8195" count="0" type="stmt"/>
          <line num="8196" count="0" type="stmt"/>
          <line num="8198" count="0" type="stmt"/>
          <line num="8199" count="0" type="cond" truecount="0" falsecount="2"/>
          <line num="8200" count="0" type="stmt"/>
          <line num="8202" count="0" type="cond" truecount="0" falsecount="2"/>
          <line num="8203" count="0" type="stmt"/>
          <line num="8205" count="0" type="stmt"/>
          <line num="8206" count="0" type="cond" truecount="0" falsecount="2"/>
          <line num="8207" count="0" type="cond" truecount="0" falsecount="2"/>
          <line num="8208" count="0" type="cond" truecount="0" falsecount="2"/>
          <line num="8209" count="0" type="cond" truecount="0" falsecount="2"/>
          <line num="8210" count="0" type="stmt"/>
          <line num="8213" count="0" type="cond" truecount="0" falsecount="2"/>
          <line num="8217" count="0" type="stmt"/>
          <line num="8218" count="0" type="stmt"/>
          <line num="8229" count="0" type="stmt"/>
          <line num="8230" count="0" type="stmt"/>
          <line num="8231" count="0" type="stmt"/>
          <line num="8233" count="0" type="stmt"/>
          <line num="8234" count="0" type="stmt"/>
          <line num="8236" count="0" type="stmt"/>
          <line num="8242" count="0" type="stmt"/>
          <line num="8243" count="0" type="stmt"/>
          <line num="8244" count="0" type="stmt"/>
          <line num="8245" count="0" type="cond" truecount="0" falsecount="2"/>
          <line num="8246" count="0" type="stmt"/>
          <line num="8248" count="0" type="cond" truecount="0" falsecount="2"/>
          <line num="8249" count="0" type="stmt"/>
          <line num="8250" count="0" type="cond" truecount="0" falsecount="2"/>
          <line num="8251" count="0" type="stmt"/>
          <line num="8254" count="0" type="stmt"/>
          <line num="8255" count="0" type="cond" truecount="0" falsecount="2"/>
          <line num="8256" count="0" type="stmt"/>
          <line num="8258" count="0" type="stmt"/>
          <line num="8259" count="0" type="stmt"/>
          <line num="8261" count="0" type="stmt"/>
          <line num="8262" count="0" type="stmt"/>
          <line num="8264" count="0" type="stmt"/>
          <line num="8265" count="0" type="cond" truecount="0" falsecount="2"/>
          <line num="8266" count="0" type="stmt"/>
          <line num="8268" count="0" type="stmt"/>
          <line num="8269" count="0" type="cond" truecount="0" falsecount="2"/>
          <line num="8270" count="0" type="stmt"/>
          <line num="8271" count="0" type="stmt"/>
          <line num="8272" count="0" type="stmt"/>
          <line num="8273" count="0" type="cond" truecount="0" falsecount="2"/>
          <line num="8274" count="0" type="stmt"/>
          <line num="8275" count="0" type="stmt"/>
          <line num="8276" count="0" type="cond" truecount="0" falsecount="2"/>
          <line num="8277" count="0" type="cond" truecount="0" falsecount="4"/>
          <line num="8278" count="0" type="cond" truecount="0" falsecount="2"/>
          <line num="8279" count="0" type="stmt"/>
          <line num="8281" count="0" type="stmt"/>
          <line num="8284" count="0" type="stmt"/>
          <line num="8287" count="0" type="stmt"/>
          <line num="8288" count="0" type="cond" truecount="0" falsecount="2"/>
          <line num="8289" count="0" type="stmt"/>
          <line num="8291" count="0" type="stmt"/>
          <line num="8294" count="0" type="stmt"/>
          <line num="8295" count="0" type="stmt"/>
          <line num="8296" count="0" type="stmt"/>
          <line num="8297" count="0" type="stmt"/>
          <line num="8298" count="0" type="cond" truecount="0" falsecount="2"/>
          <line num="8299" count="0" type="stmt"/>
          <line num="8300" count="0" type="stmt"/>
          <line num="8301" count="0" type="stmt"/>
          <line num="8302" count="0" type="stmt"/>
          <line num="8308" count="0" type="cond" truecount="0" falsecount="4"/>
          <line num="8309" count="0" type="stmt"/>
          <line num="8311" count="0" type="stmt"/>
          <line num="8313" count="0" type="cond" truecount="0" falsecount="2"/>
        </file>
        <file name="mui.min.js" path="F:\webpack\demo4\hello_vue\src\lib\mui\js\mui.min.js">
          <metrics statements="4" coveredstatements="0" conditionals="3088" coveredconditionals="0" methods="633" coveredmethods="0"/>
          <line num="6" count="0" type="cond" truecount="0" falsecount="906"/>
          <line num="7" count="0" type="cond" truecount="0" falsecount="723"/>
          <line num="8" count="0" type="cond" truecount="0" falsecount="794"/>
          <line num="9" count="0" type="cond" truecount="0" falsecount="665"/>
        </file>
      </package>
    </metrics>
  </project>
</coverage>
