TN:
SF:F:\webpack\demo4\hello_vue\src\App.vue
FN:56,data
FN:62,created
FN:67,goBack
FN:92,$routePath
FNF:4
FNH:0
FNDA:0,data
FNDA:0,created
FNDA:0,goBack
FNDA:0,$routePath
DA:52,0
DA:53,0
DA:57,0
DA:64,0
DA:68,0
DA:93,0
DA:94,0
DA:96,0
LF:8
LH:0
BRDA:64,0,0,0
BRDA:64,0,1,0
BRDA:93,1,0,0
BRDA:93,1,1,0
BRF:4
BRH:0
end_of_record
TN:
SF:F:\webpack\demo4\hello_vue\src\common\plugin.js
FN:2,(anonymous_0)
FN:11,(anonymous_1)
FN:25,(anonymous_2)
FN:29,(anonymous_3)
FN:30,(anonymous_4)
FNF:5
FNH:0
FNDA:0,(anonymous_0)
FNDA:0,(anonymous_1)
FNDA:0,(anonymous_2)
FNDA:0,(anonymous_3)
FNDA:0,(anonymous_4)
DA:1,0
DA:3,0
DA:7,0
DA:8,0
DA:11,0
DA:12,0
DA:13,0
DA:15,0
DA:16,0
DA:19,0
DA:23,0
DA:24,0
DA:25,0
DA:26,0
DA:29,0
DA:30,0
DA:31,0
LF:17
LH:0
BRDA:12,0,0,0
BRDA:12,0,1,0
BRDA:15,1,0,0
BRDA:15,1,1,0
BRF:4
BRH:0
end_of_record
TN:
SF:F:\webpack\demo4\hello_vue\src\components\HelloWorld.vue
FN:10,data
FN:16,check
FNF:2
FNH:0
FNDA:0,data
FNDA:0,check
DA:11,0
DA:17,0
LF:2
LH:0
BRF:0
BRH:0
end_of_record
TN:
SF:F:\webpack\demo4\hello_vue\src\components\counter.vue
FN:12,data
FN:18,add
FN:23,remove
FNF:3
FNH:0
FNDA:0,data
FNDA:0,add
FNDA:0,remove
DA:13,0
DA:21,0
DA:24,0
LF:3
LH:0
BRF:0
BRH:0
end_of_record
TN:
SF:F:\webpack\demo4\hello_vue\src\components\goods\GoodsComment.vue
FNF:0
FNH:0
DA:8,0
LF:1
LH:0
BRF:0
BRH:0
end_of_record
TN:
SF:F:\webpack\demo4\hello_vue\src\components\goods\GoodsDesc.vue
FN:11,data
FN:16,created
FN:20,getGoodsDesc
FN:21,(anonymous_4)
FNF:4
FNH:0
FNDA:0,data
FNDA:0,created
FNDA:0,getGoodsDesc
FNDA:0,(anonymous_4)
DA:12,0
DA:17,0
DA:20,0
DA:21,0
DA:23,0
DA:24,0
LF:6
LH:0
BRDA:23,0,0,0
BRDA:23,0,1,0
BRF:2
BRH:0
end_of_record
TN:
SF:F:\webpack\demo4\hello_vue\src\components\goods\GoodsInfo.vue
FN:58,data
FN:67,created
FN:72,getLunbotu
FN:73,(anonymous_5)
FN:75,(anonymous_6)
FN:82,getGoodsInfo
FN:83,(anonymous_8)
FN:89,goDesc
FN:92,goComment
FN:95,addToShopcar
FN:105,beforeEnter
FN:108,enter
FN:126,afterEnter
FN:129,getSelectedCount
FNF:14
FNH:0
FNDA:0,data
FNDA:0,created
FNDA:0,getLunbotu
FNDA:0,(anonymous_5)
FNDA:0,(anonymous_6)
FNDA:0,getGoodsInfo
FNDA:0,(anonymous_8)
FNDA:0,goDesc
FNDA:0,goComment
FNDA:0,addToShopcar
FNDA:0,beforeEnter
FNDA:0,enter
FNDA:0,afterEnter
FNDA:0,getSelectedCount
DA:55,0
DA:56,0
DA:59,0
DA:68,0
DA:69,0
DA:72,0
DA:73,0
DA:74,0
DA:75,0
DA:76,0
DA:78,0
DA:82,0
DA:83,0
DA:84,0
DA:85,0
DA:90,0
DA:93,0
DA:96,0
DA:97,0
DA:103,0
DA:106,0
DA:109,0
DA:117,0
DA:118,0
DA:120,0
DA:121,0
DA:122,0
DA:123,0
DA:124,0
DA:127,0
DA:130,0
DA:131,0
LF:32
LH:0
BRDA:74,0,0,0
BRDA:74,0,1,0
BRDA:84,1,0,0
BRDA:84,1,1,0
BRF:4
BRH:0
end_of_record
TN:
SF:F:\webpack\demo4\hello_vue\src\components\goods\GoodsList.vue
FN:27,data
FN:33,created
FN:37,getGoodsList
FN:40,(anonymous_4)
FN:46,getmore
FN:50,goDetail
FNF:6
FNH:0
FNDA:0,data
FNDA:0,created
FNDA:0,getGoodsList
FNDA:0,(anonymous_4)
FNDA:0,getmore
FNDA:0,goDetail
DA:28,0
DA:34,0
DA:37,0
DA:40,0
DA:41,0
DA:42,0
DA:47,0
DA:48,0
DA:57,0
LF:9
LH:0
BRDA:41,0,0,0
BRDA:41,0,1,0
BRF:2
BRH:0
end_of_record
TN:
SF:F:\webpack\demo4\hello_vue\src\components\news\NewsInfo.vue
FN:19,data
FN:25,created
FN:29,getNewsInfo
FN:32,(anonymous_5)
FNF:4
FNH:0
FNDA:0,data
FNDA:0,created
FNDA:0,getNewsInfo
FNDA:0,(anonymous_5)
DA:16,0
DA:20,0
DA:26,0
DA:29,0
DA:32,0
DA:33,0
DA:35,0
DA:37,0
LF:8
LH:0
BRDA:33,0,0,0
BRDA:33,0,1,0
BRF:2
BRH:0
end_of_record
TN:
SF:F:\webpack\demo4\hello_vue\src\components\news\NewsList.vue
FN:26,data
FN:31,created
FN:35,getNewList
FN:36,(anonymous_5)
FNF:4
FNH:0
FNDA:0,data
FNDA:0,created
FNDA:0,getNewList
FNDA:0,(anonymous_5)
DA:27,0
DA:32,0
DA:35,0
DA:36,0
DA:37,0
DA:38,0
DA:41,0
LF:7
LH:0
BRDA:37,0,0,0
BRDA:37,0,1,0
BRF:2
BRH:0
end_of_record
TN:
SF:F:\webpack\demo4\hello_vue\src\components\photos\PhotoInfo.vue
FN:19,data
FN:34,created
FN:39,getPhotoInfo
FN:40,(anonymous_5)
FN:46,getThumbs
FN:47,(anonymous_7)
FN:49,(anonymous_8)
FNF:7
FNH:0
FNDA:0,data
FNDA:0,created
FNDA:0,getPhotoInfo
FNDA:0,(anonymous_5)
FNDA:0,getThumbs
FNDA:0,(anonymous_7)
FNDA:0,(anonymous_8)
DA:17,0
DA:20,0
DA:35,0
DA:36,0
DA:39,0
DA:40,0
DA:41,0
DA:42,0
DA:46,0
DA:47,0
DA:48,0
DA:49,0
DA:50,0
DA:51,0
DA:52,0
DA:55,0
LF:16
LH:0
BRDA:41,0,0,0
BRDA:41,0,1,0
BRDA:48,1,0,0
BRDA:48,1,1,0
BRF:4
BRH:0
end_of_record
TN:
SF:F:\webpack\demo4\hello_vue\src\components\photos\PhotoList.vue
FN:30,data
FN:36,created
FN:40,mounted
FN:47,getAllCategory
FN:49,(anonymous_6)
FN:56,getPhotoListByCateId
FN:58,(anonymous_8)
FNF:7
FNH:0
FNDA:0,data
FNDA:0,created
FNDA:0,mounted
FNDA:0,getAllCategory
FNDA:0,(anonymous_6)
FNDA:0,getPhotoListByCateId
FNDA:0,(anonymous_8)
DA:26,0
DA:31,0
DA:37,0
DA:38,0
DA:42,0
DA:47,0
DA:49,0
DA:50,0
DA:51,0
DA:52,0
DA:56,0
DA:58,0
DA:59,0
DA:60,0
LF:14
LH:0
BRDA:50,0,0,0
BRDA:50,0,1,0
BRDA:59,1,0,0
BRDA:59,1,1,0
BRF:4
BRH:0
end_of_record
TN:
SF:F:\webpack\demo4\hello_vue\src\components\subcomponents\comment.vue
FN:26,data
FN:33,created
FN:37,getComments
FN:38,(anonymous_5)
FN:49,getMore
FN:53,postComment
FN:57,(anonymous_8)
FNF:7
FNH:0
FNDA:0,data
FNDA:0,created
FNDA:0,getComments
FNDA:0,(anonymous_5)
FNDA:0,getMore
FNDA:0,postComment
FNDA:0,(anonymous_8)
DA:27,0
DA:34,0
DA:37,0
DA:38,0
DA:40,0
DA:42,0
DA:45,0
DA:50,0
DA:51,0
DA:53,0
DA:54,0
DA:55,0
DA:57,0
DA:59,0
DA:60,0
DA:65,0
DA:66,0
DA:68,0
LF:18
LH:0
BRDA:40,0,0,0
BRDA:40,0,1,0
BRDA:54,1,0,0
BRDA:54,1,1,0
BRDA:59,2,0,0
BRDA:59,2,1,0
BRF:6
BRH:0
end_of_record
TN:
SF:F:\webpack\demo4\hello_vue\src\components\subcomponents\goodsinfo_numbox.vue
FN:13,data
FN:18,mounted
FN:22,countChanged
FN:33,max
FNF:4
FNH:0
FNDA:0,data
FNDA:0,mounted
FNDA:0,countChanged
FNDA:0,max
DA:11,0
DA:14,0
DA:19,0
DA:24,0
DA:25,0
DA:26,0
DA:28,0
DA:34,0
LF:8
LH:0
BRDA:25,0,0,0
BRDA:25,0,1,0
BRF:2
BRH:0
end_of_record
TN:
SF:F:\webpack\demo4\hello_vue\src\components\subcomponents\shopcar_numbox.vue
FN:13,data
FN:17,mounted
FN:22,countChanged
FNF:3
FNH:0
FNDA:0,data
FNDA:0,mounted
FNDA:0,countChanged
DA:11,0
DA:14,0
DA:18,0
DA:25,0
LF:4
LH:0
BRF:0
BRH:0
end_of_record
TN:
SF:F:\webpack\demo4\hello_vue\src\components\subcomponents\switch.vue
FN:12,data
FN:17,mounted
FN:21,swicth
FNF:3
FNH:0
FNDA:0,data
FNDA:0,mounted
FNDA:0,swicth
DA:10,0
DA:13,0
DA:18,0
DA:22,0
LF:4
LH:0
BRF:0
BRH:0
end_of_record
TN:
SF:F:\webpack\demo4\hello_vue\src\components\tabbar\HomeContainer.vue
FN:39,data
FN:44,created
FN:48,getLunbotu
FN:49,(anonymous_5)
FNF:4
FNH:0
FNDA:0,data
FNDA:0,created
FNDA:0,getLunbotu
FNDA:0,(anonymous_5)
DA:37,0
DA:40,0
DA:45,0
DA:48,0
DA:49,0
DA:51,0
DA:52,0
DA:55,0
LF:8
LH:0
BRDA:51,0,0,0
BRDA:51,0,1,0
BRF:2
BRH:0
end_of_record
TN:
SF:F:\webpack\demo4\hello_vue\src\components\tabbar\ShopContainer.vue
FN:53,data
FN:58,created
FN:62,getGoodsList
FN:64,(anonymous_5)
FN:68,(anonymous_6)
FN:74,remove
FN:80,selectedChanged
FNF:7
FNH:0
FNDA:0,data
FNDA:0,created
FNDA:0,getGoodsList
FNDA:0,(anonymous_5)
FNDA:0,(anonymous_6)
FNDA:0,remove
FNDA:0,selectedChanged
DA:50,0
DA:51,0
DA:54,0
DA:59,0
DA:62,0
DA:63,0
DA:64,0
DA:65,0
DA:66,0
DA:68,0
DA:69,0
DA:70,0
DA:77,0
DA:78,0
DA:81,0
DA:82,0
LF:16
LH:0
BRDA:65,0,0,0
BRDA:65,0,1,0
BRDA:69,1,0,0
BRDA:69,1,1,0
BRF:4
BRH:0
end_of_record
TN:
SF:F:\webpack\demo4\hello_vue\src\lib\mui\js\mui.js
FN:10,(anonymous_1)
FN:18,$
FN:43,wrap
FN:60,(anonymous_4)
FN:116,(anonymous_5)
FN:126,(anonymous_6)
FN:133,(anonymous_7)
FN:140,(anonymous_8)
FN:152,(anonymous_9)
FN:158,(anonymous_10)
FN:164,(anonymous_11)
FN:171,(anonymous_12)
FN:182,(anonymous_13)
FN:191,(anonymous_14)
FN:200,(anonymous_15)
FN:204,(anonymous_16)
FN:219,(anonymous_17)
FN:225,run
FN:235,(anonymous_19)
FN:249,stop
FN:263,(anonymous_21)
FN:268,(anonymous_22)
FN:284,(anonymous_23)
FN:286,(anonymous_24)
FN:300,(anonymous_25)
FN:314,(anonymous_26)
FN:327,(anonymous_27)
FN:349,(anonymous_28)
FN:374,(anonymous_29)
FN:381,(anonymous_30)
FN:387,(anonymous_31)
FN:391,(anonymous_32)
FN:403,(anonymous_33)
FN:414,f
FN:422,cancel
FN:427,(anonymous_36)
FN:431,(anonymous_37)
FN:441,each
FN:442,(anonymous_39)
FN:453,(anonymous_40)
FN:467,(anonymous_41)
FN:468,detect
FN:472,(anonymous_43)
FN:481,(anonymous_44)
FN:491,(anonymous_45)
FN:506,(anonymous_46)
FN:517,(anonymous_47)
FN:518,detect
FN:523,(anonymous_49)
FN:528,(anonymous_50)
FN:540,(anonymous_51)
FN:564,returnTrue
FN:568,returnFalse
FN:572,compatible
FN:580,(anonymous_55)
FN:582,(anonymous_56)
FN:591,mid
FN:597,delegateFn
FN:598,(anonymous_59)
FN:612,(anonymous_60)
FN:629,(anonymous_61)
FN:636,(anonymous_62)
FN:637,(anonymous_63)
FN:650,findDelegateFn
FN:656,filterFn
FN:674,(anonymous_66)
FN:675,(anonymous_67)
FN:699,(anonymous_68)
FN:718,(anonymous_69)
FN:719,(anonymous_70)
FN:729,(anonymous_71)
FN:739,(anonymous_72)
FN:746,(anonymous_73)
FN:758,(anonymous_74)
FN:772,(anonymous_75)
FN:778,(anonymous_76)
FN:784,(anonymous_77)
FN:789,(anonymous_78)
FN:811,(anonymous_79)
FN:816,(anonymous_80)
FN:838,(anonymous_81)
FN:840,(anonymous_82)
FN:844,(anonymous_83)
FN:853,(anonymous_84)
FN:855,_CustomEvent
FN:879,(anonymous_86)
FN:884,bound
FN:904,(anonymous_88)
FN:908,get
FN:910,update
FN:911,(anonymous_91)
FN:921,(anonymous_92)
FN:924,(anonymous_93)
FN:927,(anonymous_94)
FN:930,contains
FN:933,item
FN:939,get
FN:955,(anonymous_98)
FN:958,(anonymous_99)
FN:961,(anonymous_100)
FN:967,(anonymous_101)
FN:975,(anonymous_102)
FN:983,handle
FN:1003,dispatchEvent
FN:1023,(anonymous_105)
FN:1040,(anonymous_106)
FN:1041,(anonymous_107)
FN:1054,(anonymous_108)
FN:1080,(anonymous_109)
FN:1086,(anonymous_110)
FN:1090,(anonymous_111)
FN:1102,(anonymous_112)
FN:1111,(anonymous_113)
FN:1119,(anonymous_114)
FN:1128,(anonymous_115)
FN:1139,(anonymous_116)
FN:1148,(anonymous_117)
FN:1156,(anonymous_118)
FN:1165,(anonymous_119)
FN:1181,getDistance
FN:1194,getScale
FN:1207,getAngle
FN:1220,getDirection
FN:1234,getRotation
FN:1244,getVelocity
FN:1256,detect
FN:1260,(anonymous_127)
FN:1273,hasParent
FN:1283,uniqueArray
FN:1301,sortUniqueArray
FN:1309,getMultiCenter
FN:1332,multiTouch
FN:1335,copySimpleTouchData
FN:1355,calDelta
FN:1376,calTouchData
FN:1413,calIntervalTouchData
FN:1446,convertTouches
FN:1452,getTouches
FN:1474,(anonymous_139)
FN:1517,handleTouchEvent
FN:1537,(anonymous_141)
FN:1548,(anonymous_142)
FN:1551,(anonymous_143)
FN:1562,(anonymous_144)
FN:1564,handle
FN:1609,(anonymous_146)
FN:1610,handle
FN:1642,(anonymous_148)
FN:1643,handle
FN:1696,(anonymous_150)
FN:1699,handle
FN:1748,(anonymous_152)
FN:1750,handle
FN:1756,(anonymous_154)
FN:1791,(anonymous_155)
FN:1793,handle
FN:1800,(anonymous_157)
FN:1836,(anonymous_158)
FN:1837,handle
FN:1896,(anonymous_160)
FN:1914,(anonymous_161)
FN:1924,(anonymous_162)
FN:1926,(anonymous_163)
FN:1927,(anonymous_164)
FN:1942,(anonymous_165)
FN:1951,handle
FN:1960,createIframe
FN:1982,handleScroll
FN:1986,(anonymous_169)
FN:1987,(anonymous_170)
FN:1992,(anonymous_171)
FN:2000,(anonymous_172)
FN:2024,(anonymous_173)
FN:2028,(anonymous_174)
FN:2042,(anonymous_175)
FN:2116,(anonymous_176)
FN:2128,(anonymous_177)
FN:2136,(anonymous_178)
FN:2147,(anonymous_179)
FN:2149,(anonymous_180)
FN:2153,(anonymous_181)
FN:2166,(anonymous_182)
FN:2185,(anonymous_183)
FN:2195,triggerPreload
FN:2205,trigger
FN:2230,(anonymous_186)
FN:2277,(anonymous_187)
FN:2307,showWebview
FN:2313,(anonymous_189)
FN:2319,(anonymous_190)
FN:2328,(anonymous_191)
FN:2366,(anonymous_192)
FN:2446,(anonymous_193)
FN:2466,(anonymous_194)
FN:2472,(anonymous_195)
FN:2485,(anonymous_196)
FN:2506,(anonymous_197)
FN:2552,(anonymous_198)
FN:2569,(anonymous_199)
FN:2580,(anonymous_200)
FN:2600,(anonymous_201)
FN:2614,(anonymous_202)
FN:2615,(anonymous_203)
FN:2625,(anonymous_204)
FN:2655,(anonymous_205)
FN:2661,handle
FN:2665,(anonymous_207)
FN:2668,(anonymous_208)
FN:2675,(anonymous_209)
FN:2686,(anonymous_210)
FN:2689,(anonymous_211)
FN:2717,(anonymous_212)
FN:2720,(anonymous_213)
FN:2721,(anonymous_214)
FN:2729,(anonymous_215)
FN:2732,(anonymous_216)
FN:2746,(anonymous_217)
FN:2752,(anonymous_218)
FN:2761,handle
FN:2772,(anonymous_220)
FN:2780,(anonymous_221)
FN:2787,(anonymous_222)
FN:2801,(anonymous_223)
FN:2806,handle
FN:2837,handle
FN:2846,(anonymous_226)
FN:2858,(anonymous_227)
FN:2882,(anonymous_228)
FN:2897,__back
FN:2900,__menu
FN:2904,(anonymous_231)
FN:2916,handle
FN:2917,(anonymous_233)
FN:2934,(anonymous_234)
FN:2938,handle
FN:2950,(anonymous_236)
FN:2957,(anonymous_237)
FN:3010,(anonymous_238)
FN:3026,xhr
FN:3040,ajaxBeforeSend
FN:3046,ajaxSuccess
FN:3051,ajaxError
FN:3056,ajaxComplete
FN:3060,serialize
FN:3063,(anonymous_245)
FN:3081,serializeData
FN:3098,appendQuery
FN:3104,mimeToDataType
FN:3113,parseArguments
FN:3127,(anonymous_250)
FN:3147,setHeader
FN:3172,(anonymous_252)
FN:3232,(anonymous_253)
FN:3242,(anonymous_254)
FN:3244,(anonymous_255)
FN:3250,(anonymous_256)
FN:3254,(anonymous_257)
FN:3260,(anonymous_258)
FN:3266,(anonymous_259)
FN:3276,(anonymous_260)
FN:3301,(anonymous_261)
FN:3304,(anonymous_262)
FN:3306,xhr
FN:3335,(anonymous_264)
FN:3336,(anonymous_265)
FN:3353,(anonymous_266)
FN:3357,(anonymous_267)
FN:3359,scroll
FN:3366,(anonymous_269)
FN:3373,(anonymous_270)
FN:3375,(anonymous_271)
FN:3380,(anonymous_272)
FN:3389,(anonymous_273)
FN:3391,(anonymous_274)
FN:3395,Class
FN:3396,(anonymous_276)
FN:3404,(anonymous_277)
FN:3405,(anonymous_278)
FN:3418,Class
FN:3429,(anonymous_280)
FN:3454,init
FN:3478,_init
FN:3482,_initPulldownRefresh
FN:3492,_initPullupRefresh
FN:3502,_initPocket
FN:3525,_createPocket
FN:3531,_resetPullDownLoading
FN:3541,_setCaptionClass
FN:3556,_setCaption
FN:3568,(anonymous_290)
FN:3613,(anonymous_291)
FN:3625,fn
FN:3631,fn
FN:3643,init
FN:3692,_init
FN:3697,_initParallax
FN:3705,_initIndicators
FN:3741,_initSnap
FN:3783,_getSnapX
FN:3786,_gotoPage
FN:3797,_nearestSnap
FN:3822,_initEvent
FN:3847,_handleIndicatorScrollend
FN:3848,(anonymous_304)
FN:3852,_handleIndicatorScrollstart
FN:3853,(anonymous_306)
FN:3857,_handleIndicatorRefresh
FN:3858,(anonymous_308)
FN:3862,handleEvent
FN:3910,_start
FN:3926,_getDirectionByAngle
FN:3938,_drag
FN:4039,_flick
FN:4097,_end
FN:4103,_transitionEnd
FN:4113,_scrollend
FN:4118,_resize
FN:4121,(anonymous_318)
FN:4125,_transitionTime
FN:4144,(anonymous_320)
FN:4149,_transitionTimingFunction
FN:4160,_translate
FN:4164,_clearRequestAnimationFrame
FN:4170,_updateTranslate
FN:4175,(anonymous_325)
FN:4179,_createScrollBar
FN:4195,_preventDefaultException
FN:4203,_reLayout
FN:4214,(anonymous_329)
FN:4233,_momentum
FN:4256,_getTranslateStr
FN:4263,setStopped
FN:4266,setTranslate
FN:4290,reLayout
FN:4313,resetPosition
FN:4337,_reInit
FN:4347,refresh
FN:4353,scrollTo
FN:4368,scrollToBottom
FN:4372,gotoPage
FN:4375,destroy
FN:4382,Indicator
FN:4409,handleEvent
FN:4412,transitionTime
FN:4419,transitionTimingFunction
FN:4422,refresh
FN:4464,updatePosition
FN:4500,fade
FN:4515,(anonymous_349)
FN:4524,(anonymous_350)
FN:4526,(anonymous_351)
FN:4551,(anonymous_352)
FN:4557,handleEvent
FN:4565,_scrollbottom
FN:4572,_start
FN:4582,_drag
FN:4592,_reLayout
FN:4597,resetPosition
FN:4608,pulldownLoading
FN:4619,(anonymous_360)
FN:4625,endPulldownToRefresh
FN:4631,(anonymous_362)
FN:4636,pullupLoading
FN:4644,(anonymous_364)
FN:4651,endPullupToRefresh
FN:4669,disablePullupToRefresh
FN:4674,enablePullupToRefresh
FN:4680,refresh
FN:4688,(anonymous_369)
FN:4725,(anonymous_370)
FN:4741,init
FN:4757,_init
FN:4777,_triggerSlide
FN:4798,_handleSlide
FN:4853,_handleTabShow
FN:4857,_handleIndicatorTap
FN:4865,_initEvent
FN:4872,handleEvent
FN:4885,_scrollend
FN:4889,_drag
FN:4900,_initTimer
FN:4907,(anonymous_382)
FN:4922,_fixedSlideNumber
FN:4936,_reLayout
FN:4941,_getScroll
FN:4945,_transitionEnd
FN:4953,_flick
FN:4975,_initSnap
FN:4995,_getSnapX
FN:4998,_getPage
FN:5023,_gotoItem
FN:5031,setTranslate
FN:5038,resetPosition
FN:5049,gotoItem
FN:5052,nextItem
FN:5055,prevItem
FN:5058,getSlideNumber
FN:5061,_reInit
FN:5075,refresh
FN:5084,destroy
FN:5090,(anonymous_401)
FN:5092,(anonymous_402)
FN:5113,(anonymous_403)
FN:5131,(anonymous_404)
FN:5135,(anonymous_405)
FN:5150,init
FN:5157,_init
FN:5162,(anonymous_408)
FN:5173,_initPulldownRefreshEvent
FN:5175,(anonymous_410)
FN:5186,(anonymous_411)
FN:5197,(anonymous_412)
FN:5201,(anonymous_413)
FN:5236,handleEvent
FN:5244,(anonymous_415)
FN:5250,setStopped
FN:5278,beginPulldown
FN:5280,(anonymous_418)
FN:5282,(anonymous_419)
FN:5298,pulldownLoading
FN:5301,_pulldownLoading
FN:5303,(anonymous_422)
FN:5312,endPulldown
FN:5323,endPulldownToRefresh
FN:5326,_endPulldownToRefresh
FN:5332,(anonymous_426)
FN:5337,beginPullup
FN:5346,(anonymous_428)
FN:5356,pullupLoading
FN:5359,endPullup
FN:5378,endPullupToRefresh
FN:5381,disablePullupToRefresh
FN:5386,enablePullupToRefresh
FN:5394,scrollTo
FN:5397,scrollToBottom
FN:5400,refresh
FN:5409,(anonymous_437)
FN:5458,(anonymous_438)
FN:5474,init
FN:5492,_preventDefaultException
FN:5500,refresh
FN:5545,handleEvent
FN:5700,_dispatchEvent
FN:5707,_initOffCanvasVisible
FN:5718,initEvent
FN:5721,(anonymous_446)
FN:5733,openPercentage
FN:5757,updateTranslate
FN:5778,(anonymous_449)
FN:5794,(anonymous_450)
FN:5831,(anonymous_451)
FN:5858,getTranslateX
FN:5866,isShown
FN:5888,close
FN:5899,show
FN:5922,toggle
FN:5935,findOffCanvasContainer
FN:5948,handle
FN:5971,(anonymous_459)
FN:5987,(anonymous_460)
FN:5989,(anonymous_461)
FN:6011,(anonymous_462)
FN:6021,(anonymous_463)
FN:6024,handle
FN:6055,(anonymous_465)
FN:6058,handle
FN:6077,(anonymous_467)
FN:6093,(anonymous_468)
FN:6107,handle
FN:6128,onPopoverShown
FN:6133,onPopoverHidden
FN:6140,(anonymous_472)
FN:6144,(anonymous_473)
FN:6156,removeBackdrop
FN:6159,(anonymous_475)
FN:6165,(anonymous_476)
FN:6183,togglePopover
FN:6233,setStyle
FN:6242,calPosition
FN:6312,(anonymous_480)
FN:6316,(anonymous_481)
FN:6321,(anonymous_482)
FN:6327,(anonymous_483)
FN:6331,(anonymous_484)
FN:6338,(anonymous_485)
FN:6349,(anonymous_486)
FN:6351,(anonymous_487)
FN:6368,(anonymous_488)
FN:6378,handle
FN:6399,(anonymous_490)
FN:6473,(anonymous_491)
FN:6484,handle
FN:6499,Toggle
FN:6506,(anonymous_494)
FN:6511,(anonymous_495)
FN:6519,(anonymous_496)
FN:6539,(anonymous_497)
FN:6546,(anonymous_498)
FN:6561,(anonymous_499)
FN:6566,(anonymous_500)
FN:6578,(anonymous_501)
FN:6596,(anonymous_502)
FN:6617,(anonymous_503)
FN:6619,(anonymous_504)
FN:6633,(anonymous_505)
FN:6644,(anonymous_506)
FN:6676,toggleActive
FN:6693,updateTranslate
FN:6729,(anonymous_509)
FN:6733,setTranslate
FN:6739,(anonymous_511)
FN:6781,(anonymous_512)
FN:6793,(anonymous_513)
FN:6798,handleEvent
FN:6817,drag
FN:6886,flick
FN:6891,swipeleft
FN:6896,swiperight
FN:6901,dragend
FN:6973,toggleEvents
FN:6986,(anonymous_521)
FN:7025,(anonymous_522)
FN:7050,(anonymous_523)
FN:7057,(anonymous_524)
FN:7064,radioOrCheckboxClick
FN:7091,(anonymous_526)
FN:7096,(anonymous_527)
FN:7102,(anonymous_528)
FN:7158,(anonymous_529)
FN:7162,(anonymous_530)
FN:7175,(anonymous_531)
FN:7187,(anonymous_532)
FN:7191,(anonymous_533)
FN:7204,(anonymous_534)
FN:7224,(anonymous_535)
FN:7228,(anonymous_536)
FN:7247,(anonymous_537)
FN:7270,(anonymous_538)
FN:7275,(anonymous_539)
FN:7289,(anonymous_540)
FN:7307,(anonymous_541)
FN:7314,(anonymous_542)
FN:7321,(anonymous_543)
FN:7326,isVisible
FN:7338,(anonymous_545)
FN:7354,(anonymous_546)
FN:7358,(anonymous_547)
FN:7366,createInput
FN:7369,createInner
FN:7372,createButtons
FN:7381,createPopup
FN:7385,removePopupElement
FN:7390,(anonymous_553)
FN:7410,close
FN:7435,handleEvent
FN:7444,show
FN:7449,hide
FN:7456,createAlert
FN:7476,createConfirm
FN:7496,createPrompt
FN:7522,closePopup
FN:7530,closePopups
FN:7542,(anonymous_563)
FN:7550,_findProgressbar
FN:7573,showProgressbar
FN:7614,hideProgressbar
FN:7625,(anonymous_567)
FN:7637,setProgressbar
FN:7661,(anonymous_569)
FN:7664,(anonymous_570)
FN:7670,setOptions
FN:7673,show
FN:7676,setProgress
FN:7679,hide
FN:7701,(anonymous_575)
FN:7718,findRow
FN:7726,Input
FN:7754,(anonymous_578)
FN:7758,(anonymous_579)
FN:7768,(anonymous_580)
FN:7776,(anonymous_581)
FN:7782,(anonymous_582)
FN:7788,(anonymous_583)
FN:7795,(anonymous_584)
FN:7811,(anonymous_585)
FN:7817,showTip
FN:7829,(anonymous_587)
FN:7835,(anonymous_588)
FN:7844,(anonymous_589)
FN:7845,(anonymous_590)
FN:7846,(anonymous_591)
FN:7851,(anonymous_592)
FN:7856,(anonymous_593)
FN:7859,(anonymous_594)
FN:7867,(anonymous_595)
FN:7875,(anonymous_596)
FN:7884,(anonymous_597)
FN:7891,(anonymous_598)
FN:7899,(anonymous_599)
FN:7911,(anonymous_600)
FN:7919,(anonymous_601)
FN:7921,(anonymous_602)
FN:7958,(anonymous_603)
FN:7962,(anonymous_604)
FN:7965,getColor
FN:7977,Transparent
FN:8013,(anonymous_607)
FN:8019,(anonymous_608)
FN:8039,(anonymous_609)
FN:8045,(anonymous_610)
FN:8048,(anonymous_611)
FN:8073,(anonymous_612)
FN:8084,(anonymous_613)
FN:8098,init
FN:8117,initEvent
FN:8119,(anonymous_616)
FN:8128,(anonymous_617)
FN:8137,(anonymous_618)
FN:8149,getValue
FN:8156,checkValue
FN:8182,setOption
FN:8189,setValue
FN:8195,(anonymous_623)
FN:8198,(anonymous_624)
FN:8217,(anonymous_625)
FN:8229,(anonymous_626)
FN:8242,Button
FN:8258,(anonymous_628)
FN:8261,(anonymous_629)
FN:8264,(anonymous_630)
FN:8287,(anonymous_631)
FN:8294,(anonymous_632)
FN:8296,(anonymous_633)
FNF:633
FNH:0
FNDA:0,(anonymous_1)
FNDA:0,$
FNDA:0,wrap
FNDA:0,(anonymous_4)
FNDA:0,(anonymous_5)
FNDA:0,(anonymous_6)
FNDA:0,(anonymous_7)
FNDA:0,(anonymous_8)
FNDA:0,(anonymous_9)
FNDA:0,(anonymous_10)
FNDA:0,(anonymous_11)
FNDA:0,(anonymous_12)
FNDA:0,(anonymous_13)
FNDA:0,(anonymous_14)
FNDA:0,(anonymous_15)
FNDA:0,(anonymous_16)
FNDA:0,(anonymous_17)
FNDA:0,run
FNDA:0,(anonymous_19)
FNDA:0,stop
FNDA:0,(anonymous_21)
FNDA:0,(anonymous_22)
FNDA:0,(anonymous_23)
FNDA:0,(anonymous_24)
FNDA:0,(anonymous_25)
FNDA:0,(anonymous_26)
FNDA:0,(anonymous_27)
FNDA:0,(anonymous_28)
FNDA:0,(anonymous_29)
FNDA:0,(anonymous_30)
FNDA:0,(anonymous_31)
FNDA:0,(anonymous_32)
FNDA:0,(anonymous_33)
FNDA:0,f
FNDA:0,cancel
FNDA:0,(anonymous_36)
FNDA:0,(anonymous_37)
FNDA:0,each
FNDA:0,(anonymous_39)
FNDA:0,(anonymous_40)
FNDA:0,(anonymous_41)
FNDA:0,detect
FNDA:0,(anonymous_43)
FNDA:0,(anonymous_44)
FNDA:0,(anonymous_45)
FNDA:0,(anonymous_46)
FNDA:0,(anonymous_47)
FNDA:0,detect
FNDA:0,(anonymous_49)
FNDA:0,(anonymous_50)
FNDA:0,(anonymous_51)
FNDA:0,returnTrue
FNDA:0,returnFalse
FNDA:0,compatible
FNDA:0,(anonymous_55)
FNDA:0,(anonymous_56)
FNDA:0,mid
FNDA:0,delegateFn
FNDA:0,(anonymous_59)
FNDA:0,(anonymous_60)
FNDA:0,(anonymous_61)
FNDA:0,(anonymous_62)
FNDA:0,(anonymous_63)
FNDA:0,findDelegateFn
FNDA:0,filterFn
FNDA:0,(anonymous_66)
FNDA:0,(anonymous_67)
FNDA:0,(anonymous_68)
FNDA:0,(anonymous_69)
FNDA:0,(anonymous_70)
FNDA:0,(anonymous_71)
FNDA:0,(anonymous_72)
FNDA:0,(anonymous_73)
FNDA:0,(anonymous_74)
FNDA:0,(anonymous_75)
FNDA:0,(anonymous_76)
FNDA:0,(anonymous_77)
FNDA:0,(anonymous_78)
FNDA:0,(anonymous_79)
FNDA:0,(anonymous_80)
FNDA:0,(anonymous_81)
FNDA:0,(anonymous_82)
FNDA:0,(anonymous_83)
FNDA:0,(anonymous_84)
FNDA:0,_CustomEvent
FNDA:0,(anonymous_86)
FNDA:0,bound
FNDA:0,(anonymous_88)
FNDA:0,get
FNDA:0,update
FNDA:0,(anonymous_91)
FNDA:0,(anonymous_92)
FNDA:0,(anonymous_93)
FNDA:0,(anonymous_94)
FNDA:0,contains
FNDA:0,item
FNDA:0,get
FNDA:0,(anonymous_98)
FNDA:0,(anonymous_99)
FNDA:0,(anonymous_100)
FNDA:0,(anonymous_101)
FNDA:0,(anonymous_102)
FNDA:0,handle
FNDA:0,dispatchEvent
FNDA:0,(anonymous_105)
FNDA:0,(anonymous_106)
FNDA:0,(anonymous_107)
FNDA:0,(anonymous_108)
FNDA:0,(anonymous_109)
FNDA:0,(anonymous_110)
FNDA:0,(anonymous_111)
FNDA:0,(anonymous_112)
FNDA:0,(anonymous_113)
FNDA:0,(anonymous_114)
FNDA:0,(anonymous_115)
FNDA:0,(anonymous_116)
FNDA:0,(anonymous_117)
FNDA:0,(anonymous_118)
FNDA:0,(anonymous_119)
FNDA:0,getDistance
FNDA:0,getScale
FNDA:0,getAngle
FNDA:0,getDirection
FNDA:0,getRotation
FNDA:0,getVelocity
FNDA:0,detect
FNDA:0,(anonymous_127)
FNDA:0,hasParent
FNDA:0,uniqueArray
FNDA:0,sortUniqueArray
FNDA:0,getMultiCenter
FNDA:0,multiTouch
FNDA:0,copySimpleTouchData
FNDA:0,calDelta
FNDA:0,calTouchData
FNDA:0,calIntervalTouchData
FNDA:0,convertTouches
FNDA:0,getTouches
FNDA:0,(anonymous_139)
FNDA:0,handleTouchEvent
FNDA:0,(anonymous_141)
FNDA:0,(anonymous_142)
FNDA:0,(anonymous_143)
FNDA:0,(anonymous_144)
FNDA:0,handle
FNDA:0,(anonymous_146)
FNDA:0,handle
FNDA:0,(anonymous_148)
FNDA:0,handle
FNDA:0,(anonymous_150)
FNDA:0,handle
FNDA:0,(anonymous_152)
FNDA:0,handle
FNDA:0,(anonymous_154)
FNDA:0,(anonymous_155)
FNDA:0,handle
FNDA:0,(anonymous_157)
FNDA:0,(anonymous_158)
FNDA:0,handle
FNDA:0,(anonymous_160)
FNDA:0,(anonymous_161)
FNDA:0,(anonymous_162)
FNDA:0,(anonymous_163)
FNDA:0,(anonymous_164)
FNDA:0,(anonymous_165)
FNDA:0,handle
FNDA:0,createIframe
FNDA:0,handleScroll
FNDA:0,(anonymous_169)
FNDA:0,(anonymous_170)
FNDA:0,(anonymous_171)
FNDA:0,(anonymous_172)
FNDA:0,(anonymous_173)
FNDA:0,(anonymous_174)
FNDA:0,(anonymous_175)
FNDA:0,(anonymous_176)
FNDA:0,(anonymous_177)
FNDA:0,(anonymous_178)
FNDA:0,(anonymous_179)
FNDA:0,(anonymous_180)
FNDA:0,(anonymous_181)
FNDA:0,(anonymous_182)
FNDA:0,(anonymous_183)
FNDA:0,triggerPreload
FNDA:0,trigger
FNDA:0,(anonymous_186)
FNDA:0,(anonymous_187)
FNDA:0,showWebview
FNDA:0,(anonymous_189)
FNDA:0,(anonymous_190)
FNDA:0,(anonymous_191)
FNDA:0,(anonymous_192)
FNDA:0,(anonymous_193)
FNDA:0,(anonymous_194)
FNDA:0,(anonymous_195)
FNDA:0,(anonymous_196)
FNDA:0,(anonymous_197)
FNDA:0,(anonymous_198)
FNDA:0,(anonymous_199)
FNDA:0,(anonymous_200)
FNDA:0,(anonymous_201)
FNDA:0,(anonymous_202)
FNDA:0,(anonymous_203)
FNDA:0,(anonymous_204)
FNDA:0,(anonymous_205)
FNDA:0,handle
FNDA:0,(anonymous_207)
FNDA:0,(anonymous_208)
FNDA:0,(anonymous_209)
FNDA:0,(anonymous_210)
FNDA:0,(anonymous_211)
FNDA:0,(anonymous_212)
FNDA:0,(anonymous_213)
FNDA:0,(anonymous_214)
FNDA:0,(anonymous_215)
FNDA:0,(anonymous_216)
FNDA:0,(anonymous_217)
FNDA:0,(anonymous_218)
FNDA:0,handle
FNDA:0,(anonymous_220)
FNDA:0,(anonymous_221)
FNDA:0,(anonymous_222)
FNDA:0,(anonymous_223)
FNDA:0,handle
FNDA:0,handle
FNDA:0,(anonymous_226)
FNDA:0,(anonymous_227)
FNDA:0,(anonymous_228)
FNDA:0,__back
FNDA:0,__menu
FNDA:0,(anonymous_231)
FNDA:0,handle
FNDA:0,(anonymous_233)
FNDA:0,(anonymous_234)
FNDA:0,handle
FNDA:0,(anonymous_236)
FNDA:0,(anonymous_237)
FNDA:0,(anonymous_238)
FNDA:0,xhr
FNDA:0,ajaxBeforeSend
FNDA:0,ajaxSuccess
FNDA:0,ajaxError
FNDA:0,ajaxComplete
FNDA:0,serialize
FNDA:0,(anonymous_245)
FNDA:0,serializeData
FNDA:0,appendQuery
FNDA:0,mimeToDataType
FNDA:0,parseArguments
FNDA:0,(anonymous_250)
FNDA:0,setHeader
FNDA:0,(anonymous_252)
FNDA:0,(anonymous_253)
FNDA:0,(anonymous_254)
FNDA:0,(anonymous_255)
FNDA:0,(anonymous_256)
FNDA:0,(anonymous_257)
FNDA:0,(anonymous_258)
FNDA:0,(anonymous_259)
FNDA:0,(anonymous_260)
FNDA:0,(anonymous_261)
FNDA:0,(anonymous_262)
FNDA:0,xhr
FNDA:0,(anonymous_264)
FNDA:0,(anonymous_265)
FNDA:0,(anonymous_266)
FNDA:0,(anonymous_267)
FNDA:0,scroll
FNDA:0,(anonymous_269)
FNDA:0,(anonymous_270)
FNDA:0,(anonymous_271)
FNDA:0,(anonymous_272)
FNDA:0,(anonymous_273)
FNDA:0,(anonymous_274)
FNDA:0,Class
FNDA:0,(anonymous_276)
FNDA:0,(anonymous_277)
FNDA:0,(anonymous_278)
FNDA:0,Class
FNDA:0,(anonymous_280)
FNDA:0,init
FNDA:0,_init
FNDA:0,_initPulldownRefresh
FNDA:0,_initPullupRefresh
FNDA:0,_initPocket
FNDA:0,_createPocket
FNDA:0,_resetPullDownLoading
FNDA:0,_setCaptionClass
FNDA:0,_setCaption
FNDA:0,(anonymous_290)
FNDA:0,(anonymous_291)
FNDA:0,fn
FNDA:0,fn
FNDA:0,init
FNDA:0,_init
FNDA:0,_initParallax
FNDA:0,_initIndicators
FNDA:0,_initSnap
FNDA:0,_getSnapX
FNDA:0,_gotoPage
FNDA:0,_nearestSnap
FNDA:0,_initEvent
FNDA:0,_handleIndicatorScrollend
FNDA:0,(anonymous_304)
FNDA:0,_handleIndicatorScrollstart
FNDA:0,(anonymous_306)
FNDA:0,_handleIndicatorRefresh
FNDA:0,(anonymous_308)
FNDA:0,handleEvent
FNDA:0,_start
FNDA:0,_getDirectionByAngle
FNDA:0,_drag
FNDA:0,_flick
FNDA:0,_end
FNDA:0,_transitionEnd
FNDA:0,_scrollend
FNDA:0,_resize
FNDA:0,(anonymous_318)
FNDA:0,_transitionTime
FNDA:0,(anonymous_320)
FNDA:0,_transitionTimingFunction
FNDA:0,_translate
FNDA:0,_clearRequestAnimationFrame
FNDA:0,_updateTranslate
FNDA:0,(anonymous_325)
FNDA:0,_createScrollBar
FNDA:0,_preventDefaultException
FNDA:0,_reLayout
FNDA:0,(anonymous_329)
FNDA:0,_momentum
FNDA:0,_getTranslateStr
FNDA:0,setStopped
FNDA:0,setTranslate
FNDA:0,reLayout
FNDA:0,resetPosition
FNDA:0,_reInit
FNDA:0,refresh
FNDA:0,scrollTo
FNDA:0,scrollToBottom
FNDA:0,gotoPage
FNDA:0,destroy
FNDA:0,Indicator
FNDA:0,handleEvent
FNDA:0,transitionTime
FNDA:0,transitionTimingFunction
FNDA:0,refresh
FNDA:0,updatePosition
FNDA:0,fade
FNDA:0,(anonymous_349)
FNDA:0,(anonymous_350)
FNDA:0,(anonymous_351)
FNDA:0,(anonymous_352)
FNDA:0,handleEvent
FNDA:0,_scrollbottom
FNDA:0,_start
FNDA:0,_drag
FNDA:0,_reLayout
FNDA:0,resetPosition
FNDA:0,pulldownLoading
FNDA:0,(anonymous_360)
FNDA:0,endPulldownToRefresh
FNDA:0,(anonymous_362)
FNDA:0,pullupLoading
FNDA:0,(anonymous_364)
FNDA:0,endPullupToRefresh
FNDA:0,disablePullupToRefresh
FNDA:0,enablePullupToRefresh
FNDA:0,refresh
FNDA:0,(anonymous_369)
FNDA:0,(anonymous_370)
FNDA:0,init
FNDA:0,_init
FNDA:0,_triggerSlide
FNDA:0,_handleSlide
FNDA:0,_handleTabShow
FNDA:0,_handleIndicatorTap
FNDA:0,_initEvent
FNDA:0,handleEvent
FNDA:0,_scrollend
FNDA:0,_drag
FNDA:0,_initTimer
FNDA:0,(anonymous_382)
FNDA:0,_fixedSlideNumber
FNDA:0,_reLayout
FNDA:0,_getScroll
FNDA:0,_transitionEnd
FNDA:0,_flick
FNDA:0,_initSnap
FNDA:0,_getSnapX
FNDA:0,_getPage
FNDA:0,_gotoItem
FNDA:0,setTranslate
FNDA:0,resetPosition
FNDA:0,gotoItem
FNDA:0,nextItem
FNDA:0,prevItem
FNDA:0,getSlideNumber
FNDA:0,_reInit
FNDA:0,refresh
FNDA:0,destroy
FNDA:0,(anonymous_401)
FNDA:0,(anonymous_402)
FNDA:0,(anonymous_403)
FNDA:0,(anonymous_404)
FNDA:0,(anonymous_405)
FNDA:0,init
FNDA:0,_init
FNDA:0,(anonymous_408)
FNDA:0,_initPulldownRefreshEvent
FNDA:0,(anonymous_410)
FNDA:0,(anonymous_411)
FNDA:0,(anonymous_412)
FNDA:0,(anonymous_413)
FNDA:0,handleEvent
FNDA:0,(anonymous_415)
FNDA:0,setStopped
FNDA:0,beginPulldown
FNDA:0,(anonymous_418)
FNDA:0,(anonymous_419)
FNDA:0,pulldownLoading
FNDA:0,_pulldownLoading
FNDA:0,(anonymous_422)
FNDA:0,endPulldown
FNDA:0,endPulldownToRefresh
FNDA:0,_endPulldownToRefresh
FNDA:0,(anonymous_426)
FNDA:0,beginPullup
FNDA:0,(anonymous_428)
FNDA:0,pullupLoading
FNDA:0,endPullup
FNDA:0,endPullupToRefresh
FNDA:0,disablePullupToRefresh
FNDA:0,enablePullupToRefresh
FNDA:0,scrollTo
FNDA:0,scrollToBottom
FNDA:0,refresh
FNDA:0,(anonymous_437)
FNDA:0,(anonymous_438)
FNDA:0,init
FNDA:0,_preventDefaultException
FNDA:0,refresh
FNDA:0,handleEvent
FNDA:0,_dispatchEvent
FNDA:0,_initOffCanvasVisible
FNDA:0,initEvent
FNDA:0,(anonymous_446)
FNDA:0,openPercentage
FNDA:0,updateTranslate
FNDA:0,(anonymous_449)
FNDA:0,(anonymous_450)
FNDA:0,(anonymous_451)
FNDA:0,getTranslateX
FNDA:0,isShown
FNDA:0,close
FNDA:0,show
FNDA:0,toggle
FNDA:0,findOffCanvasContainer
FNDA:0,handle
FNDA:0,(anonymous_459)
FNDA:0,(anonymous_460)
FNDA:0,(anonymous_461)
FNDA:0,(anonymous_462)
FNDA:0,(anonymous_463)
FNDA:0,handle
FNDA:0,(anonymous_465)
FNDA:0,handle
FNDA:0,(anonymous_467)
FNDA:0,(anonymous_468)
FNDA:0,handle
FNDA:0,onPopoverShown
FNDA:0,onPopoverHidden
FNDA:0,(anonymous_472)
FNDA:0,(anonymous_473)
FNDA:0,removeBackdrop
FNDA:0,(anonymous_475)
FNDA:0,(anonymous_476)
FNDA:0,togglePopover
FNDA:0,setStyle
FNDA:0,calPosition
FNDA:0,(anonymous_480)
FNDA:0,(anonymous_481)
FNDA:0,(anonymous_482)
FNDA:0,(anonymous_483)
FNDA:0,(anonymous_484)
FNDA:0,(anonymous_485)
FNDA:0,(anonymous_486)
FNDA:0,(anonymous_487)
FNDA:0,(anonymous_488)
FNDA:0,handle
FNDA:0,(anonymous_490)
FNDA:0,(anonymous_491)
FNDA:0,handle
FNDA:0,Toggle
FNDA:0,(anonymous_494)
FNDA:0,(anonymous_495)
FNDA:0,(anonymous_496)
FNDA:0,(anonymous_497)
FNDA:0,(anonymous_498)
FNDA:0,(anonymous_499)
FNDA:0,(anonymous_500)
FNDA:0,(anonymous_501)
FNDA:0,(anonymous_502)
FNDA:0,(anonymous_503)
FNDA:0,(anonymous_504)
FNDA:0,(anonymous_505)
FNDA:0,(anonymous_506)
FNDA:0,toggleActive
FNDA:0,updateTranslate
FNDA:0,(anonymous_509)
FNDA:0,setTranslate
FNDA:0,(anonymous_511)
FNDA:0,(anonymous_512)
FNDA:0,(anonymous_513)
FNDA:0,handleEvent
FNDA:0,drag
FNDA:0,flick
FNDA:0,swipeleft
FNDA:0,swiperight
FNDA:0,dragend
FNDA:0,toggleEvents
FNDA:0,(anonymous_521)
FNDA:0,(anonymous_522)
FNDA:0,(anonymous_523)
FNDA:0,(anonymous_524)
FNDA:0,radioOrCheckboxClick
FNDA:0,(anonymous_526)
FNDA:0,(anonymous_527)
FNDA:0,(anonymous_528)
FNDA:0,(anonymous_529)
FNDA:0,(anonymous_530)
FNDA:0,(anonymous_531)
FNDA:0,(anonymous_532)
FNDA:0,(anonymous_533)
FNDA:0,(anonymous_534)
FNDA:0,(anonymous_535)
FNDA:0,(anonymous_536)
FNDA:0,(anonymous_537)
FNDA:0,(anonymous_538)
FNDA:0,(anonymous_539)
FNDA:0,(anonymous_540)
FNDA:0,(anonymous_541)
FNDA:0,(anonymous_542)
FNDA:0,(anonymous_543)
FNDA:0,isVisible
FNDA:0,(anonymous_545)
FNDA:0,(anonymous_546)
FNDA:0,(anonymous_547)
FNDA:0,createInput
FNDA:0,createInner
FNDA:0,createButtons
FNDA:0,createPopup
FNDA:0,removePopupElement
FNDA:0,(anonymous_553)
FNDA:0,close
FNDA:0,handleEvent
FNDA:0,show
FNDA:0,hide
FNDA:0,createAlert
FNDA:0,createConfirm
FNDA:0,createPrompt
FNDA:0,closePopup
FNDA:0,closePopups
FNDA:0,(anonymous_563)
FNDA:0,_findProgressbar
FNDA:0,showProgressbar
FNDA:0,hideProgressbar
FNDA:0,(anonymous_567)
FNDA:0,setProgressbar
FNDA:0,(anonymous_569)
FNDA:0,(anonymous_570)
FNDA:0,setOptions
FNDA:0,show
FNDA:0,setProgress
FNDA:0,hide
FNDA:0,(anonymous_575)
FNDA:0,findRow
FNDA:0,Input
FNDA:0,(anonymous_578)
FNDA:0,(anonymous_579)
FNDA:0,(anonymous_580)
FNDA:0,(anonymous_581)
FNDA:0,(anonymous_582)
FNDA:0,(anonymous_583)
FNDA:0,(anonymous_584)
FNDA:0,(anonymous_585)
FNDA:0,showTip
FNDA:0,(anonymous_587)
FNDA:0,(anonymous_588)
FNDA:0,(anonymous_589)
FNDA:0,(anonymous_590)
FNDA:0,(anonymous_591)
FNDA:0,(anonymous_592)
FNDA:0,(anonymous_593)
FNDA:0,(anonymous_594)
FNDA:0,(anonymous_595)
FNDA:0,(anonymous_596)
FNDA:0,(anonymous_597)
FNDA:0,(anonymous_598)
FNDA:0,(anonymous_599)
FNDA:0,(anonymous_600)
FNDA:0,(anonymous_601)
FNDA:0,(anonymous_602)
FNDA:0,(anonymous_603)
FNDA:0,(anonymous_604)
FNDA:0,getColor
FNDA:0,Transparent
FNDA:0,(anonymous_607)
FNDA:0,(anonymous_608)
FNDA:0,(anonymous_609)
FNDA:0,(anonymous_610)
FNDA:0,(anonymous_611)
FNDA:0,(anonymous_612)
FNDA:0,(anonymous_613)
FNDA:0,init
FNDA:0,initEvent
FNDA:0,(anonymous_616)
FNDA:0,(anonymous_617)
FNDA:0,(anonymous_618)
FNDA:0,getValue
FNDA:0,checkValue
FNDA:0,setOption
FNDA:0,setValue
FNDA:0,(anonymous_623)
FNDA:0,(anonymous_624)
FNDA:0,(anonymous_625)
FNDA:0,(anonymous_626)
FNDA:0,Button
FNDA:0,(anonymous_628)
FNDA:0,(anonymous_629)
FNDA:0,(anonymous_630)
FNDA:0,(anonymous_631)
FNDA:0,(anonymous_632)
FNDA:0,(anonymous_633)
DA:10,0
DA:11,0
DA:12,0
DA:13,0
DA:14,0
DA:15,0
DA:16,0
DA:18,0
DA:19,0
DA:20,0
DA:21,0
DA:22,0
DA:23,0
DA:24,0
DA:26,0
DA:28,0
DA:29,0
DA:30,0
DA:31,0
DA:32,0
DA:33,0
DA:34,0
DA:35,0
DA:37,0
DA:40,0
DA:43,0
DA:44,0
DA:45,0
DA:46,0
DA:47,0
DA:50,0
DA:52,0
DA:60,0
DA:62,0
DA:63,0
DA:64,0
DA:65,0
DA:67,0
DA:68,0
DA:70,0
DA:71,0
DA:74,0
DA:75,0
DA:78,0
DA:79,0
DA:80,0
DA:83,0
DA:84,0
DA:85,0
DA:86,0
DA:87,0
DA:89,0
DA:90,0
DA:93,0
DA:94,0
DA:95,0
DA:96,0
DA:99,0
DA:102,0
DA:104,0
DA:105,0
DA:111,0
DA:116,0
DA:120,0
DA:124,0
DA:126,0
DA:127,0
DA:132,0
DA:134,0
DA:140,0
DA:141,0
DA:142,0
DA:143,0
DA:144,0
DA:146,0
DA:152,0
DA:153,0
DA:158,0
DA:159,0
DA:164,0
DA:165,0
DA:171,0
DA:172,0
DA:173,0
DA:174,0
DA:177,0
DA:182,0
DA:183,0
DA:191,0
DA:192,0
DA:193,0
DA:200,0
DA:201,0
DA:202,0
DA:204,0
DA:205,0
DA:208,0
DA:219,0
DA:221,0
DA:222,0
DA:223,0
DA:226,0
DA:227,0
DA:228,0
DA:230,0
DA:231,0
DA:232,0
DA:235,0
DA:236,0
DA:241,0
DA:243,0
DA:244,0
DA:246,0
DA:250,0
DA:251,0
DA:252,0
DA:263,0
DA:264,0
DA:265,0
DA:267,0
DA:268,0
DA:269,0
DA:272,0
DA:273,0
DA:274,0
DA:275,0
DA:278,0
DA:282,0
DA:284,0
DA:285,0
DA:286,0
DA:287,0
DA:290,0
DA:300,0
DA:301,0
DA:306,0
DA:314,0
DA:315,0
DA:316,0
DA:317,0
DA:319,0
DA:327,0
DA:328,0
DA:329,0
DA:330,0
DA:332,0
DA:333,0
DA:338,0
DA:339,0
DA:341,0
DA:349,0
DA:350,0
DA:351,0
DA:352,0
DA:353,0
DA:354,0
DA:355,0
DA:357,0
DA:358,0
DA:361,0
DA:363,0
DA:368,0
DA:369,0
DA:371,0
DA:373,0
DA:374,0
DA:375,0
DA:376,0
DA:377,0
DA:379,0
DA:380,0
DA:381,0
DA:382,0
DA:384,0
DA:385,0
DA:387,0
DA:388,0
DA:389,0
DA:391,0
DA:392,0
DA:403,0
DA:404,0
DA:405,0
DA:406,0
DA:410,0
DA:411,0
DA:414,0
DA:415,0
DA:418,0
DA:420,0
DA:423,0
DA:427,0
DA:428,0
DA:430,0
DA:431,0
DA:432,0
DA:434,0
DA:435,0
DA:440,0
DA:442,0
DA:443,0
DA:445,0
DA:452,0
DA:453,0
DA:454,0
DA:458,0
DA:467,0
DA:469,0
DA:470,0
DA:473,0
DA:474,0
DA:475,0
DA:479,0
DA:482,0
DA:483,0
DA:484,0
DA:485,0
DA:487,0
DA:489,0
DA:492,0
DA:493,0
DA:494,0
DA:495,0
DA:497,0
DA:498,0
DA:499,0
DA:500,0
DA:503,0
DA:506,0
DA:507,0
DA:510,0
DA:517,0
DA:519,0
DA:520,0
DA:521,0
DA:522,0
DA:523,0
DA:524,0
DA:526,0
DA:527,0
DA:528,0
DA:529,0
DA:534,0
DA:540,0
DA:541,0
DA:542,0
DA:543,0
DA:544,0
DA:545,0
DA:547,0
DA:548,0
DA:549,0
DA:550,0
DA:552,0
DA:553,0
DA:555,0
DA:556,0
DA:558,0
DA:564,0
DA:565,0
DA:568,0
DA:569,0
DA:572,0
DA:573,0
DA:574,0
DA:578,0
DA:580,0
DA:581,0
DA:582,0
DA:583,0
DA:584,0
DA:586,0
DA:588,0
DA:591,0
DA:592,0
DA:595,0
DA:597,0
DA:598,0
DA:600,0
DA:601,0
DA:602,0
DA:603,0
DA:604,0
DA:605,0
DA:606,0
DA:608,0
DA:609,0
DA:611,0
DA:612,0
DA:613,0
DA:614,0
DA:615,0
DA:616,0
DA:620,0
DA:621,0
DA:627,0
DA:628,0
DA:629,0
DA:630,0
DA:631,0
DA:632,0
DA:633,0
DA:634,0
DA:636,0
DA:637,0
DA:638,0
DA:639,0
DA:640,0
DA:644,0
DA:645,0
DA:650,0
DA:651,0
DA:652,0
DA:653,0
DA:654,0
DA:655,0
DA:656,0
DA:657,0
DA:659,0
DA:661,0
DA:664,0
DA:666,0
DA:674,0
DA:675,0
DA:676,0
DA:677,0
DA:678,0
DA:679,0
DA:680,0
DA:681,0
DA:682,0
DA:683,0
DA:685,0
DA:686,0
DA:687,0
DA:688,0
DA:689,0
DA:690,0
DA:692,0
DA:693,0
DA:694,0
DA:695,0
DA:696,0
DA:697,0
DA:698,0
DA:699,0
DA:700,0
DA:701,0
DA:702,0
DA:703,0
DA:704,0
DA:705,0
DA:706,0
DA:709,0
DA:718,0
DA:719,0
DA:720,0
DA:721,0
DA:722,0
DA:723,0
DA:724,0
DA:725,0
DA:726,0
DA:728,0
DA:729,0
DA:730,0
DA:731,0
DA:732,0
DA:736,0
DA:738,0
DA:739,0
DA:740,0
DA:741,0
DA:746,0
DA:747,0
DA:748,0
DA:758,0
DA:762,0
DA:766,0
DA:772,0
DA:774,0
DA:776,0
DA:778,0
DA:779,0
DA:782,0
DA:784,0
DA:785,0
DA:786,0
DA:787,0
DA:788,0
DA:789,0
DA:790,0
DA:791,0
DA:792,0
DA:793,0
DA:794,0
DA:795,0
DA:796,0
DA:800,0
DA:801,0
DA:802,0
DA:806,0
DA:807,0
DA:811,0
DA:812,0
DA:813,0
DA:814,0
DA:815,0
DA:816,0
DA:817,0
DA:818,0
DA:819,0
DA:820,0
DA:821,0
DA:822,0
DA:826,0
DA:827,0
DA:838,0
DA:839,0
DA:840,0
DA:841,0
DA:844,0
DA:845,0
DA:846,0
DA:853,0
DA:854,0
DA:855,0
DA:856,0
DA:861,0
DA:862,0
DA:863,0
DA:864,0
DA:866,0
DA:867,0
DA:869,0
DA:870,0
DA:879,0
DA:881,0
DA:883,0
DA:884,0
DA:886,0
DA:888,0
DA:890,0
DA:893,0
DA:896,0
DA:897,0
DA:904,0
DA:905,0
DA:907,0
DA:909,0
DA:911,0
DA:912,0
DA:913,0
DA:915,0
DA:916,0
DA:920,0
DA:922,0
DA:925,0
DA:928,0
DA:931,0
DA:934,0
DA:938,0
DA:940,0
DA:944,0
DA:955,0
DA:956,0
DA:957,0
DA:958,0
DA:959,0
DA:960,0
DA:961,0
DA:962,0
DA:964,0
DA:965,0
DA:967,0
DA:968,0
DA:975,0
DA:976,0
DA:977,0
DA:979,0
DA:980,0
DA:983,0
DA:984,0
DA:985,0
DA:986,0
DA:989,0
DA:990,0
DA:991,0
DA:994,0
DA:997,0
DA:1003,0
DA:1004,0
DA:1005,0
DA:1008,0
DA:1009,0
DA:1011,0
DA:1013,0
DA:1014,0
DA:1015,0
DA:1016,0
DA:1017,0
DA:1020,0
DA:1021,0
DA:1023,0
DA:1024,0
DA:1025,0
DA:1026,0
DA:1027,0
DA:1030,0
DA:1032,0
DA:1033,0
DA:1034,0
DA:1040,0
DA:1041,0
DA:1042,0
DA:1043,0
DA:1045,0
DA:1046,0
DA:1047,0
DA:1048,0
DA:1049,0
DA:1054,0
DA:1055,0
DA:1056,0
DA:1057,0
DA:1058,0
DA:1062,0
DA:1064,0
DA:1065,0
DA:1066,0
DA:1068,0
DA:1069,0
DA:1070,0
DA:1071,0
DA:1072,0
DA:1073,0
DA:1074,0
DA:1077,0
DA:1078,0
DA:1079,0
DA:1080,0
DA:1081,0
DA:1086,0
DA:1087,0
DA:1088,0
DA:1089,0
DA:1090,0
DA:1091,0
DA:1102,0
DA:1103,0
DA:1104,0
DA:1105,0
DA:1111,0
DA:1112,0
DA:1119,0
DA:1120,0
DA:1128,0
DA:1129,0
DA:1139,0
DA:1140,0
DA:1148,0
DA:1149,0
DA:1156,0
DA:1157,0
DA:1165,0
DA:1166,0
DA:1170,0
DA:1171,0
DA:1172,0
DA:1173,0
DA:1174,0
DA:1181,0
DA:1182,0
DA:1183,0
DA:1185,0
DA:1186,0
DA:1187,0
DA:1194,0
DA:1195,0
DA:1196,0
DA:1197,0
DA:1199,0
DA:1207,0
DA:1208,0
DA:1209,0
DA:1211,0
DA:1212,0
DA:1213,0
DA:1220,0
DA:1221,0
DA:1222,0
DA:1224,0
DA:1225,0
DA:1227,0
DA:1234,0
DA:1235,0
DA:1236,0
DA:1244,0
DA:1245,0
DA:1256,0
DA:1257,0
DA:1258,0
DA:1260,0
DA:1261,0
DA:1262,0
DA:1263,0
DA:1273,0
DA:1274,0
DA:1275,0
DA:1276,0
DA:1278,0
DA:1280,0
DA:1283,0
DA:1284,0
DA:1285,0
DA:1286,0
DA:1288,0
DA:1289,0
DA:1290,0
DA:1291,0
DA:1293,0
DA:1294,0
DA:1297,0
DA:1298,0
DA:1299,0
DA:1301,0
DA:1302,0
DA:1307,0
DA:1309,0
DA:1310,0
DA:1311,0
DA:1312,0
DA:1318,0
DA:1319,0
DA:1320,0
DA:1321,0
DA:1322,0
DA:1323,0
DA:1324,0
DA:1327,0
DA:1332,0
DA:1333,0
DA:1335,0
DA:1336,0
DA:1337,0
DA:1338,0
DA:1339,0
DA:1343,0
DA:1345,0
DA:1355,0
DA:1356,0
DA:1357,0
DA:1358,0
DA:1359,0
DA:1360,0
DA:1362,0
DA:1363,0
DA:1368,0
DA:1373,0
DA:1374,0
DA:1376,0
DA:1377,0
DA:1378,0
DA:1379,0
DA:1381,0
DA:1382,0
DA:1385,0
DA:1386,0
DA:1387,0
DA:1388,0
DA:1391,0
DA:1392,0
DA:1393,0
DA:1395,0
DA:1396,0
DA:1397,0
DA:1399,0
DA:1400,0
DA:1402,0
DA:1404,0
DA:1406,0
DA:1407,0
DA:1409,0
DA:1412,0
DA:1413,0
DA:1414,0
DA:1415,0
DA:1416,0
DA:1422,0
DA:1423,0
DA:1424,0
DA:1426,0
DA:1427,0
DA:1428,0
DA:1429,0
DA:1430,0
DA:1432,0
DA:1434,0
DA:1435,0
DA:1436,0
DA:1437,0
DA:1440,0
DA:1441,0
DA:1442,0
DA:1443,0
DA:1445,0
DA:1446,0
DA:1447,0
DA:1448,0
DA:1450,0
DA:1452,0
DA:1453,0
DA:1455,0
DA:1457,0
DA:1458,0
DA:1461,0
DA:1462,0
DA:1463,0
DA:1464,0
DA:1465,0
DA:1467,0
DA:1468,0
DA:1469,0
DA:1470,0
DA:1472,0
DA:1473,0
DA:1474,0
DA:1475,0
DA:1478,0
DA:1479,0
DA:1480,0
DA:1481,0
DA:1482,0
DA:1486,0
DA:1487,0
DA:1488,0
DA:1489,0
DA:1491,0
DA:1492,0
DA:1494,0
DA:1497,0
DA:1498,0
DA:1501,0
DA:1502,0
DA:1503,0
DA:1504,0
DA:1505,0
DA:1506,0
DA:1510,0
DA:1512,0
DA:1513,0
DA:1514,0
DA:1517,0
DA:1518,0
DA:1521,0
DA:1522,0
DA:1523,0
DA:1525,0
DA:1526,0
DA:1527,0
DA:1528,0
DA:1529,0
DA:1532,0
DA:1533,0
DA:1534,0
DA:1535,0
DA:1537,0
DA:1539,0
DA:1540,0
DA:1546,0
DA:1547,0
DA:1548,0
DA:1549,0
DA:1550,0
DA:1551,0
DA:1552,0
DA:1562,0
DA:1563,0
DA:1564,0
DA:1565,0
DA:1566,0
DA:1567,0
DA:1568,0
DA:1570,0
DA:1571,0
DA:1572,0
DA:1574,0
DA:1577,0
DA:1578,0
DA:1579,0
DA:1580,0
DA:1581,0
DA:1582,0
DA:1583,0
DA:1584,0
DA:1586,0
DA:1593,0
DA:1609,0
DA:1610,0
DA:1611,0
DA:1612,0
DA:1613,0
DA:1614,0
DA:1616,0
DA:1617,0
DA:1618,0
DA:1619,0
DA:1626,0
DA:1642,0
DA:1643,0
DA:1644,0
DA:1645,0
DA:1647,0
DA:1649,0
DA:1650,0
DA:1653,0
DA:1654,0
DA:1655,0
DA:1656,0
DA:1658,0
DA:1663,0
DA:1664,0
DA:1665,0
DA:1667,0
DA:1668,0
DA:1669,0
DA:1672,0
DA:1673,0
DA:1675,0
DA:1681,0
DA:1696,0
DA:1699,0
DA:1700,0
DA:1701,0
DA:1702,0
DA:1704,0
DA:1705,0
DA:1707,0
DA:1708,0
DA:1709,0
DA:1711,0
DA:1712,0
DA:1713,0
DA:1714,0
DA:1715,0
DA:1716,0
DA:1717,0
DA:1720,0
DA:1721,0
DA:1722,0
DA:1724,0
DA:1730,0
DA:1748,0
DA:1750,0
DA:1751,0
DA:1752,0
DA:1753,0
DA:1755,0
DA:1756,0
DA:1757,0
DA:1759,0
DA:1761,0
DA:1762,0
DA:1764,0
DA:1767,0
DA:1768,0
DA:1774,0
DA:1791,0
DA:1793,0
DA:1794,0
DA:1795,0
DA:1796,0
DA:1798,0
DA:1799,0
DA:1800,0
DA:1801,0
DA:1802,0
DA:1805,0
DA:1807,0
DA:1810,0
DA:1811,0
DA:1812,0
DA:1814,0
DA:1820,0
DA:1836,0
DA:1837,0
DA:1838,0
DA:1839,0
DA:1840,0
DA:1842,0
DA:1844,0
DA:1845,0
DA:1846,0
DA:1848,0
DA:1849,0
DA:1850,0
DA:1852,0
DA:1853,0
DA:1854,0
DA:1855,0
DA:1856,0
DA:1857,0
DA:1858,0
DA:1859,0
DA:1861,0
DA:1862,0
DA:1863,0
DA:1865,0
DA:1866,0
DA:1869,0
DA:1872,0
DA:1873,0
DA:1874,0
DA:1876,0
DA:1882,0
DA:1896,0
DA:1897,0
DA:1914,0
DA:1915,0
DA:1916,0
DA:1918,0
DA:1924,0
DA:1925,0
DA:1926,0
DA:1927,0
DA:1928,0
DA:1929,0
DA:1930,0
DA:1931,0
DA:1935,0
DA:1942,0
DA:1943,0
DA:1948,0
DA:1952,0
DA:1953,0
DA:1954,0
DA:1956,0
DA:1960,0
DA:1961,0
DA:1962,0
DA:1963,0
DA:1964,0
DA:1965,0
DA:1967,0
DA:1968,0
DA:1970,0
DA:1971,0
DA:1972,0
DA:1973,0
DA:1974,0
DA:1975,0
DA:1976,0
DA:1977,0
DA:1979,0
DA:1983,0
DA:1984,0
DA:1985,0
DA:1986,0
DA:1987,0
DA:1988,0
DA:1992,0
DA:1993,0
DA:1994,0
DA:1995,0
DA:1996,0
DA:2000,0
DA:2001,0
DA:2002,0
DA:2003,0
DA:2004,0
DA:2008,0
DA:2009,0
DA:2010,0
DA:2014,0
DA:2016,0
DA:2017,0
DA:2021,0
DA:2023,0
DA:2024,0
DA:2025,0
DA:2026,0
DA:2027,0
DA:2028,0
DA:2029,0
DA:2030,0
DA:2042,0
DA:2043,0
DA:2095,0
DA:2103,0
DA:2104,0
DA:2107,0
DA:2109,0
DA:2110,0
DA:2116,0
DA:2117,0
DA:2128,0
DA:2129,0
DA:2136,0
DA:2137,0
DA:2147,0
DA:2148,0
DA:2149,0
DA:2150,0
DA:2153,0
DA:2154,0
DA:2157,0
DA:2166,0
DA:2167,0
DA:2168,0
DA:2169,0
DA:2170,0
DA:2171,0
DA:2172,0
DA:2173,0
DA:2174,0
DA:2176,0
DA:2185,0
DA:2186,0
DA:2187,0
DA:2188,0
DA:2189,0
DA:2192,0
DA:2195,0
DA:2196,0
DA:2197,0
DA:2198,0
DA:2199,0
DA:2200,0
DA:2202,0
DA:2205,0
DA:2206,0
DA:2207,0
DA:2208,0
DA:2209,0
DA:2210,0
DA:2211,0
DA:2213,0
DA:2216,0
DA:2217,0
DA:2218,0
DA:2219,0
DA:2230,0
DA:2231,0
DA:2232,0
DA:2233,0
DA:2234,0
DA:2236,0
DA:2237,0
DA:2238,0
DA:2240,0
DA:2243,0
DA:2245,0
DA:2246,0
DA:2248,0
DA:2250,0
DA:2252,0
DA:2253,0
DA:2256,0
DA:2257,0
DA:2258,0
DA:2259,0
DA:2262,0
DA:2263,0
DA:2265,0
DA:2266,0
DA:2268,0
DA:2269,0
DA:2272,0
DA:2275,0
DA:2276,0
DA:2277,0
DA:2278,0
DA:2279,0
DA:2281,0
DA:2282,0
DA:2284,0
DA:2286,0
DA:2287,0
DA:2291,0
DA:2292,0
DA:2293,0
DA:2297,0
DA:2302,0
DA:2305,0
DA:2306,0
DA:2307,0
DA:2309,0
DA:2310,0
DA:2313,0
DA:2314,0
DA:2317,0
DA:2319,0
DA:2320,0
DA:2321,0
DA:2325,0
DA:2328,0
DA:2329,0
DA:2330,0
DA:2331,0
DA:2333,0
DA:2335,0
DA:2336,0
DA:2338,0
DA:2340,0
DA:2342,0
DA:2343,0
DA:2346,0
DA:2347,0
DA:2348,0
DA:2351,0
DA:2352,0
DA:2354,0
DA:2355,0
DA:2357,0
DA:2358,0
DA:2361,0
DA:2364,0
DA:2365,0
DA:2366,0
DA:2367,0
DA:2368,0
DA:2370,0
DA:2371,0
DA:2373,0
DA:2375,0
DA:2376,0
DA:2380,0
DA:2381,0
DA:2382,0
DA:2386,0
DA:2391,0
DA:2393,0
DA:2394,0
DA:2395,0
DA:2396,0
DA:2403,0
DA:2404,0
DA:2405,0
DA:2411,0
DA:2412,0
DA:2413,0
DA:2417,0
DA:2418,0
DA:2422,0
DA:2423,0
DA:2425,0
DA:2429,0
DA:2430,0
DA:2431,0
DA:2433,0
DA:2435,0
DA:2439,0
DA:2445,0
DA:2446,0
DA:2447,0
DA:2450,0
DA:2451,0
DA:2452,0
DA:2454,0
DA:2458,0
DA:2463,0
DA:2464,0
DA:2466,0
DA:2468,0
DA:2469,0
DA:2472,0
DA:2476,0
DA:2485,0
DA:2486,0
DA:2487,0
DA:2489,0
DA:2491,0
DA:2492,0
DA:2493,0
DA:2496,0
DA:2497,0
DA:2501,0
DA:2502,0
DA:2505,0
DA:2506,0
DA:2507,0
DA:2508,0
DA:2509,0
DA:2510,0
DA:2511,0
DA:2515,0
DA:2523,0
DA:2530,0
DA:2531,0
DA:2532,0
DA:2533,0
DA:2535,0
DA:2536,0
DA:2538,0
DA:2539,0
DA:2540,0
DA:2543,0
DA:2546,0
DA:2549,0
DA:2550,0
DA:2551,0
DA:2552,0
DA:2553,0
DA:2554,0
DA:2555,0
DA:2556,0
DA:2558,0
DA:2563,0
DA:2569,0
DA:2571,0
DA:2572,0
DA:2574,0
DA:2580,0
DA:2581,0
DA:2582,0
DA:2583,0
DA:2584,0
DA:2585,0
DA:2586,0
DA:2588,0
DA:2590,0
DA:2593,0
DA:2594,0
DA:2600,0
DA:2601,0
DA:2602,0
DA:2603,0
DA:2605,0
DA:2614,0
DA:2615,0
DA:2617,0
DA:2625,0
DA:2626,0
DA:2627,0
DA:2629,0
DA:2631,0
DA:2633,0
DA:2634,0
DA:2642,0
DA:2644,0
DA:2647,0
DA:2651,0
DA:2653,0
DA:2655,0
DA:2656,0
DA:2658,0
DA:2662,0
DA:2663,0
DA:2664,0
DA:2665,0
DA:2668,0
DA:2669,0
DA:2672,0
DA:2675,0
DA:2676,0
DA:2680,0
DA:2681,0
DA:2683,0
DA:2685,0
DA:2686,0
DA:2687,0
DA:2688,0
DA:2689,0
DA:2690,0
DA:2717,0
DA:2719,0
DA:2720,0
DA:2721,0
DA:2722,0
DA:2729,0
DA:2730,0
DA:2732,0
DA:2734,0
DA:2735,0
DA:2746,0
DA:2752,0
DA:2753,0
DA:2758,0
DA:2762,0
DA:2763,0
DA:2764,0
DA:2766,0
DA:2772,0
DA:2773,0
DA:2774,0
DA:2775,0
DA:2778,0
DA:2780,0
DA:2781,0
DA:2782,0
DA:2783,0
DA:2784,0
DA:2787,0
DA:2788,0
DA:2789,0
DA:2790,0
DA:2801,0
DA:2802,0
DA:2803,0
DA:2809,0
DA:2810,0
DA:2811,0
DA:2814,0
DA:2815,0
DA:2816,0
DA:2817,0
DA:2819,0
DA:2820,0
DA:2821,0
DA:2822,0
DA:2825,0
DA:2830,0
DA:2834,0
DA:2838,0
DA:2839,0
DA:2841,0
DA:2842,0
DA:2843,0
DA:2844,0
DA:2846,0
DA:2848,0
DA:2849,0
DA:2852,0
DA:2855,0
DA:2856,0
DA:2857,0
DA:2858,0
DA:2859,0
DA:2862,0
DA:2863,0
DA:2867,0
DA:2868,0
DA:2871,0
DA:2877,0
DA:2882,0
DA:2883,0
DA:2884,0
DA:2885,0
DA:2886,0
DA:2888,0
DA:2889,0
DA:2890,0
DA:2891,0
DA:2892,0
DA:2897,0
DA:2898,0
DA:2900,0
DA:2901,0
DA:2904,0
DA:2905,0
DA:2906,0
DA:2908,0
DA:2909,0
DA:2913,0
DA:2917,0
DA:2919,0
DA:2920,0
DA:2922,0
DA:2923,0
DA:2934,0
DA:2935,0
DA:2939,0
DA:2940,0
DA:2941,0
DA:2942,0
DA:2943,0
DA:2944,0
DA:2945,0
DA:2946,0
DA:2947,0
DA:2948,0
DA:2949,0
DA:2950,0
DA:2952,0
DA:2953,0
DA:2956,0
DA:2957,0
DA:2959,0
DA:2960,0
DA:2961,0
DA:2962,0
DA:2964,0
DA:2966,0
DA:2967,0
DA:2968,0
DA:2969,0
DA:2971,0
DA:2972,0
DA:2973,0
DA:2974,0
DA:2975,0
DA:2976,0
DA:2980,0
DA:2983,0
DA:2984,0
DA:2986,0
DA:2988,0
DA:2994,0
DA:2997,0
DA:3010,0
DA:3012,0
DA:3013,0
DA:3014,0
DA:3015,0
DA:3016,0
DA:3017,0
DA:3019,0
DA:3027,0
DA:3040,0
DA:3041,0
DA:3042,0
DA:3043,0
DA:3046,0
DA:3047,0
DA:3048,0
DA:3051,0
DA:3052,0
DA:3053,0
DA:3056,0
DA:3057,0
DA:3060,0
DA:3061,0
DA:3062,0
DA:3063,0
DA:3064,0
DA:3065,0
DA:3066,0
DA:3070,0
DA:3071,0
DA:3074,0
DA:3075,0
DA:3077,0
DA:3081,0
DA:3082,0
DA:3083,0
DA:3084,0
DA:3085,0
DA:3087,0
DA:3088,0
DA:3090,0
DA:3093,0
DA:3094,0
DA:3095,0
DA:3098,0
DA:3099,0
DA:3100,0
DA:3102,0
DA:3104,0
DA:3105,0
DA:3106,0
DA:3108,0
DA:3113,0
DA:3114,0
DA:3115,0
DA:3117,0
DA:3118,0
DA:3120,0
DA:3127,0
DA:3128,0
DA:3129,0
DA:3130,0
DA:3132,0
DA:3133,0
DA:3134,0
DA:3135,0
DA:3136,0
DA:3139,0
DA:3140,0
DA:3142,0
DA:3143,0
DA:3145,0
DA:3146,0
DA:3147,0
DA:3148,0
DA:3150,0
DA:3151,0
DA:3152,0
DA:3155,0
DA:3156,0
DA:3157,0
DA:3158,0
DA:3159,0
DA:3161,0
DA:3163,0
DA:3164,0
DA:3166,0
DA:3167,0
DA:3168,0
DA:3170,0
DA:3172,0
DA:3173,0
DA:3174,0
DA:3175,0
DA:3176,0
DA:3177,0
DA:3178,0
DA:3179,0
DA:3180,0
DA:3181,0
DA:3183,0
DA:3184,0
DA:3185,0
DA:3186,0
DA:3187,0
DA:3188,0
DA:3191,0
DA:3194,0
DA:3195,0
DA:3197,0
DA:3200,0
DA:3201,0
DA:3202,0
DA:3203,0
DA:3204,0
DA:3206,0
DA:3210,0
DA:3211,0
DA:3212,0
DA:3213,0
DA:3216,0
DA:3217,0
DA:3218,0
DA:3222,0
DA:3224,0
DA:3226,0
DA:3227,0
DA:3228,0
DA:3231,0
DA:3232,0
DA:3233,0
DA:3234,0
DA:3235,0
DA:3238,0
DA:3239,0
DA:3242,0
DA:3243,0
DA:3244,0
DA:3245,0
DA:3247,0
DA:3248,0
DA:3250,0
DA:3251,0
DA:3254,0
DA:3255,0
DA:3256,0
DA:3257,0
DA:3260,0
DA:3261,0
DA:3262,0
DA:3263,0
DA:3266,0
DA:3267,0
DA:3268,0
DA:3269,0
DA:3270,0
DA:3272,0
DA:3273,0
DA:3274,0
DA:3275,0
DA:3276,0
DA:3277,0
DA:3278,0
DA:3279,0
DA:3280,0
DA:3281,0
DA:3282,0
DA:3283,0
DA:3284,0
DA:3287,0
DA:3289,0
DA:3291,0
DA:3293,0
DA:3294,0
DA:3301,0
DA:3302,0
DA:3303,0
DA:3304,0
DA:3305,0
DA:3307,0
DA:3308,0
DA:3311,0
DA:3312,0
DA:3313,0
DA:3314,0
DA:3315,0
DA:3316,0
DA:3317,0
DA:3320,0
DA:3321,0
DA:3323,0
DA:3335,0
DA:3336,0
DA:3337,0
DA:3341,0
DA:3342,0
DA:3344,0
DA:3353,0
DA:3357,0
DA:3358,0
DA:3359,0
DA:3360,0
DA:3361,0
DA:3362,0
DA:3363,0
DA:3365,0
DA:3366,0
DA:3367,0
DA:3368,0
DA:3371,0
DA:3373,0
DA:3375,0
DA:3376,0
DA:3377,0
DA:3378,0
DA:3379,0
DA:3380,0
DA:3381,0
DA:3382,0
DA:3389,0
DA:3390,0
DA:3391,0
DA:3392,0
DA:3395,0
DA:3396,0
DA:3397,0
DA:3398,0
DA:3399,0
DA:3400,0
DA:3401,0
DA:3402,0
DA:3405,0
DA:3406,0
DA:3408,0
DA:3410,0
DA:3411,0
DA:3413,0
DA:3419,0
DA:3420,0
DA:3422,0
DA:3423,0
DA:3424,0
DA:3425,0
DA:3427,0
DA:3429,0
DA:3430,0
DA:3431,0
DA:3432,0
DA:3433,0
DA:3434,0
DA:3435,0
DA:3436,0
DA:3437,0
DA:3439,0
DA:3440,0
DA:3441,0
DA:3443,0
DA:3444,0
DA:3445,0
DA:3447,0
DA:3448,0
DA:3449,0
DA:3451,0
DA:3453,0
DA:3455,0
DA:3479,0
DA:3480,0
DA:3483,0
DA:3484,0
DA:3485,0
DA:3486,0
DA:3487,0
DA:3488,0
DA:3489,0
DA:3493,0
DA:3494,0
DA:3495,0
DA:3496,0
DA:3497,0
DA:3498,0
DA:3499,0
DA:3503,0
DA:3504,0
DA:3505,0
DA:3506,0
DA:3507,0
DA:3508,0
DA:3510,0
DA:3511,0
DA:3513,0
DA:3514,0
DA:3515,0
DA:3516,0
DA:3517,0
DA:3519,0
DA:3520,0
DA:3522,0
DA:3526,0
DA:3527,0
DA:3528,0
DA:3529,0
DA:3532,0
DA:3533,0
DA:3534,0
DA:3535,0
DA:3536,0
DA:3537,0
DA:3538,0
DA:3542,0
DA:3543,0
DA:3545,0
DA:3546,0
DA:3548,0
DA:3549,0
DA:3551,0
DA:3552,0
DA:3557,0
DA:3558,0
DA:3560,0
DA:3561,0
DA:3562,0
DA:3563,0
DA:3564,0
DA:3565,0
DA:3566,0
DA:3567,0
DA:3568,0
DA:3569,0
DA:3570,0
DA:3571,0
DA:3573,0
DA:3574,0
DA:3576,0
DA:3577,0
DA:3578,0
DA:3581,0
DA:3582,0
DA:3583,0
DA:3584,0
DA:3585,0
DA:3586,0
DA:3587,0
DA:3588,0
DA:3589,0
DA:3590,0
DA:3591,0
DA:3592,0
DA:3593,0
DA:3594,0
DA:3597,0
DA:3598,0
DA:3600,0
DA:3602,0
DA:3604,0
DA:3611,0
DA:3613,0
DA:3614,0
DA:3615,0
DA:3616,0
DA:3617,0
DA:3618,0
DA:3620,0
DA:3622,0
DA:3626,0
DA:3632,0
DA:3642,0
DA:3644,0
DA:3645,0
DA:3646,0
DA:3647,0
DA:3649,0
DA:3680,0
DA:3681,0
DA:3682,0
DA:3684,0
DA:3685,0
DA:3686,0
DA:3688,0
DA:3693,0
DA:3694,0
DA:3695,0
DA:3698,0
DA:3699,0
DA:3700,0
DA:3701,0
DA:3702,0
DA:3706,0
DA:3707,0
DA:3708,0
DA:3709,0
DA:3711,0
DA:3715,0
DA:3716,0
DA:3721,0
DA:3722,0
DA:3726,0
DA:3727,0
DA:3732,0
DA:3733,0
DA:3736,0
DA:3737,0
DA:3742,0
DA:3743,0
DA:3744,0
DA:3745,0
DA:3746,0
DA:3747,0
DA:3748,0
DA:3749,0
DA:3750,0
DA:3751,0
DA:3752,0
DA:3753,0
DA:3754,0
DA:3755,0
DA:3756,0
DA:3757,0
DA:3758,0
DA:3760,0
DA:3761,0
DA:3763,0
DA:3764,0
DA:3765,0
DA:3766,0
DA:3767,0
DA:3774,0
DA:3775,0
DA:3777,0
DA:3778,0
DA:3781,0
DA:3784,0
DA:3787,0
DA:3788,0
DA:3789,0
DA:3790,0
DA:3792,0
DA:3795,0
DA:3798,0
DA:3799,0
DA:3804,0
DA:3805,0
DA:3806,0
DA:3807,0
DA:3808,0
DA:3809,0
DA:3811,0
DA:3812,0
DA:3813,0
DA:3814,0
DA:3817,0
DA:3823,0
DA:3824,0
DA:3825,0
DA:3827,0
DA:3829,0
DA:3830,0
DA:3831,0
DA:3832,0
DA:3833,0
DA:3834,0
DA:3835,0
DA:3836,0
DA:3837,0
DA:3839,0
DA:3840,0
DA:3841,0
DA:3844,0
DA:3845,0
DA:3848,0
DA:3849,0
DA:3853,0
DA:3854,0
DA:3858,0
DA:3859,0
DA:3863,0
DA:3864,0
DA:3865,0
DA:3868,0
DA:3870,0
DA:3871,0
DA:3873,0
DA:3874,0
DA:3875,0
DA:3878,0
DA:3879,0
DA:3880,0
DA:3883,0
DA:3884,0
DA:3886,0
DA:3887,0
DA:3888,0
DA:3890,0
DA:3891,0
DA:3893,0
DA:3894,0
DA:3895,0
DA:3896,0
DA:3899,0
DA:3900,0
DA:3902,0
DA:3903,0
DA:3905,0
DA:3906,0
DA:3911,0
DA:3912,0
DA:3913,0
DA:3914,0
DA:3915,0
DA:3916,0
DA:3917,0
DA:3919,0
DA:3921,0
DA:3923,0
DA:3924,0
DA:3927,0
DA:3928,0
DA:3929,0
DA:3930,0
DA:3931,0
DA:3932,0
DA:3933,0
DA:3934,0
DA:3936,0
DA:3943,0
DA:3944,0
DA:3946,0
DA:3947,0
DA:3949,0
DA:3950,0
DA:3951,0
DA:3955,0
DA:3956,0
DA:3957,0
DA:3958,0
DA:3959,0
DA:3960,0
DA:3964,0
DA:3965,0
DA:3968,0
DA:3969,0
DA:3971,0
DA:3972,0
DA:3973,0
DA:3979,0
DA:3980,0
DA:3981,0
DA:3983,0
DA:3984,0
DA:3987,0
DA:3989,0
DA:3990,0
DA:3991,0
DA:3993,0
DA:3994,0
DA:3996,0
DA:3997,0
DA:3999,0
DA:4001,0
DA:4002,0
DA:4003,0
DA:4004,0
DA:4005,0
DA:4007,0
DA:4008,0
DA:4010,0
DA:4011,0
DA:4012,0
DA:4013,0
DA:4014,0
DA:4015,0
DA:4018,0
DA:4019,0
DA:4020,0
DA:4021,0
DA:4023,0
DA:4024,0
DA:4026,0
DA:4027,0
DA:4030,0
DA:4031,0
DA:4033,0
DA:4034,0
DA:4035,0
DA:4036,0
DA:4037,0
DA:4043,0
DA:4044,0
DA:4046,0
DA:4047,0
DA:4048,0
DA:4049,0
DA:4050,0
DA:4053,0
DA:4054,0
DA:4056,0
DA:4058,0
DA:4059,0
DA:4062,0
DA:4064,0
DA:4065,0
DA:4066,0
DA:4068,0
DA:4069,0
DA:4071,0
DA:4072,0
DA:4076,0
DA:4080,0
DA:4081,0
DA:4082,0
DA:4083,0
DA:4086,0
DA:4087,0
DA:4088,0
DA:4090,0
DA:4091,0
DA:4094,0
DA:4098,0
DA:4099,0
DA:4100,0
DA:4104,0
DA:4105,0
DA:4107,0
DA:4108,0
DA:4109,0
DA:4110,0
DA:4114,0
DA:4115,0
DA:4119,0
DA:4120,0
DA:4121,0
DA:4122,0
DA:4126,0
DA:4127,0
DA:4128,0
DA:4129,0
DA:4131,0
DA:4132,0
DA:4133,0
DA:4134,0
DA:4137,0
DA:4138,0
DA:4139,0
DA:4142,0
DA:4143,0
DA:4144,0
DA:4145,0
DA:4150,0
DA:4151,0
DA:4152,0
DA:4154,0
DA:4155,0
DA:4156,0
DA:4161,0
DA:4162,0
DA:4165,0
DA:4166,0
DA:4167,0
DA:4171,0
DA:4172,0
DA:4173,0
DA:4175,0
DA:4176,0
DA:4180,0
DA:4181,0
DA:4182,0
DA:4183,0
DA:4184,0
DA:4185,0
DA:4186,0
DA:4187,0
DA:4188,0
DA:4189,0
DA:4190,0
DA:4192,0
DA:4193,0
DA:4196,0
DA:4197,0
DA:4198,0
DA:4201,0
DA:4204,0
DA:4205,0
DA:4206,0
DA:4209,0
DA:4210,0
DA:4211,0
DA:4214,0
DA:4215,0
DA:4219,0
DA:4220,0
DA:4221,0
DA:4222,0
DA:4223,0
DA:4224,0
DA:4225,0
DA:4226,0
DA:4227,0
DA:4230,0
DA:4234,0
DA:4238,0
DA:4239,0
DA:4240,0
DA:4241,0
DA:4242,0
DA:4243,0
DA:4244,0
DA:4245,0
DA:4246,0
DA:4247,0
DA:4248,0
DA:4251,0
DA:4257,0
DA:4258,0
DA:4260,0
DA:4264,0
DA:4267,0
DA:4268,0
DA:4269,0
DA:4270,0
DA:4271,0
DA:4272,0
DA:4273,0
DA:4274,0
DA:4275,0
DA:4277,0
DA:4278,0
DA:4281,0
DA:4282,0
DA:4283,0
DA:4286,0
DA:4287,0
DA:4288,0
DA:4291,0
DA:4293,0
DA:4294,0
DA:4295,0
DA:4296,0
DA:4298,0
DA:4299,0
DA:4301,0
DA:4302,0
DA:4304,0
DA:4305,0
DA:4307,0
DA:4308,0
DA:4309,0
DA:4310,0
DA:4311,0
DA:4314,0
DA:4315,0
DA:4317,0
DA:4318,0
DA:4319,0
DA:4320,0
DA:4321,0
DA:4324,0
DA:4325,0
DA:4326,0
DA:4327,0
DA:4330,0
DA:4331,0
DA:4333,0
DA:4335,0
DA:4338,0
DA:4339,0
DA:4340,0
DA:4341,0
DA:4342,0
DA:4345,0
DA:4348,0
DA:4349,0
DA:4350,0
DA:4351,0
DA:4354,0
DA:4357,0
DA:4358,0
DA:4359,0
DA:4360,0
DA:4361,0
DA:4362,0
DA:4364,0
DA:4369,0
DA:4370,0
DA:4373,0
DA:4376,0
DA:4377,0
DA:4378,0
DA:4382,0
DA:4383,0
DA:4384,0
DA:4385,0
DA:4386,0
DA:4387,0
DA:4389,0
DA:4397,0
DA:4398,0
DA:4399,0
DA:4400,0
DA:4402,0
DA:4403,0
DA:4404,0
DA:4405,0
DA:4408,0
DA:4413,0
DA:4414,0
DA:4415,0
DA:4416,0
DA:4420,0
DA:4423,0
DA:4425,0
DA:4426,0
DA:4427,0
DA:4428,0
DA:4430,0
DA:4433,0
DA:4435,0
DA:4436,0
DA:4437,0
DA:4438,0
DA:4440,0
DA:4442,0
DA:4443,0
DA:4445,0
DA:4448,0
DA:4449,0
DA:4450,0
DA:4451,0
DA:4453,0
DA:4455,0
DA:4456,0
DA:4458,0
DA:4461,0
DA:4465,0
DA:4466,0
DA:4468,0
DA:4469,0
DA:4470,0
DA:4471,0
DA:4472,0
DA:4473,0
DA:4474,0
DA:4475,0
DA:4476,0
DA:4477,0
DA:4478,0
DA:4481,0
DA:4482,0
DA:4483,0
DA:4484,0
DA:4485,0
DA:4486,0
DA:4487,0
DA:4488,0
DA:4489,0
DA:4490,0
DA:4491,0
DA:4494,0
DA:4495,0
DA:4497,0
DA:4501,0
DA:4502,0
DA:4505,0
DA:4506,0
DA:4508,0
DA:4509,0
DA:4511,0
DA:4513,0
DA:4515,0
DA:4516,0
DA:4517,0
DA:4522,0
DA:4524,0
DA:4525,0
DA:4526,0
DA:4527,0
DA:4528,0
DA:4529,0
DA:4530,0
DA:4531,0
DA:4532,0
DA:4533,0
DA:4534,0
DA:4541,0
DA:4542,0
DA:4544,0
DA:4546,0
DA:4548,0
DA:4551,0
DA:4553,0
DA:4554,0
DA:4556,0
DA:4558,0
DA:4559,0
DA:4560,0
DA:4561,0
DA:4566,0
DA:4567,0
DA:4568,0
DA:4569,0
DA:4574,0
DA:4575,0
DA:4577,0
DA:4578,0
DA:4580,0
DA:4583,0
DA:4584,0
DA:4585,0
DA:4587,0
DA:4588,0
DA:4593,0
DA:4594,0
DA:4598,0
DA:4599,0
DA:4600,0
DA:4601,0
DA:4603,0
DA:4606,0
DA:4609,0
DA:4610,0
DA:4611,0
DA:4612,0
DA:4615,0
DA:4617,0
DA:4618,0
DA:4619,0
DA:4620,0
DA:4622,0
DA:4623,0
DA:4626,0
DA:4627,0
DA:4628,0
DA:4629,0
DA:4630,0
DA:4631,0
DA:4632,0
DA:4637,0
DA:4638,0
DA:4639,0
DA:4640,0
DA:4642,0
DA:4643,0
DA:4644,0
DA:4645,0
DA:4647,0
DA:4648,0
DA:4649,0
DA:4652,0
DA:4653,0
DA:4654,0
DA:4655,0
DA:4656,0
DA:4657,0
DA:4660,0
DA:4662,0
DA:4664,0
DA:4670,0
DA:4671,0
DA:4672,0
DA:4675,0
DA:4676,0
DA:4677,0
DA:4678,0
DA:4681,0
DA:4682,0
DA:4683,0
DA:4685,0
DA:4688,0
DA:4689,0
DA:4690,0
DA:4691,0
DA:4692,0
DA:4693,0
DA:4694,0
DA:4696,0
DA:4697,0
DA:4698,0
DA:4699,0
DA:4700,0
DA:4702,0
DA:4704,0
DA:4705,0
DA:4706,0
DA:4707,0
DA:4716,0
DA:4725,0
DA:4726,0
DA:4727,0
DA:4728,0
DA:4729,0
DA:4730,0
DA:4731,0
DA:4732,0
DA:4734,0
DA:4736,0
DA:4737,0
DA:4738,0
DA:4740,0
DA:4742,0
DA:4753,0
DA:4758,0
DA:4759,0
DA:4760,0
DA:4761,0
DA:4762,0
DA:4763,0
DA:4764,0
DA:4773,0
DA:4774,0
DA:4778,0
DA:4779,0
DA:4780,0
DA:4781,0
DA:4782,0
DA:4783,0
DA:4784,0
DA:4785,0
DA:4786,0
DA:4789,0
DA:4790,0
DA:4791,0
DA:4792,0
DA:4796,0
DA:4799,0
DA:4800,0
DA:4801,0
DA:4803,0
DA:4804,0
DA:4805,0
DA:4806,0
DA:4807,0
DA:4808,0
DA:4809,0
DA:4810,0
DA:4813,0
DA:4814,0
DA:4815,0
DA:4817,0
DA:4818,0
DA:4819,0
DA:4820,0
DA:4821,0
DA:4822,0
DA:4824,0
DA:4829,0
DA:4830,0
DA:4831,0
DA:4832,0
DA:4834,0
DA:4835,0
DA:4836,0
DA:4837,0
DA:4840,0
DA:4841,0
DA:4842,0
DA:4844,0
DA:4845,0
DA:4846,0
DA:4851,0
DA:4854,0
DA:4855,0
DA:4858,0
DA:4859,0
DA:4860,0
DA:4861,0
DA:4862,0
DA:4866,0
DA:4867,0
DA:4868,0
DA:4869,0
DA:4870,0
DA:4873,0
DA:4874,0
DA:4876,0
DA:4877,0
DA:4879,0
DA:4880,0
DA:4882,0
DA:4886,0
DA:4887,0
DA:4890,0
DA:4891,0
DA:4892,0
DA:4894,0
DA:4895,0
DA:4897,0
DA:4901,0
DA:4902,0
DA:4903,0
DA:4904,0
DA:4905,0
DA:4906,0
DA:4907,0
DA:4908,0
DA:4909,0
DA:4912,0
DA:4913,0
DA:4916,0
DA:4918,0
DA:4923,0
DA:4924,0
DA:4925,0
DA:4926,0
DA:4927,0
DA:4928,0
DA:4929,0
DA:4931,0
DA:4934,0
DA:4937,0
DA:4938,0
DA:4939,0
DA:4942,0
DA:4943,0
DA:4946,0
DA:4947,0
DA:4949,0
DA:4950,0
DA:4951,0
DA:4954,0
DA:4955,0
DA:4957,0
DA:4958,0
DA:4959,0
DA:4960,0
DA:4965,0
DA:4966,0
DA:4967,0
DA:4969,0
DA:4970,0
DA:4971,0
DA:4973,0
DA:4976,0
DA:4977,0
DA:4978,0
DA:4979,0
DA:4981,0
DA:4982,0
DA:4983,0
DA:4984,0
DA:4986,0
DA:4987,0
DA:4988,0
DA:4990,0
DA:4991,0
DA:4993,0
DA:4996,0
DA:4999,0
DA:5000,0
DA:5001,0
DA:5002,0
DA:5003,0
DA:5004,0
DA:5005,0
DA:5007,0
DA:5010,0
DA:5011,0
DA:5012,0
DA:5013,0
DA:5014,0
DA:5015,0
DA:5016,0
DA:5019,0
DA:5021,0
DA:5024,0
DA:5025,0
DA:5026,0
DA:5027,0
DA:5032,0
DA:5033,0
DA:5034,0
DA:5035,0
DA:5039,0
DA:5040,0
DA:5041,0
DA:5042,0
DA:5043,0
DA:5045,0
DA:5046,0
DA:5047,0
DA:5050,0
DA:5053,0
DA:5056,0
DA:5059,0
DA:5062,0
DA:5063,0
DA:5064,0
DA:5065,0
DA:5066,0
DA:5069,0
DA:5070,0
DA:5071,0
DA:5072,0
DA:5076,0
DA:5077,0
DA:5078,0
DA:5079,0
DA:5081,0
DA:5085,0
DA:5086,0
DA:5087,0
DA:5090,0
DA:5091,0
DA:5092,0
DA:5093,0
DA:5094,0
DA:5095,0
DA:5097,0
DA:5098,0
DA:5099,0
DA:5100,0
DA:5101,0
DA:5102,0
DA:5104,0
DA:5105,0
DA:5106,0
DA:5111,0
DA:5113,0
DA:5115,0
DA:5116,0
DA:5131,0
DA:5132,0
DA:5133,0
DA:5135,0
DA:5136,0
DA:5137,0
DA:5139,0
DA:5140,0
DA:5141,0
DA:5142,0
DA:5144,0
DA:5145,0
DA:5146,0
DA:5147,0
DA:5149,0
DA:5151,0
DA:5152,0
DA:5153,0
DA:5154,0
DA:5155,0
DA:5158,0
DA:5160,0
DA:5161,0
DA:5162,0
DA:5163,0
DA:5164,0
DA:5165,0
DA:5166,0
DA:5167,0
DA:5174,0
DA:5175,0
DA:5176,0
DA:5178,0
DA:5179,0
DA:5187,0
DA:5189,0
DA:5190,0
DA:5191,0
DA:5192,0
DA:5194,0
DA:5195,0
DA:5196,0
DA:5197,0
DA:5198,0
DA:5199,0
DA:5201,0
DA:5202,0
DA:5203,0
DA:5205,0
DA:5207,0
DA:5209,0
DA:5210,0
DA:5212,0
DA:5213,0
DA:5216,0
DA:5217,0
DA:5218,0
DA:5220,0
DA:5224,0
DA:5237,0
DA:5238,0
DA:5239,0
DA:5241,0
DA:5242,0
DA:5243,0
DA:5244,0
DA:5245,0
DA:5251,0
DA:5253,0
DA:5254,0
DA:5255,0
DA:5258,0
DA:5264,0
DA:5265,0
DA:5268,0
DA:5279,0
DA:5280,0
DA:5282,0
DA:5283,0
DA:5284,0
DA:5286,0
DA:5287,0
DA:5288,0
DA:5299,0
DA:5302,0
DA:5303,0
DA:5304,0
DA:5305,0
DA:5313,0
DA:5315,0
DA:5316,0
DA:5320,0
DA:5324,0
DA:5327,0
DA:5328,0
DA:5329,0
DA:5330,0
DA:5331,0
DA:5332,0
DA:5333,0
DA:5338,0
DA:5339,0
DA:5340,0
DA:5341,0
DA:5342,0
DA:5344,0
DA:5346,0
DA:5347,0
DA:5348,0
DA:5349,0
DA:5350,0
DA:5351,0
DA:5352,0
DA:5353,0
DA:5357,0
DA:5360,0
DA:5361,0
DA:5362,0
DA:5363,0
DA:5364,0
DA:5365,0
DA:5366,0
DA:5367,0
DA:5368,0
DA:5370,0
DA:5371,0
DA:5373,0
DA:5374,0
DA:5379,0
DA:5382,0
DA:5383,0
DA:5384,0
DA:5387,0
DA:5388,0
DA:5389,0
DA:5390,0
DA:5391,0
DA:5392,0
DA:5395,0
DA:5398,0
DA:5401,0
DA:5402,0
DA:5403,0
DA:5409,0
DA:5411,0
DA:5412,0
DA:5413,0
DA:5414,0
DA:5416,0
DA:5418,0
DA:5420,0
DA:5421,0
DA:5422,0
DA:5424,0
DA:5425,0
DA:5426,0
DA:5427,0
DA:5428,0
DA:5429,0
DA:5431,0
DA:5432,0
DA:5433,0
DA:5434,0
DA:5435,0
DA:5437,0
DA:5439,0
DA:5441,0
DA:5442,0
DA:5443,0
DA:5445,0
DA:5458,0
DA:5459,0
DA:5460,0
DA:5461,0
DA:5462,0
DA:5464,0
DA:5465,0
DA:5468,0
DA:5470,0
DA:5473,0
DA:5475,0
DA:5476,0
DA:5477,0
DA:5478,0
DA:5479,0
DA:5487,0
DA:5488,0
DA:5489,0
DA:5493,0
DA:5494,0
DA:5495,0
DA:5498,0
DA:5502,0
DA:5503,0
DA:5504,0
DA:5507,0
DA:5508,0
DA:5509,0
DA:5510,0
DA:5511,0
DA:5512,0
DA:5513,0
DA:5516,0
DA:5517,0
DA:5519,0
DA:5520,0
DA:5521,0
DA:5522,0
DA:5523,0
DA:5528,0
DA:5529,0
DA:5530,0
DA:5535,0
DA:5537,0
DA:5539,0
DA:5540,0
DA:5541,0
DA:5542,0
DA:5543,0
DA:5546,0
DA:5548,0
DA:5549,0
DA:5551,0
DA:5552,0
DA:5554,0
DA:5556,0
DA:5557,0
DA:5558,0
DA:5559,0
DA:5561,0
DA:5563,0
DA:5564,0
DA:5565,0
DA:5566,0
DA:5567,0
DA:5568,0
DA:5569,0
DA:5571,0
DA:5572,0
DA:5575,0
DA:5576,0
DA:5577,0
DA:5578,0
DA:5579,0
DA:5580,0
DA:5582,0
DA:5586,0
DA:5587,0
DA:5588,0
DA:5589,0
DA:5591,0
DA:5592,0
DA:5595,0
DA:5596,0
DA:5597,0
DA:5599,0
DA:5600,0
DA:5604,0
DA:5605,0
DA:5606,0
DA:5608,0
DA:5609,0
DA:5611,0
DA:5612,0
DA:5613,0
DA:5614,0
DA:5617,0
DA:5618,0
DA:5619,0
DA:5620,0
DA:5622,0
DA:5624,0
DA:5625,0
DA:5626,0
DA:5627,0
DA:5628,0
DA:5629,0
DA:5630,0
DA:5631,0
DA:5632,0
DA:5633,0
DA:5634,0
DA:5636,0
DA:5638,0
DA:5639,0
DA:5640,0
DA:5641,0
DA:5643,0
DA:5644,0
DA:5645,0
DA:5646,0
DA:5647,0
DA:5648,0
DA:5649,0
DA:5650,0
DA:5651,0
DA:5652,0
DA:5653,0
DA:5654,0
DA:5655,0
DA:5656,0
DA:5657,0
DA:5658,0
DA:5660,0
DA:5662,0
DA:5663,0
DA:5666,0
DA:5667,0
DA:5669,0
DA:5671,0
DA:5672,0
DA:5673,0
DA:5674,0
DA:5675,0
DA:5676,0
DA:5677,0
DA:5678,0
DA:5679,0
DA:5680,0
DA:5681,0
DA:5682,0
DA:5683,0
DA:5684,0
DA:5685,0
DA:5686,0
DA:5688,0
DA:5690,0
DA:5691,0
DA:5692,0
DA:5697,0
DA:5701,0
DA:5702,0
DA:5704,0
DA:5708,0
DA:5709,0
DA:5710,0
DA:5711,0
DA:5713,0
DA:5714,0
DA:5719,0
DA:5720,0
DA:5721,0
DA:5722,0
DA:5723,0
DA:5726,0
DA:5727,0
DA:5728,0
DA:5729,0
DA:5731,0
DA:5734,0
DA:5735,0
DA:5736,0
DA:5737,0
DA:5738,0
DA:5739,0
DA:5740,0
DA:5741,0
DA:5743,0
DA:5745,0
DA:5746,0
DA:5747,0
DA:5748,0
DA:5749,0
DA:5750,0
DA:5751,0
DA:5752,0
DA:5754,0
DA:5758,0
DA:5759,0
DA:5760,0
DA:5761,0
DA:5762,0
DA:5764,0
DA:5765,0
DA:5766,0
DA:5768,0
DA:5769,0
DA:5770,0
DA:5772,0
DA:5773,0
DA:5774,0
DA:5775,0
DA:5776,0
DA:5777,0
DA:5778,0
DA:5779,0
DA:5780,0
DA:5782,0
DA:5786,0
DA:5787,0
DA:5791,0
DA:5792,0
DA:5793,0
DA:5794,0
DA:5795,0
DA:5796,0
DA:5798,0
DA:5802,0
DA:5803,0
DA:5807,0
DA:5808,0
DA:5809,0
DA:5810,0
DA:5812,0
DA:5813,0
DA:5814,0
DA:5817,0
DA:5818,0
DA:5819,0
DA:5821,0
DA:5822,0
DA:5823,0
DA:5826,0
DA:5828,0
DA:5832,0
DA:5833,0
DA:5834,0
DA:5835,0
DA:5836,0
DA:5837,0
DA:5838,0
DA:5839,0
DA:5840,0
DA:5841,0
DA:5843,0
DA:5844,0
DA:5846,0
DA:5847,0
DA:5848,0
DA:5850,0
DA:5851,0
DA:5853,0
DA:5859,0
DA:5860,0
DA:5861,0
DA:5862,0
DA:5864,0
DA:5867,0
DA:5868,0
DA:5869,0
DA:5870,0
DA:5871,0
DA:5872,0
DA:5873,0
DA:5875,0
DA:5878,0
DA:5879,0
DA:5880,0
DA:5881,0
DA:5883,0
DA:5886,0
DA:5889,0
DA:5890,0
DA:5891,0
DA:5892,0
DA:5893,0
DA:5894,0
DA:5895,0
DA:5896,0
DA:5900,0
DA:5901,0
DA:5902,0
DA:5904,0
DA:5905,0
DA:5907,0
DA:5908,0
DA:5909,0
DA:5911,0
DA:5912,0
DA:5914,0
DA:5915,0
DA:5916,0
DA:5917,0
DA:5918,0
DA:5920,0
DA:5923,0
DA:5924,0
DA:5925,0
DA:5926,0
DA:5928,0
DA:5929,0
DA:5935,0
DA:5936,0
DA:5937,0
DA:5938,0
DA:5939,0
DA:5941,0
DA:5942,0
DA:5943,0
DA:5948,0
DA:5949,0
DA:5950,0
DA:5951,0
DA:5952,0
DA:5953,0
DA:5954,0
DA:5955,0
DA:5959,0
DA:5962,0
DA:5971,0
DA:5972,0
DA:5973,0
DA:5976,0
DA:5977,0
DA:5978,0
DA:5979,0
DA:5980,0
DA:5981,0
DA:5982,0
DA:5987,0
DA:5988,0
DA:5989,0
DA:5990,0
DA:5991,0
DA:5993,0
DA:5994,0
DA:5996,0
DA:5997,0
DA:5998,0
DA:5999,0
DA:6000,0
DA:6002,0
DA:6004,0
DA:6005,0
DA:6007,0
DA:6009,0
DA:6011,0
DA:6012,0
DA:6021,0
DA:6022,0
DA:6024,0
DA:6025,0
DA:6026,0
DA:6027,0
DA:6029,0
DA:6030,0
DA:6031,0
DA:6033,0
DA:6035,0
DA:6038,0
DA:6055,0
DA:6056,0
DA:6058,0
DA:6059,0
DA:6060,0
DA:6061,0
DA:6062,0
DA:6065,0
DA:6068,0
DA:6077,0
DA:6078,0
DA:6079,0
DA:6080,0
DA:6093,0
DA:6095,0
DA:6096,0
DA:6097,0
DA:6098,0
DA:6099,0
DA:6100,0
DA:6101,0
DA:6102,0
DA:6103,0
DA:6107,0
DA:6108,0
DA:6109,0
DA:6110,0
DA:6111,0
DA:6113,0
DA:6116,0
DA:6119,0
DA:6128,0
DA:6129,0
DA:6130,0
DA:6131,0
DA:6133,0
DA:6134,0
DA:6135,0
DA:6136,0
DA:6137,0
DA:6140,0
DA:6141,0
DA:6142,0
DA:6143,0
DA:6144,0
DA:6145,0
DA:6146,0
DA:6147,0
DA:6148,0
DA:6149,0
DA:6153,0
DA:6156,0
DA:6157,0
DA:6158,0
DA:6159,0
DA:6160,0
DA:6161,0
DA:6165,0
DA:6166,0
DA:6167,0
DA:6169,0
DA:6170,0
DA:6171,0
DA:6172,0
DA:6173,0
DA:6176,0
DA:6177,0
DA:6178,0
DA:6183,0
DA:6184,0
DA:6185,0
DA:6187,0
DA:6189,0
DA:6190,0
DA:6191,0
DA:6192,0
DA:6193,0
DA:6194,0
DA:6196,0
DA:6197,0
DA:6200,0
DA:6201,0
DA:6202,0
DA:6205,0
DA:6206,0
DA:6207,0
DA:6208,0
DA:6209,0
DA:6211,0
DA:6224,0
DA:6225,0
DA:6226,0
DA:6227,0
DA:6228,0
DA:6229,0
DA:6230,0
DA:6231,0
DA:6233,0
DA:6234,0
DA:6235,0
DA:6236,0
DA:6237,0
DA:6238,0
DA:6239,0
DA:6240,0
DA:6242,0
DA:6243,0
DA:6244,0
DA:6247,0
DA:6248,0
DA:6249,0
DA:6252,0
DA:6253,0
DA:6255,0
DA:6256,0
DA:6258,0
DA:6259,0
DA:6260,0
DA:6262,0
DA:6263,0
DA:6264,0
DA:6265,0
DA:6266,0
DA:6268,0
DA:6272,0
DA:6273,0
DA:6274,0
DA:6275,0
DA:6276,0
DA:6278,0
DA:6279,0
DA:6280,0
DA:6281,0
DA:6282,0
DA:6283,0
DA:6285,0
DA:6286,0
DA:6287,0
DA:6289,0
DA:6290,0
DA:6291,0
DA:6292,0
DA:6293,0
DA:6295,0
DA:6296,0
DA:6297,0
DA:6299,0
DA:6301,0
DA:6302,0
DA:6303,0
DA:6304,0
DA:6306,0
DA:6307,0
DA:6309,0
DA:6312,0
DA:6313,0
DA:6314,0
DA:6315,0
DA:6316,0
DA:6317,0
DA:6319,0
DA:6320,0
DA:6321,0
DA:6322,0
DA:6323,0
DA:6324,0
DA:6325,0
DA:6327,0
DA:6328,0
DA:6329,0
DA:6330,0
DA:6331,0
DA:6332,0
DA:6333,0
DA:6336,0
DA:6338,0
DA:6339,0
DA:6340,0
DA:6341,0
DA:6344,0
DA:6347,0
DA:6349,0
DA:6350,0
DA:6351,0
DA:6352,0
DA:6353,0
DA:6354,0
DA:6368,0
DA:6370,0
DA:6371,0
DA:6372,0
DA:6373,0
DA:6374,0
DA:6375,0
DA:6376,0
DA:6378,0
DA:6379,0
DA:6380,0
DA:6383,0
DA:6386,0
DA:6389,0
DA:6392,0
DA:6399,0
DA:6401,0
DA:6402,0
DA:6403,0
DA:6408,0
DA:6409,0
DA:6410,0
DA:6412,0
DA:6413,0
DA:6414,0
DA:6415,0
DA:6416,0
DA:6417,0
DA:6421,0
DA:6422,0
DA:6425,0
DA:6426,0
DA:6427,0
DA:6430,0
DA:6431,0
DA:6433,0
DA:6435,0
DA:6436,0
DA:6438,0
DA:6439,0
DA:6440,0
DA:6442,0
DA:6443,0
DA:6445,0
DA:6446,0
DA:6447,0
DA:6448,0
DA:6449,0
DA:6452,0
DA:6454,0
DA:6455,0
DA:6456,0
DA:6457,0
DA:6459,0
DA:6462,0
DA:6473,0
DA:6475,0
DA:6476,0
DA:6477,0
DA:6478,0
DA:6480,0
DA:6482,0
DA:6484,0
DA:6485,0
DA:6486,0
DA:6488,0
DA:6491,0
DA:6499,0
DA:6500,0
DA:6501,0
DA:6502,0
DA:6503,0
DA:6504,0
DA:6506,0
DA:6507,0
DA:6508,0
DA:6509,0
DA:6511,0
DA:6512,0
DA:6513,0
DA:6514,0
DA:6515,0
DA:6516,0
DA:6519,0
DA:6520,0
DA:6521,0
DA:6523,0
DA:6525,0
DA:6526,0
DA:6528,0
DA:6529,0
DA:6531,0
DA:6532,0
DA:6535,0
DA:6536,0
DA:6539,0
DA:6540,0
DA:6541,0
DA:6542,0
DA:6543,0
DA:6546,0
DA:6547,0
DA:6548,0
DA:6549,0
DA:6550,0
DA:6551,0
DA:6552,0
DA:6555,0
DA:6556,0
DA:6557,0
DA:6558,0
DA:6561,0
DA:6562,0
DA:6563,0
DA:6566,0
DA:6567,0
DA:6568,0
DA:6569,0
DA:6570,0
DA:6571,0
DA:6575,0
DA:6578,0
DA:6579,0
DA:6580,0
DA:6581,0
DA:6583,0
DA:6585,0
DA:6586,0
DA:6587,0
DA:6589,0
DA:6590,0
DA:6592,0
DA:6596,0
DA:6597,0
DA:6598,0
DA:6600,0
DA:6601,0
DA:6602,0
DA:6604,0
DA:6605,0
DA:6606,0
DA:6607,0
DA:6609,0
DA:6610,0
DA:6612,0
DA:6617,0
DA:6618,0
DA:6619,0
DA:6620,0
DA:6621,0
DA:6622,0
DA:6623,0
DA:6624,0
DA:6625,0
DA:6627,0
DA:6629,0
DA:6631,0
DA:6633,0
DA:6634,0
DA:6644,0
DA:6646,0
DA:6647,0
DA:6648,0
DA:6649,0
DA:6650,0
DA:6651,0
DA:6652,0
DA:6653,0
DA:6654,0
DA:6656,0
DA:6657,0
DA:6658,0
DA:6659,0
DA:6662,0
DA:6663,0
DA:6664,0
DA:6665,0
DA:6666,0
DA:6667,0
DA:6670,0
DA:6671,0
DA:6672,0
DA:6676,0
DA:6677,0
DA:6678,0
DA:6679,0
DA:6680,0
DA:6681,0
DA:6684,0
DA:6685,0
DA:6686,0
DA:6687,0
DA:6688,0
DA:6693,0
DA:6694,0
DA:6695,0
DA:6696,0
DA:6697,0
DA:6698,0
DA:6700,0
DA:6701,0
DA:6702,0
DA:6703,0
DA:6705,0
DA:6706,0
DA:6709,0
DA:6710,0
DA:6711,0
DA:6712,0
DA:6714,0
DA:6715,0
DA:6716,0
DA:6717,0
DA:6719,0
DA:6720,0
DA:6721,0
DA:6723,0
DA:6726,0
DA:6727,0
DA:6729,0
DA:6730,0
DA:6733,0
DA:6734,0
DA:6735,0
DA:6739,0
DA:6740,0
DA:6741,0
DA:6743,0
DA:6744,0
DA:6745,0
DA:6746,0
DA:6747,0
DA:6748,0
DA:6749,0
DA:6750,0
DA:6751,0
DA:6753,0
DA:6754,0
DA:6756,0
DA:6757,0
DA:6759,0
DA:6760,0
DA:6761,0
DA:6762,0
DA:6763,0
DA:6765,0
DA:6766,0
DA:6767,0
DA:6768,0
DA:6771,0
DA:6772,0
DA:6773,0
DA:6774,0
DA:6776,0
DA:6777,0
DA:6778,0
DA:6779,0
DA:6781,0
DA:6782,0
DA:6785,0
DA:6788,0
DA:6793,0
DA:6794,0
DA:6797,0
DA:6799,0
DA:6801,0
DA:6802,0
DA:6804,0
DA:6805,0
DA:6807,0
DA:6808,0
DA:6810,0
DA:6811,0
DA:6813,0
DA:6814,0
DA:6818,0
DA:6819,0
DA:6821,0
DA:6822,0
DA:6823,0
DA:6824,0
DA:6825,0
DA:6826,0
DA:6827,0
DA:6828,0
DA:6829,0
DA:6831,0
DA:6832,0
DA:6833,0
DA:6835,0
DA:6836,0
DA:6837,0
DA:6838,0
DA:6842,0
DA:6843,0
DA:6844,0
DA:6845,0
DA:6846,0
DA:6847,0
DA:6849,0
DA:6850,0
DA:6851,0
DA:6854,0
DA:6855,0
DA:6856,0
DA:6857,0
DA:6858,0
DA:6859,0
DA:6860,0
DA:6862,0
DA:6865,0
DA:6866,0
DA:6867,0
DA:6869,0
DA:6871,0
DA:6872,0
DA:6873,0
DA:6874,0
DA:6876,0
DA:6877,0
DA:6880,0
DA:6881,0
DA:6883,0
DA:6887,0
DA:6888,0
DA:6892,0
DA:6893,0
DA:6897,0
DA:6898,0
DA:6902,0
DA:6903,0
DA:6905,0
DA:6906,0
DA:6907,0
DA:6908,0
DA:6910,0
DA:6911,0
DA:6912,0
DA:6913,0
DA:6914,0
DA:6915,0
DA:6916,0
DA:6917,0
DA:6918,0
DA:6919,0
DA:6920,0
DA:6921,0
DA:6925,0
DA:6927,0
DA:6928,0
DA:6929,0
DA:6930,0
DA:6931,0
DA:6932,0
DA:6933,0
DA:6934,0
DA:6935,0
DA:6937,0
DA:6938,0
DA:6939,0
DA:6940,0
DA:6944,0
DA:6945,0
DA:6946,0
DA:6947,0
DA:6950,0
DA:6951,0
DA:6952,0
DA:6953,0
DA:6954,0
DA:6955,0
DA:6957,0
DA:6960,0
DA:6961,0
DA:6962,0
DA:6963,0
DA:6964,0
DA:6965,0
DA:6967,0
DA:6974,0
DA:6975,0
DA:6976,0
DA:6977,0
DA:6978,0
DA:6979,0
DA:6986,0
DA:6987,0
DA:6988,0
DA:6989,0
DA:6990,0
DA:6991,0
DA:6992,0
DA:6994,0
DA:6997,0
DA:6998,0
DA:6999,0
DA:7000,0
DA:7001,0
DA:7002,0
DA:7003,0
DA:7004,0
DA:7005,0
DA:7007,0
DA:7008,0
DA:7009,0
DA:7010,0
DA:7012,0
DA:7015,0
DA:7016,0
DA:7017,0
DA:7019,0
DA:7025,0
DA:7026,0
DA:7027,0
DA:7028,0
DA:7029,0
DA:7030,0
DA:7031,0
DA:7032,0
DA:7033,0
DA:7034,0
DA:7035,0
DA:7036,0
DA:7037,0
DA:7039,0
DA:7040,0
DA:7041,0
DA:7042,0
DA:7043,0
DA:7045,0
DA:7050,0
DA:7051,0
DA:7052,0
DA:7054,0
DA:7055,0
DA:7057,0
DA:7058,0
DA:7059,0
DA:7061,0
DA:7062,0
DA:7064,0
DA:7065,0
DA:7066,0
DA:7067,0
DA:7069,0
DA:7070,0
DA:7071,0
DA:7072,0
DA:7074,0
DA:7075,0
DA:7076,0
DA:7079,0
DA:7080,0
DA:7081,0
DA:7083,0
DA:7084,0
DA:7085,0
DA:7091,0
DA:7092,0
DA:7093,0
DA:7096,0
DA:7097,0
DA:7098,0
DA:7101,0
DA:7102,0
DA:7103,0
DA:7104,0
DA:7106,0
DA:7107,0
DA:7108,0
DA:7109,0
DA:7110,0
DA:7111,0
DA:7113,0
DA:7114,0
DA:7115,0
DA:7117,0
DA:7118,0
DA:7121,0
DA:7123,0
DA:7124,0
DA:7125,0
DA:7128,0
DA:7129,0
DA:7130,0
DA:7131,0
DA:7133,0
DA:7135,0
DA:7136,0
DA:7138,0
DA:7154,0
DA:7158,0
DA:7162,0
DA:7163,0
DA:7164,0
DA:7165,0
DA:7167,0
DA:7168,0
DA:7169,0
DA:7170,0
DA:7171,0
DA:7172,0
DA:7173,0
DA:7175,0
DA:7176,0
DA:7182,0
DA:7187,0
DA:7191,0
DA:7192,0
DA:7193,0
DA:7194,0
DA:7196,0
DA:7197,0
DA:7198,0
DA:7199,0
DA:7200,0
DA:7201,0
DA:7202,0
DA:7204,0
DA:7205,0
DA:7211,0
DA:7212,0
DA:7216,0
DA:7224,0
DA:7228,0
DA:7229,0
DA:7230,0
DA:7231,0
DA:7234,0
DA:7235,0
DA:7236,0
DA:7237,0
DA:7238,0
DA:7239,0
DA:7240,0
DA:7241,0
DA:7242,0
DA:7243,0
DA:7244,0
DA:7245,0
DA:7247,0
DA:7248,0
DA:7254,0
DA:7255,0
DA:7256,0
DA:7261,0
DA:7270,0
DA:7271,0
DA:7275,0
DA:7276,0
DA:7282,0
DA:7287,0
DA:7289,0
DA:7290,0
DA:7296,0
DA:7297,0
DA:7299,0
DA:7301,0
DA:7302,0
DA:7304,0
DA:7305,0
DA:7306,0
DA:7307,0
DA:7308,0
DA:7309,0
DA:7310,0
DA:7314,0
DA:7315,0
DA:7316,0
DA:7318,0
DA:7319,0
DA:7320,0
DA:7321,0
DA:7322,0
DA:7325,0
DA:7326,0
DA:7338,0
DA:7339,0
DA:7340,0
DA:7341,0
DA:7342,0
DA:7343,0
DA:7344,0
DA:7345,0
DA:7346,0
DA:7347,0
DA:7348,0
DA:7349,0
DA:7350,0
DA:7351,0
DA:7353,0
DA:7354,0
DA:7355,0
DA:7356,0
DA:7357,0
DA:7358,0
DA:7359,0
DA:7360,0
DA:7363,0
DA:7366,0
DA:7367,0
DA:7369,0
DA:7370,0
DA:7372,0
DA:7373,0
DA:7374,0
DA:7375,0
DA:7376,0
DA:7378,0
DA:7381,0
DA:7382,0
DA:7383,0
DA:7384,0
DA:7385,0
DA:7386,0
DA:7387,0
DA:7389,0
DA:7390,0
DA:7391,0
DA:7392,0
DA:7395,0
DA:7396,0
DA:7397,0
DA:7398,0
DA:7400,0
DA:7401,0
DA:7402,0
DA:7403,0
DA:7404,0
DA:7406,0
DA:7407,0
DA:7408,0
DA:7411,0
DA:7412,0
DA:7416,0
DA:7417,0
DA:7419,0
DA:7420,0
DA:7421,0
DA:7423,0
DA:7425,0
DA:7427,0
DA:7428,0
DA:7430,0
DA:7435,0
DA:7436,0
DA:7438,0
DA:7439,0
DA:7440,0
DA:7442,0
DA:7445,0
DA:7446,0
DA:7447,0
DA:7450,0
DA:7451,0
DA:7454,0
DA:7456,0
DA:7457,0
DA:7458,0
DA:7460,0
DA:7461,0
DA:7462,0
DA:7463,0
DA:7464,0
DA:7465,0
DA:7466,0
DA:7467,0
DA:7468,0
DA:7471,0
DA:7472,0
DA:7474,0
DA:7476,0
DA:7477,0
DA:7478,0
DA:7480,0
DA:7481,0
DA:7482,0
DA:7483,0
DA:7484,0
DA:7485,0
DA:7486,0
DA:7487,0
DA:7488,0
DA:7491,0
DA:7492,0
DA:7494,0
DA:7496,0
DA:7497,0
DA:7498,0
DA:7500,0
DA:7501,0
DA:7502,0
DA:7503,0
DA:7504,0
DA:7505,0
DA:7506,0
DA:7507,0
DA:7508,0
DA:7509,0
DA:7510,0
DA:7511,0
DA:7512,0
DA:7513,0
DA:7514,0
DA:7517,0
DA:7518,0
DA:7520,0
DA:7522,0
DA:7523,0
DA:7524,0
DA:7525,0
DA:7527,0
DA:7530,0
DA:7531,0
DA:7532,0
DA:7536,0
DA:7537,0
DA:7538,0
DA:7539,0
DA:7540,0
DA:7542,0
DA:7543,0
DA:7544,0
DA:7545,0
DA:7546,0
DA:7548,0
DA:7550,0
DA:7551,0
DA:7552,0
DA:7553,0
DA:7554,0
DA:7555,0
DA:7557,0
DA:7558,0
DA:7559,0
DA:7560,0
DA:7561,0
DA:7562,0
DA:7573,0
DA:7574,0
DA:7575,0
DA:7576,0
DA:7577,0
DA:7579,0
DA:7580,0
DA:7581,0
DA:7583,0
DA:7584,0
DA:7586,0
DA:7587,0
DA:7588,0
DA:7589,0
DA:7590,0
DA:7591,0
DA:7592,0
DA:7596,0
DA:7597,0
DA:7598,0
DA:7599,0
DA:7600,0
DA:7602,0
DA:7604,0
DA:7607,0
DA:7608,0
DA:7614,0
DA:7615,0
DA:7616,0
DA:7617,0
DA:7619,0
DA:7620,0
DA:7621,0
DA:7623,0
DA:7624,0
DA:7625,0
DA:7626,0
DA:7627,0
DA:7629,0
DA:7637,0
DA:7638,0
DA:7639,0
DA:7640,0
DA:7641,0
DA:7643,0
DA:7644,0
DA:7645,0
DA:7647,0
DA:7648,0
DA:7649,0
DA:7650,0
DA:7651,0
DA:7652,0
DA:7653,0
DA:7654,0
DA:7656,0
DA:7659,0
DA:7661,0
DA:7662,0
DA:7663,0
DA:7664,0
DA:7665,0
DA:7666,0
DA:7667,0
DA:7668,0
DA:7671,0
DA:7674,0
DA:7677,0
DA:7680,0
DA:7683,0
DA:7684,0
DA:7686,0
DA:7688,0
DA:7701,0
DA:7702,0
DA:7703,0
DA:7704,0
DA:7705,0
DA:7706,0
DA:7707,0
DA:7708,0
DA:7709,0
DA:7710,0
DA:7711,0
DA:7712,0
DA:7713,0
DA:7714,0
DA:7715,0
DA:7716,0
DA:7718,0
DA:7719,0
DA:7720,0
DA:7721,0
DA:7724,0
DA:7726,0
DA:7727,0
DA:7728,0
DA:7731,0
DA:7732,0
DA:7733,0
DA:7735,0
DA:7736,0
DA:7737,0
DA:7739,0
DA:7740,0
DA:7741,0
DA:7743,0
DA:7744,0
DA:7745,0
DA:7747,0
DA:7748,0
DA:7749,0
DA:7752,0
DA:7754,0
DA:7755,0
DA:7756,0
DA:7758,0
DA:7759,0
DA:7761,0
DA:7762,0
DA:7763,0
DA:7764,0
DA:7766,0
DA:7767,0
DA:7768,0
DA:7769,0
DA:7770,0
DA:7773,0
DA:7774,0
DA:7775,0
DA:7776,0
DA:7777,0
DA:7780,0
DA:7781,0
DA:7782,0
DA:7783,0
DA:7786,0
DA:7787,0
DA:7788,0
DA:7789,0
DA:7795,0
DA:7796,0
DA:7797,0
DA:7798,0
DA:7799,0
DA:7800,0
DA:7801,0
DA:7802,0
DA:7803,0
DA:7804,0
DA:7807,0
DA:7809,0
DA:7811,0
DA:7812,0
DA:7814,0
DA:7815,0
DA:7816,0
DA:7817,0
DA:7818,0
DA:7819,0
DA:7820,0
DA:7821,0
DA:7822,0
DA:7823,0
DA:7824,0
DA:7825,0
DA:7826,0
DA:7827,0
DA:7829,0
DA:7830,0
DA:7833,0
DA:7834,0
DA:7835,0
DA:7836,0
DA:7839,0
DA:7840,0
DA:7841,0
DA:7842,0
DA:7844,0
DA:7845,0
DA:7846,0
DA:7847,0
DA:7851,0
DA:7852,0
DA:7855,0
DA:7856,0
DA:7857,0
DA:7859,0
DA:7860,0
DA:7861,0
DA:7867,0
DA:7868,0
DA:7869,0
DA:7870,0
DA:7872,0
DA:7875,0
DA:7876,0
DA:7877,0
DA:7879,0
DA:7881,0
DA:7882,0
DA:7884,0
DA:7885,0
DA:7886,0
DA:7887,0
DA:7888,0
DA:7889,0
DA:7891,0
DA:7892,0
DA:7893,0
DA:7894,0
DA:7895,0
DA:7896,0
DA:7897,0
DA:7900,0
DA:7901,0
DA:7902,0
DA:7903,0
DA:7906,0
DA:7907,0
DA:7908,0
DA:7912,0
DA:7915,0
DA:7917,0
DA:7919,0
DA:7920,0
DA:7921,0
DA:7922,0
DA:7923,0
DA:7924,0
DA:7925,0
DA:7926,0
DA:7928,0
DA:7929,0
DA:7930,0
DA:7932,0
DA:7933,0
DA:7935,0
DA:7936,0
DA:7938,0
DA:7939,0
DA:7942,0
DA:7943,0
DA:7944,0
DA:7945,0
DA:7948,0
DA:7949,0
DA:7952,0
DA:7954,0
DA:7956,0
DA:7958,0
DA:7959,0
DA:7962,0
DA:7963,0
DA:7964,0
DA:7965,0
DA:7966,0
DA:7967,0
DA:7968,0
DA:7975,0
DA:7977,0
DA:7978,0
DA:7979,0
DA:7986,0
DA:7987,0
DA:7988,0
DA:7990,0
DA:7991,0
DA:7992,0
DA:7993,0
DA:7994,0
DA:7997,0
DA:7998,0
DA:7999,0
DA:8000,0
DA:8001,0
DA:8002,0
DA:8003,0
DA:8004,0
DA:8005,0
DA:8006,0
DA:8007,0
DA:8009,0
DA:8013,0
DA:8014,0
DA:8015,0
DA:8016,0
DA:8019,0
DA:8020,0
DA:8021,0
DA:8022,0
DA:8024,0
DA:8025,0
DA:8026,0
DA:8027,0
DA:8028,0
DA:8030,0
DA:8032,0
DA:8033,0
DA:8036,0
DA:8039,0
DA:8040,0
DA:8041,0
DA:8042,0
DA:8043,0
DA:8045,0
DA:8046,0
DA:8047,0
DA:8048,0
DA:8049,0
DA:8050,0
DA:8051,0
DA:8052,0
DA:8053,0
DA:8054,0
DA:8055,0
DA:8056,0
DA:8058,0
DA:8059,0
DA:8061,0
DA:8062,0
DA:8064,0
DA:8065,0
DA:8067,0
DA:8069,0
DA:8071,0
DA:8073,0
DA:8074,0
DA:8084,0
DA:8086,0
DA:8087,0
DA:8088,0
DA:8089,0
DA:8090,0
DA:8091,0
DA:8092,0
DA:8094,0
DA:8099,0
DA:8100,0
DA:8101,0
DA:8103,0
DA:8104,0
DA:8105,0
DA:8106,0
DA:8107,0
DA:8108,0
DA:8109,0
DA:8110,0
DA:8111,0
DA:8112,0
DA:8118,0
DA:8119,0
DA:8120,0
DA:8121,0
DA:8122,0
DA:8123,0
DA:8124,0
DA:8125,0
DA:8128,0
DA:8129,0
DA:8130,0
DA:8131,0
DA:8132,0
DA:8133,0
DA:8134,0
DA:8137,0
DA:8138,0
DA:8139,0
DA:8141,0
DA:8150,0
DA:8151,0
DA:8157,0
DA:8158,0
DA:8159,0
DA:8160,0
DA:8161,0
DA:8163,0
DA:8164,0
DA:8165,0
DA:8166,0
DA:8168,0
DA:8170,0
DA:8171,0
DA:8172,0
DA:8174,0
DA:8176,0
DA:8183,0
DA:8184,0
DA:8190,0
DA:8191,0
DA:8195,0
DA:8196,0
DA:8198,0
DA:8199,0
DA:8200,0
DA:8202,0
DA:8203,0
DA:8205,0
DA:8206,0
DA:8207,0
DA:8208,0
DA:8209,0
DA:8210,0
DA:8213,0
DA:8217,0
DA:8218,0
DA:8229,0
DA:8230,0
DA:8231,0
DA:8233,0
DA:8234,0
DA:8236,0
DA:8242,0
DA:8243,0
DA:8244,0
DA:8245,0
DA:8246,0
DA:8248,0
DA:8249,0
DA:8250,0
DA:8251,0
DA:8254,0
DA:8255,0
DA:8256,0
DA:8258,0
DA:8259,0
DA:8261,0
DA:8262,0
DA:8264,0
DA:8265,0
DA:8266,0
DA:8268,0
DA:8269,0
DA:8270,0
DA:8271,0
DA:8272,0
DA:8273,0
DA:8274,0
DA:8275,0
DA:8276,0
DA:8277,0
DA:8278,0
DA:8279,0
DA:8281,0
DA:8284,0
DA:8287,0
DA:8288,0
DA:8289,0
DA:8291,0
DA:8294,0
DA:8295,0
DA:8296,0
DA:8297,0
DA:8298,0
DA:8299,0
DA:8300,0
DA:8301,0
DA:8302,0
DA:8308,0
DA:8309,0
DA:8311,0
DA:8313,0
LF:4543
LH:0
BRDA:19,0,0,0
BRDA:19,0,1,0
BRDA:20,1,0,0
BRDA:20,1,1,0
BRDA:22,2,0,0
BRDA:22,2,1,0
BRDA:22,3,0,0
BRDA:22,3,1,0
BRDA:23,4,0,0
BRDA:23,4,1,0
BRDA:28,5,0,0
BRDA:28,5,1,0
BRDA:30,6,0,0
BRDA:30,6,1,0
BRDA:33,7,0,0
BRDA:33,7,1,0
BRDA:35,8,0,0
BRDA:35,8,1,0
BRDA:44,9,0,0
BRDA:44,9,1,0
BRDA:46,10,0,0
BRDA:46,10,1,0
BRDA:62,11,0,0
BRDA:62,11,1,0
BRDA:67,12,0,0
BRDA:67,12,1,0
BRDA:70,13,0,0
BRDA:70,13,1,0
BRDA:74,14,0,0
BRDA:74,14,1,0
BRDA:74,15,0,0
BRDA:74,15,1,0
BRDA:74,16,0,0
BRDA:74,16,1,0
BRDA:78,17,0,0
BRDA:78,17,1,0
BRDA:84,18,0,0
BRDA:84,18,1,0
BRDA:89,19,0,0
BRDA:89,19,1,0
BRDA:93,20,0,0
BRDA:93,20,1,0
BRDA:93,21,0,0
BRDA:93,21,1,0
BRDA:93,21,2,0
BRDA:93,21,3,0
BRDA:94,22,0,0
BRDA:94,22,1,0
BRDA:96,23,0,0
BRDA:96,23,1,0
BRDA:96,24,0,0
BRDA:96,24,1,0
BRDA:99,25,0,0
BRDA:99,25,1,0
BRDA:99,26,0,0
BRDA:99,26,1,0
BRDA:104,27,0,0
BRDA:104,27,1,0
BRDA:127,28,0,0
BRDA:127,28,1,0
BRDA:127,29,0,0
BRDA:127,29,1,0
BRDA:132,30,0,0
BRDA:132,30,1,0
BRDA:141,31,0,0
BRDA:141,31,1,0
BRDA:141,31,2,0
[...]
BRDA:8,811,1,0
BRDA:8,812,0,0
BRDA:8,812,1,0
BRDA:8,813,0,0
BRDA:8,813,1,0
BRDA:8,813,2,0
BRDA:8,814,0,0
BRDA:8,814,1,0
BRDA:8,815,0,0
BRDA:8,815,1,0
BRDA:8,816,0,0
BRDA:8,816,1,0
BRDA:8,817,0,0
BRDA:8,817,1,0
BRDA:8,818,0,0
BRDA:8,818,1,0
BRDA:8,819,0,0
BRDA:8,819,1,0
BRDA:8,820,0,0
BRDA:8,820,1,0
BRDA:8,820,2,0
BRDA:8,821,0,0
BRDA:8,821,1,0
BRDA:8,822,0,0
BRDA:8,822,1,0
BRDA:8,823,0,0
BRDA:8,823,1,0
BRDA:8,824,0,0
BRDA:8,824,1,0
BRDA:8,825,0,0
BRDA:8,825,1,0
BRDA:8,826,0,0
BRDA:8,826,1,0
BRDA:8,827,0,0
BRDA:8,827,1,0
BRDA:8,828,0,0
BRDA:8,828,1,0
BRDA:8,828,2,0
BRDA:8,829,0,0
BRDA:8,829,1,0
BRDA:8,830,0,0
BRDA:8,830,1,0
BRDA:8,831,0,0
BRDA:8,831,1,0
BRDA:8,832,0,0
BRDA:8,832,1,0
BRDA:8,833,0,0
BRDA:8,833,1,0
BRDA:8,834,0,0
BRDA:8,834,1,0
BRDA:8,835,0,0
BRDA:8,835,1,0
BRDA:8,836,0,0
BRDA:8,836,1,0
BRDA:8,837,0,0
BRDA:8,837,1,0
BRDA:8,838,0,0
BRDA:8,838,1,0
BRDA:8,839,0,0
BRDA:8,839,1,0
BRDA:8,840,0,0
BRDA:8,840,1,0
BRDA:8,840,2,0
BRDA:8,841,0,0
BRDA:8,841,1,0
BRDA:8,842,0,0
BRDA:8,842,1,0
BRDA:8,843,0,0
BRDA:8,843,1,0
BRDA:8,844,0,0
BRDA:8,844,1,0
BRDA:8,845,0,0
BRDA:8,845,1,0
BRDA:8,846,0,0
BRDA:8,846,1,0
BRDA:8,847,0,0
BRDA:8,847,1,0
BRDA:8,848,0,0
BRDA:8,848,1,0
BRDA:8,849,0,0
BRDA:8,849,1,0
BRDA:8,850,0,0
BRDA:8,850,1,0
BRDA:8,851,0,0
BRDA:8,851,1,0
BRDA:8,852,0,0
BRDA:8,852,1,0
BRDA:8,852,2,0
BRDA:8,852,3,0
BRDA:8,853,0,0
BRDA:8,853,1,0
BRDA:8,853,2,0
BRDA:8,854,0,0
BRDA:8,854,1,0
BRDA:8,855,0,0
BRDA:8,855,1,0
BRDA:8,856,0,0
BRDA:8,856,1,0
BRDA:8,856,2,0
BRDA:8,856,3,0
BRDA:8,856,4,0
BRDA:8,857,0,0
BRDA:8,857,1,0
BRDA:8,858,0,0
BRDA:8,858,1,0
BRDA:8,859,0,0
BRDA:8,859,1,0
BRDA:8,860,0,0
BRDA:8,860,1,0
BRDA:8,861,0,0
BRDA:8,861,1,0
BRDA:8,862,0,0
BRDA:8,862,1,0
BRDA:8,863,0,0
BRDA:8,863,1,0
BRDA:8,864,0,0
BRDA:8,864,1,0
BRDA:8,865,0,0
BRDA:8,865,1,0
BRDA:8,866,0,0
BRDA:8,866,1,0
BRDA:8,867,0,0
BRDA:8,867,1,0
BRDA:8,868,0,0
BRDA:8,868,1,0
BRDA:8,868,2,0
BRDA:8,869,0,0
BRDA:8,869,1,0
BRDA:8,870,0,0
BRDA:8,870,1,0
BRDA:8,871,0,0
BRDA:8,871,1,0
BRDA:8,872,0,0
BRDA:8,872,1,0
BRDA:8,873,0,0
BRDA:8,873,1,0
BRDA:8,874,0,0
BRDA:8,874,1,0
BRDA:8,874,2,0
BRDA:8,875,0,0
BRDA:8,875,1,0
BRDA:8,875,2,0
BRDA:8,876,0,0
BRDA:8,876,1,0
BRDA:8,877,0,0
BRDA:8,877,1,0
BRDA:8,877,2,0
BRDA:8,877,3,0
BRDA:8,878,0,0
BRDA:8,878,1,0
BRDA:8,879,0,0
BRDA:8,879,1,0
BRDA:8,879,2,0
BRDA:8,879,3,0
BRDA:8,880,0,0
BRDA:8,880,1,0
BRDA:8,881,0,0
BRDA:8,881,1,0
BRDA:8,882,0,0
BRDA:8,882,1,0
BRDA:8,883,0,0
BRDA:8,883,1,0
BRDA:8,883,2,0
BRDA:8,884,0,0
BRDA:8,884,1,0
BRDA:8,885,0,0
BRDA:8,885,1,0
BRDA:8,885,2,0
BRDA:8,885,3,0
BRDA:8,886,0,0
BRDA:8,886,1,0
BRDA:8,887,0,0
BRDA:8,887,1,0
BRDA:8,887,2,0
BRDA:8,887,3,0
BRDA:8,888,0,0
BRDA:8,888,1,0
BRDA:8,889,0,0
BRDA:8,889,1,0
BRDA:8,890,0,0
BRDA:8,890,1,0
BRDA:8,891,0,0
BRDA:8,891,1,0
BRDA:8,891,2,0
BRDA:8,892,0,0
BRDA:8,892,1,0
BRDA:8,892,2,0
BRDA:8,893,0,0
BRDA:8,893,1,0
BRDA:8,894,0,0
BRDA:8,894,1,0
BRDA:8,895,0,0
BRDA:8,895,1,0
BRDA:8,895,2,0
BRDA:8,896,0,0
BRDA:8,896,1,0
BRDA:8,896,2,0
BRDA:8,897,0,0
BRDA:8,897,1,0
BRDA:8,898,0,0
BRDA:8,898,1,0
BRDA:8,898,2,0
BRDA:8,898,3,0
BRDA:8,899,0,0
BRDA:8,899,1,0
BRDA:8,900,0,0
BRDA:8,900,1,0
BRDA:8,900,2,0
BRDA:8,900,3,0
BRDA:8,901,0,0
BRDA:8,901,1,0
BRDA:8,902,0,0
BRDA:8,902,1,0
BRDA:8,902,2,0
BRDA:8,903,0,0
BRDA:8,903,1,0
BRDA:8,904,0,0
BRDA:8,904,1,0
BRDA:8,905,0,0
BRDA:8,905,1,0
BRDA:8,906,0,0
BRDA:8,906,1,0
BRDA:8,906,2,0
BRDA:8,906,3,0
BRDA:8,907,0,0
BRDA:8,907,1,0
BRDA:8,908,0,0
BRDA:8,908,1,0
BRDA:8,908,2,0
BRDA:8,908,3,0
BRDA:8,909,0,0
BRDA:8,909,1,0
BRDA:8,910,0,0
BRDA:8,910,1,0
BRDA:8,910,2,0
BRDA:8,911,0,0
BRDA:8,911,1,0
BRDA:8,912,0,0
BRDA:8,912,1,0
BRDA:8,913,0,0
BRDA:8,913,1,0
BRDA:8,913,2,0
BRDA:8,914,0,0
BRDA:8,914,1,0
BRDA:8,915,0,0
BRDA:8,915,1,0
BRDA:8,916,0,0
BRDA:8,916,1,0
BRDA:8,917,0,0
BRDA:8,917,1,0
BRDA:8,918,0,0
BRDA:8,918,1,0
BRDA:8,919,0,0
BRDA:8,919,1,0
BRDA:8,920,0,0
BRDA:8,920,1,0
BRDA:8,921,0,0
BRDA:8,921,1,0
BRDA:8,922,0,0
BRDA:8,922,1,0
BRDA:8,923,0,0
BRDA:8,923,1,0
BRDA:8,924,0,0
BRDA:8,924,1,0
BRDA:8,925,0,0
BRDA:8,925,1,0
BRDA:8,925,2,0
BRDA:8,926,0,0
BRDA:8,926,1,0
BRDA:8,927,0,0
BRDA:8,927,1,0
BRDA:8,928,0,0
BRDA:8,928,1,0
BRDA:8,929,0,0
BRDA:8,929,1,0
BRDA:8,930,0,0
BRDA:8,930,1,0
BRDA:8,931,0,0
BRDA:8,931,1,0
BRDA:8,932,0,0
BRDA:8,932,1,0
BRDA:8,932,2,0
BRDA:8,933,0,0
BRDA:8,933,1,0
BRDA:8,934,0,0
BRDA:8,934,1,0
BRDA:8,935,0,0
BRDA:8,935,1,0
BRDA:8,936,0,0
BRDA:8,936,1,0
BRDA:8,937,0,0
BRDA:8,937,1,0
BRDA:8,938,0,0
BRDA:8,938,1,0
BRDA:8,939,0,0
BRDA:8,939,1,0
BRDA:8,940,0,0
BRDA:8,940,1,0
BRDA:8,941,0,0
BRDA:8,941,1,0
BRDA:8,942,0,0
BRDA:8,942,1,0
BRDA:8,943,0,0
BRDA:8,943,1,0
BRDA:8,943,2,0
BRDA:8,943,3,0
BRDA:8,944,0,0
BRDA:8,944,1,0
BRDA:8,945,0,0
BRDA:8,945,1,0
BRDA:8,946,0,0
BRDA:8,946,1,0
BRDA:8,947,0,0
BRDA:8,947,1,0
BRDA:8,948,0,0
BRDA:8,948,1,0
BRDA:8,949,0,0
BRDA:8,949,1,0
BRDA:8,950,0,0
BRDA:8,950,1,0
BRDA:8,951,0,0
BRDA:8,951,1,0
BRDA:8,952,0,0
BRDA:8,952,1,0
BRDA:8,953,0,0
BRDA:8,953,1,0
BRDA:8,954,0,0
BRDA:8,954,1,0
BRDA:8,955,0,0
BRDA:8,955,1,0
BRDA:8,956,0,0
BRDA:8,956,1,0
BRDA:8,957,0,0
BRDA:8,957,1,0
BRDA:8,958,0,0
BRDA:8,958,1,0
BRDA:8,959,0,0
BRDA:8,959,1,0
BRDA:8,960,0,0
BRDA:8,960,1,0
BRDA:8,961,0,0
BRDA:8,961,1,0
BRDA:8,962,0,0
BRDA:8,962,1,0
BRDA:8,963,0,0
BRDA:8,963,1,0
BRDA:8,963,2,0
BRDA:8,964,0,0
BRDA:8,964,1,0
BRDA:8,965,0,0
BRDA:8,965,1,0
BRDA:8,966,0,0
BRDA:8,966,1,0
BRDA:8,967,0,0
BRDA:8,967,1,0
BRDA:8,968,0,0
BRDA:8,968,1,0
BRDA:8,969,0,0
BRDA:8,969,1,0
BRDA:8,969,2,0
BRDA:8,970,0,0
BRDA:8,970,1,0
BRDA:8,971,0,0
BRDA:8,971,1,0
BRDA:8,972,0,0
BRDA:8,972,1,0
BRDA:8,973,0,0
BRDA:8,973,1,0
BRDA:8,974,0,0
BRDA:8,974,1,0
BRDA:8,975,0,0
BRDA:8,975,1,0
BRDA:8,976,0,0
BRDA:8,976,1,0
BRDA:8,977,0,0
BRDA:8,977,1,0
BRDA:8,978,0,0
BRDA:8,978,1,0
BRDA:8,979,0,0
BRDA:8,979,1,0
BRDA:8,980,0,0
BRDA:8,980,1,0
BRDA:8,981,0,0
BRDA:8,981,1,0
BRDA:8,982,0,0
BRDA:8,982,1,0
BRDA:8,983,0,0
BRDA:8,983,1,0
BRDA:8,983,2,0
BRDA:8,984,0,0
BRDA:8,984,1,0
BRDA:8,985,0,0
BRDA:8,985,1,0
BRDA:8,986,0,0
BRDA:8,986,1,0
BRDA:8,987,0,0
BRDA:8,987,1,0
BRDA:8,988,0,0
BRDA:8,988,1,0
BRDA:8,989,0,0
BRDA:8,989,1,0
BRDA:8,990,0,0
BRDA:8,990,1,0
BRDA:8,991,0,0
BRDA:8,991,1,0
BRDA:8,992,0,0
BRDA:8,992,1,0
BRDA:8,993,0,0
BRDA:8,993,1,0
BRDA:8,994,0,0
BRDA:8,994,1,0
BRDA:8,995,0,0
BRDA:8,995,1,0
BRDA:8,996,0,0
BRDA:8,996,1,0
BRDA:8,996,2,0
BRDA:8,997,0,0
BRDA:8,997,1,0
BRDA:8,997,2,0
BRDA:8,998,0,0
BRDA:8,998,1,0
BRDA:8,999,0,0
BRDA:8,999,1,0
BRDA:8,1000,0,0
BRDA:8,1000,1,0
BRDA:8,1000,2,0
BRDA:8,1000,3,0
BRDA:8,1001,0,0
BRDA:8,1001,1,0
BRDA:8,1002,0,0
BRDA:8,1002,1,0
BRDA:8,1003,0,0
BRDA:8,1003,1,0
BRDA:8,1004,0,0
BRDA:8,1004,1,0
BRDA:8,1005,0,0
BRDA:8,1005,1,0
BRDA:8,1006,0,0
BRDA:8,1006,1,0
BRDA:8,1007,0,0
BRDA:8,1007,1,0
BRDA:8,1008,0,0
BRDA:8,1008,1,0
BRDA:8,1009,0,0
BRDA:8,1009,1,0
BRDA:8,1010,0,0
BRDA:8,1010,1,0
BRDA:8,1011,0,0
BRDA:8,1011,1,0
BRDA:8,1012,0,0
BRDA:8,1012,1,0
BRDA:8,1013,0,0
BRDA:8,1013,1,0
BRDA:8,1014,0,0
BRDA:8,1014,1,0
BRDA:8,1015,0,0
BRDA:8,1015,1,0
BRDA:8,1016,0,0
BRDA:8,1016,1,0
BRDA:8,1017,0,0
BRDA:8,1017,1,0
BRDA:8,1017,2,0
BRDA:8,1017,3,0
BRDA:8,1018,0,0
BRDA:8,1018,1,0
BRDA:8,1019,0,0
BRDA:8,1019,1,0
BRDA:8,1020,0,0
BRDA:8,1020,1,0
BRDA:8,1021,0,0
BRDA:8,1021,1,0
BRDA:8,1022,0,0
BRDA:8,1022,1,0
BRDA:8,1023,0,0
BRDA:8,1023,1,0
BRDA:8,1023,2,0
BRDA:8,1023,3,0
BRDA:8,1024,0,0
BRDA:8,1024,1,0
BRDA:8,1025,0,0
BRDA:8,1025,1,0
BRDA:8,1026,0,0
BRDA:8,1026,1,0
BRDA:8,1027,0,0
BRDA:8,1027,1,0
BRDA:8,1027,2,0
BRDA:8,1028,0,0
BRDA:8,1028,1,0
BRDA:8,1029,0,0
BRDA:8,1029,1,0
BRDA:8,1030,0,0
BRDA:8,1030,1,0
BRDA:8,1031,0,0
BRDA:8,1031,1,0
BRDA:8,1032,0,0
BRDA:8,1032,1,0
BRDA:8,1033,0,0
BRDA:8,1033,1,0
BRDA:8,1034,0,0
BRDA:8,1034,1,0
BRDA:8,1035,0,0
BRDA:8,1035,1,0
BRDA:8,1036,0,0
BRDA:8,1036,1,0
BRDA:8,1036,2,0
BRDA:8,1037,0,0
BRDA:8,1037,1,0
BRDA:8,1038,0,0
BRDA:8,1038,1,0
BRDA:8,1039,0,0
BRDA:8,1039,1,0
BRDA:8,1040,0,0
BRDA:8,1040,1,0
BRDA:8,1041,0,0
BRDA:8,1041,1,0
BRDA:8,1042,0,0
BRDA:8,1042,1,0
BRDA:8,1043,0,0
BRDA:8,1043,1,0
BRDA:8,1044,0,0
BRDA:8,1044,1,0
BRDA:8,1045,0,0
BRDA:8,1045,1,0
BRDA:8,1046,0,0
BRDA:8,1046,1,0
BRDA:8,1047,0,0
BRDA:8,1047,1,0
BRDA:8,1048,0,0
BRDA:8,1048,1,0
BRDA:8,1049,0,0
BRDA:8,1049,1,0
BRDA:8,1050,0,0
BRDA:8,1050,1,0
BRDA:8,1051,0,0
BRDA:8,1051,1,0
BRDA:8,1051,2,0
BRDA:8,1051,3,0
BRDA:8,1052,0,0
BRDA:8,1052,1,0
BRDA:8,1053,0,0
BRDA:8,1053,1,0
BRDA:8,1053,2,0
BRDA:8,1054,0,0
BRDA:8,1054,1,0
BRDA:8,1054,2,0
BRDA:8,1054,3,0
BRDA:8,1055,0,0
BRDA:8,1055,1,0
BRDA:8,1056,0,0
BRDA:8,1056,1,0
BRDA:8,1057,0,0
BRDA:8,1057,1,0
BRDA:8,1058,0,0
BRDA:8,1058,1,0
BRDA:8,1059,0,0
BRDA:8,1059,1,0
BRDA:8,1060,0,0
BRDA:8,1060,1,0
BRDA:8,1061,0,0
BRDA:8,1061,1,0
BRDA:8,1062,0,0
BRDA:8,1062,1,0
BRDA:8,1063,0,0
BRDA:8,1063,1,0
BRDA:8,1064,0,0
BRDA:8,1064,1,0
BRDA:8,1065,0,0
BRDA:8,1065,1,0
BRDA:8,1066,0,0
BRDA:8,1066,1,0
BRDA:8,1067,0,0
BRDA:8,1067,1,0
BRDA:8,1068,0,0
BRDA:8,1068,1,0
BRDA:8,1069,0,0
BRDA:8,1069,1,0
BRDA:8,1070,0,0
BRDA:8,1070,1,0
BRDA:8,1071,0,0
BRDA:8,1071,1,0
BRDA:8,1072,0,0
BRDA:8,1072,1,0
BRDA:8,1072,2,0
BRDA:8,1072,3,0
BRDA:8,1072,4,0
BRDA:8,1073,0,0
BRDA:8,1073,1,0
BRDA:8,1073,2,0
BRDA:8,1074,0,0
BRDA:8,1074,1,0
BRDA:8,1074,2,0
BRDA:8,1074,3,0
BRDA:8,1075,0,0
BRDA:8,1075,1,0
BRDA:8,1076,0,0
BRDA:8,1076,1,0
BRDA:8,1077,0,0
BRDA:8,1077,1,0
BRDA:8,1078,0,0
BRDA:8,1078,1,0
BRDA:8,1079,0,0
BRDA:8,1079,1,0
BRDA:8,1080,0,0
BRDA:8,1080,1,0
BRDA:8,1081,0,0
BRDA:8,1081,1,0
BRDA:8,1081,2,0
BRDA:8,1081,3,0
BRDA:8,1081,4,0
BRDA:9,1082,0,0
BRDA:9,1082,1,0
BRDA:9,1083,0,0
BRDA:9,1083,1,0
BRDA:9,1084,0,0
BRDA:9,1084,1,0
BRDA:9,1085,0,0
BRDA:9,1085,1,0
BRDA:9,1086,0,0
BRDA:9,1086,1,0
BRDA:9,1087,0,0
BRDA:9,1087,1,0
BRDA:9,1088,0,0
BRDA:9,1088,1,0
BRDA:9,1089,0,0
BRDA:9,1089,1,0
BRDA:9,1090,0,0
BRDA:9,1090,1,0
BRDA:9,1091,0,0
BRDA:9,1091,1,0
BRDA:9,1092,0,0
BRDA:9,1092,1,0
BRDA:9,1093,0,0
BRDA:9,1093,1,0
BRDA:9,1094,0,0
BRDA:9,1094,1,0
BRDA:9,1095,0,0
BRDA:9,1095,1,0
BRDA:9,1096,0,0
BRDA:9,1096,1,0
BRDA:9,1097,0,0
BRDA:9,1097,1,0
BRDA:9,1098,0,0
BRDA:9,1098,1,0
BRDA:9,1099,0,0
BRDA:9,1099,1,0
BRDA:9,1100,0,0
BRDA:9,1100,1,0
BRDA:9,1101,0,0
BRDA:9,1101,1,0
BRDA:9,1102,0,0
BRDA:9,1102,1,0
BRDA:9,1103,0,0
BRDA:9,1103,1,0
BRDA:9,1104,0,0
BRDA:9,1104,1,0
BRDA:9,1105,0,0
BRDA:9,1105,1,0
BRDA:9,1106,0,0
BRDA:9,1106,1,0
BRDA:9,1107,0,0
BRDA:9,1107,1,0
BRDA:9,1108,0,0
BRDA:9,1108,1,0
BRDA:9,1109,0,0
BRDA:9,1109,1,0
BRDA:9,1110,0,0
BRDA:9,1110,1,0
BRDA:9,1111,0,0
BRDA:9,1111,1,0
BRDA:9,1112,0,0
BRDA:9,1112,1,0
BRDA:9,1112,2,0
BRDA:9,1112,3,0
BRDA:9,1112,4,0
BRDA:9,1112,5,0
BRDA:9,1112,6,0
BRDA:9,1112,7,0
BRDA:9,1113,0,0
BRDA:9,1113,1,0
BRDA:9,1114,0,0
BRDA:9,1114,1,0
BRDA:9,1115,0,0
BRDA:9,1115,1,0
BRDA:9,1115,2,0
BRDA:9,1116,0,0
BRDA:9,1116,1,0
BRDA:9,1117,0,0
BRDA:9,1117,1,0
BRDA:9,1117,2,0
BRDA:9,1118,0,0
BRDA:9,1118,1,0
BRDA:9,1119,0,0
BRDA:9,1119,1,0
BRDA:9,1120,0,0
BRDA:9,1120,1,0
BRDA:9,1121,0,0
BRDA:9,1121,1,0
BRDA:9,1122,0,0
BRDA:9,1122,1,0
BRDA:9,1122,2,0
BRDA:9,1122,3,0
BRDA:9,1122,4,0
BRDA:9,1123,0,0
BRDA:9,1123,1,0
BRDA:9,1124,0,0
BRDA:9,1124,1,0
BRDA:9,1125,0,0
BRDA:9,1125,1,0
BRDA:9,1126,0,0
BRDA:9,1126,1,0
BRDA:9,1127,0,0
BRDA:9,1127,1,0
BRDA:9,1128,0,0
BRDA:9,1128,1,0
BRDA:9,1129,0,0
BRDA:9,1129,1,0
BRDA:9,1130,0,0
BRDA:9,1130,1,0
BRDA:9,1131,0,0
BRDA:9,1131,1,0
BRDA:9,1132,0,0
BRDA:9,1132,1,0
BRDA:9,1132,2,0
BRDA:9,1133,0,0
BRDA:9,1133,1,0
BRDA:9,1133,2,0
BRDA:9,1133,3,0
BRDA:9,1134,0,0
BRDA:9,1134,1,0
BRDA:9,1134,2,0
BRDA:9,1134,3,0
BRDA:9,1134,4,0
BRDA:9,1134,5,0
BRDA:9,1134,6,0
BRDA:9,1135,0,0
BRDA:9,1135,1,0
BRDA:9,1136,0,0
BRDA:9,1136,1,0
BRDA:9,1137,0,0
BRDA:9,1137,1,0
BRDA:9,1138,0,0
BRDA:9,1138,1,0
BRDA:9,1138,2,0
BRDA:9,1138,3,0
BRDA:9,1139,0,0
BRDA:9,1139,1,0
BRDA:9,1140,0,0
BRDA:9,1140,1,0
BRDA:9,1141,0,0
BRDA:9,1141,1,0
BRDA:9,1142,0,0
BRDA:9,1142,1,0
BRDA:9,1143,0,0
BRDA:9,1143,1,0
BRDA:9,1144,0,0
BRDA:9,1144,1,0
BRDA:9,1145,0,0
BRDA:9,1145,1,0
BRDA:9,1146,0,0
BRDA:9,1146,1,0
BRDA:9,1147,0,0
BRDA:9,1147,1,0
BRDA:9,1148,0,0
BRDA:9,1148,1,0
BRDA:9,1149,0,0
BRDA:9,1149,1,0
BRDA:9,1150,0,0
BRDA:9,1150,1,0
BRDA:9,1151,0,0
BRDA:9,1151,1,0
BRDA:9,1152,0,0
BRDA:9,1152,1,0
BRDA:9,1153,0,0
BRDA:9,1153,1,0
BRDA:9,1154,0,0
BRDA:9,1154,1,0
BRDA:9,1155,0,0
BRDA:9,1155,1,0
BRDA:9,1155,2,0
BRDA:9,1156,0,0
BRDA:9,1156,1,0
BRDA:9,1157,0,0
BRDA:9,1157,1,0
BRDA:9,1158,0,0
BRDA:9,1158,1,0
BRDA:9,1159,0,0
BRDA:9,1159,1,0
BRDA:9,1160,0,0
BRDA:9,1160,1,0
BRDA:9,1161,0,0
BRDA:9,1161,1,0
BRDA:9,1162,0,0
BRDA:9,1162,1,0
BRDA:9,1163,0,0
BRDA:9,1163,1,0
BRDA:9,1164,0,0
BRDA:9,1164,1,0
BRDA:9,1165,0,0
BRDA:9,1165,1,0
BRDA:9,1165,2,0
BRDA:9,1166,0,0
BRDA:9,1166,1,0
BRDA:9,1167,0,0
BRDA:9,1167,1,0
BRDA:9,1168,0,0
BRDA:9,1168,1,0
BRDA:9,1168,2,0
BRDA:9,1169,0,0
BRDA:9,1169,1,0
BRDA:9,1170,0,0
BRDA:9,1170,1,0
BRDA:9,1171,0,0
BRDA:9,1171,1,0
BRDA:9,1172,0,0
BRDA:9,1172,1,0
BRDA:9,1173,0,0
BRDA:9,1173,1,0
BRDA:9,1174,0,0
BRDA:9,1174,1,0
BRDA:9,1175,0,0
BRDA:9,1175,1,0
BRDA:9,1176,0,0
BRDA:9,1176,1,0
BRDA:9,1177,0,0
BRDA:9,1177,1,0
BRDA:9,1178,0,0
BRDA:9,1178,1,0
BRDA:9,1179,0,0
BRDA:9,1179,1,0
BRDA:9,1180,0,0
BRDA:9,1180,1,0
BRDA:9,1181,0,0
BRDA:9,1181,1,0
BRDA:9,1182,0,0
BRDA:9,1182,1,0
BRDA:9,1183,0,0
BRDA:9,1183,1,0
BRDA:9,1184,0,0
BRDA:9,1184,1,0
BRDA:9,1185,0,0
BRDA:9,1185,1,0
BRDA:9,1185,2,0
BRDA:9,1186,0,0
BRDA:9,1186,1,0
BRDA:9,1187,0,0
BRDA:9,1187,1,0
BRDA:9,1188,0,0
BRDA:9,1188,1,0
BRDA:9,1189,0,0
BRDA:9,1189,1,0
BRDA:9,1189,2,0
BRDA:9,1189,3,0
BRDA:9,1190,0,0
BRDA:9,1190,1,0
BRDA:9,1191,0,0
BRDA:9,1191,1,0
BRDA:9,1191,2,0
BRDA:9,1191,3,0
BRDA:9,1192,0,0
BRDA:9,1192,1,0
BRDA:9,1192,2,0
BRDA:9,1193,0,0
BRDA:9,1193,1,0
BRDA:9,1194,0,0
BRDA:9,1194,1,0
BRDA:9,1195,0,0
BRDA:9,1195,1,0
BRDA:9,1196,0,0
BRDA:9,1196,1,0
BRDA:9,1197,0,0
BRDA:9,1197,1,0
BRDA:9,1198,0,0
BRDA:9,1198,1,0
BRDA:9,1199,0,0
BRDA:9,1199,1,0
BRDA:9,1200,0,0
BRDA:9,1200,1,0
BRDA:9,1201,0,0
BRDA:9,1201,1,0
BRDA:9,1202,0,0
BRDA:9,1202,1,0
BRDA:9,1203,0,0
BRDA:9,1203,1,0
BRDA:9,1204,0,0
BRDA:9,1204,1,0
BRDA:9,1205,0,0
BRDA:9,1205,1,0
BRDA:9,1206,0,0
BRDA:9,1206,1,0
BRDA:9,1207,0,0
BRDA:9,1207,1,0
BRDA:9,1208,0,0
BRDA:9,1208,1,0
BRDA:9,1209,0,0
BRDA:9,1209,1,0
BRDA:9,1210,0,0
BRDA:9,1210,1,0
BRDA:9,1211,0,0
BRDA:9,1211,1,0
BRDA:9,1212,0,0
BRDA:9,1212,1,0
BRDA:9,1213,0,0
BRDA:9,1213,1,0
BRDA:9,1214,0,0
BRDA:9,1214,1,0
BRDA:9,1215,0,0
BRDA:9,1215,1,0
BRDA:9,1216,0,0
BRDA:9,1216,1,0
BRDA:9,1217,0,0
BRDA:9,1217,1,0
BRDA:9,1218,0,0
BRDA:9,1218,1,0
BRDA:9,1219,0,0
BRDA:9,1219,1,0
BRDA:9,1220,0,0
BRDA:9,1220,1,0
BRDA:9,1221,0,0
BRDA:9,1221,1,0
BRDA:9,1222,0,0
BRDA:9,1222,1,0
BRDA:9,1223,0,0
BRDA:9,1223,1,0
BRDA:9,1224,0,0
BRDA:9,1224,1,0
BRDA:9,1225,0,0
BRDA:9,1225,1,0
BRDA:9,1226,0,0
BRDA:9,1226,1,0
BRDA:9,1227,0,0
BRDA:9,1227,1,0
BRDA:9,1228,0,0
BRDA:9,1228,1,0
BRDA:9,1228,2,0
BRDA:9,1229,0,0
BRDA:9,1229,1,0
BRDA:9,1230,0,0
BRDA:9,1230,1,0
BRDA:9,1231,0,0
BRDA:9,1231,1,0
BRDA:9,1232,0,0
BRDA:9,1232,1,0
BRDA:9,1233,0,0
BRDA:9,1233,1,0
BRDA:9,1233,2,0
BRDA:9,1233,3,0
BRDA:9,1234,0,0
BRDA:9,1234,1,0
BRDA:9,1235,0,0
BRDA:9,1235,1,0
BRDA:9,1236,0,0
BRDA:9,1236,1,0
BRDA:9,1237,0,0
BRDA:9,1237,1,0
BRDA:9,1238,0,0
BRDA:9,1238,1,0
BRDA:9,1238,2,0
BRDA:9,1239,0,0
BRDA:9,1239,1,0
BRDA:9,1240,0,0
BRDA:9,1240,1,0
BRDA:9,1241,0,0
BRDA:9,1241,1,0
BRDA:9,1242,0,0
BRDA:9,1242,1,0
BRDA:9,1243,0,0
BRDA:9,1243,1,0
BRDA:9,1244,0,0
BRDA:9,1244,1,0
BRDA:9,1245,0,0
BRDA:9,1245,1,0
BRDA:9,1246,0,0
BRDA:9,1246,1,0
BRDA:9,1247,0,0
BRDA:9,1247,1,0
BRDA:9,1248,0,0
BRDA:9,1248,1,0
BRDA:9,1249,0,0
BRDA:9,1249,1,0
BRDA:9,1250,0,0
BRDA:9,1250,1,0
BRDA:9,1251,0,0
BRDA:9,1251,1,0
BRDA:9,1252,0,0
BRDA:9,1252,1,0
BRDA:9,1253,0,0
BRDA:9,1253,1,0
BRDA:9,1254,0,0
BRDA:9,1254,1,0
BRDA:9,1255,0,0
BRDA:9,1255,1,0
BRDA:9,1256,0,0
BRDA:9,1256,1,0
BRDA:9,1257,0,0
BRDA:9,1257,1,0
BRDA:9,1258,0,0
BRDA:9,1258,1,0
BRDA:9,1259,0,0
BRDA:9,1259,1,0
BRDA:9,1260,0,0
BRDA:9,1260,1,0
BRDA:9,1261,0,0
BRDA:9,1261,1,0
BRDA:9,1262,0,0
BRDA:9,1262,1,0
BRDA:9,1263,0,0
BRDA:9,1263,1,0
BRDA:9,1264,0,0
BRDA:9,1264,1,0
BRDA:9,1265,0,0
BRDA:9,1265,1,0
BRDA:9,1266,0,0
BRDA:9,1266,1,0
BRDA:9,1267,0,0
BRDA:9,1267,1,0
BRDA:9,1268,0,0
BRDA:9,1268,1,0
BRDA:9,1269,0,0
BRDA:9,1269,1,0
BRDA:9,1270,0,0
BRDA:9,1270,1,0
BRDA:9,1271,0,0
BRDA:9,1271,1,0
BRDA:9,1272,0,0
BRDA:9,1272,1,0
BRDA:9,1273,0,0
BRDA:9,1273,1,0
BRDA:9,1274,0,0
BRDA:9,1274,1,0
BRDA:9,1275,0,0
BRDA:9,1275,1,0
BRDA:9,1276,0,0
BRDA:9,1276,1,0
BRDA:9,1277,0,0
BRDA:9,1277,1,0
BRDA:9,1278,0,0
BRDA:9,1278,1,0
BRDA:9,1279,0,0
BRDA:9,1279,1,0
BRDA:9,1280,0,0
BRDA:9,1280,1,0
BRDA:9,1281,0,0
BRDA:9,1281,1,0
BRDA:9,1282,0,0
BRDA:9,1282,1,0
BRDA:9,1283,0,0
BRDA:9,1283,1,0
BRDA:9,1284,0,0
BRDA:9,1284,1,0
BRDA:9,1285,0,0
BRDA:9,1285,1,0
BRDA:9,1286,0,0
BRDA:9,1286,1,0
BRDA:9,1287,0,0
BRDA:9,1287,1,0
BRDA:9,1288,0,0
BRDA:9,1288,1,0
BRDA:9,1288,2,0
BRDA:9,1289,0,0
BRDA:9,1289,1,0
BRDA:9,1290,0,0
BRDA:9,1290,1,0
BRDA:9,1291,0,0
BRDA:9,1291,1,0
BRDA:9,1292,0,0
BRDA:9,1292,1,0
BRDA:9,1293,0,0
BRDA:9,1293,1,0
BRDA:9,1294,0,0
BRDA:9,1294,1,0
BRDA:9,1295,0,0
BRDA:9,1295,1,0
BRDA:9,1296,0,0
BRDA:9,1296,1,0
BRDA:9,1297,0,0
BRDA:9,1297,1,0
BRDA:9,1298,0,0
BRDA:9,1298,1,0
BRDA:9,1299,0,0
BRDA:9,1299,1,0
BRDA:9,1300,0,0
BRDA:9,1300,1,0
BRDA:9,1301,0,0
BRDA:9,1301,1,0
BRDA:9,1302,0,0
BRDA:9,1302,1,0
BRDA:9,1303,0,0
BRDA:9,1303,1,0
BRDA:9,1304,0,0
BRDA:9,1304,1,0
BRDA:9,1305,0,0
BRDA:9,1305,1,0
BRDA:9,1306,0,0
BRDA:9,1306,1,0
BRDA:9,1307,0,0
BRDA:9,1307,1,0
BRDA:9,1308,0,0
BRDA:9,1308,1,0
BRDA:9,1309,0,0
BRDA:9,1309,1,0
BRDA:9,1310,0,0
BRDA:9,1310,1,0
BRDA:9,1311,0,0
BRDA:9,1311,1,0
BRDA:9,1312,0,0
BRDA:9,1312,1,0
BRDA:9,1313,0,0
BRDA:9,1313,1,0
BRDA:9,1314,0,0
BRDA:9,1314,1,0
BRDA:9,1315,0,0
BRDA:9,1315,1,0
BRDA:9,1316,0,0
BRDA:9,1316,1,0
BRDA:9,1317,0,0
BRDA:9,1317,1,0
BRDA:9,1318,0,0
BRDA:9,1318,1,0
BRDA:9,1319,0,0
BRDA:9,1319,1,0
BRDA:9,1320,0,0
BRDA:9,1320,1,0
BRDA:9,1321,0,0
BRDA:9,1321,1,0
BRDA:9,1322,0,0
BRDA:9,1322,1,0
BRDA:9,1323,0,0
BRDA:9,1323,1,0
BRDA:9,1324,0,0
BRDA:9,1324,1,0
BRDA:9,1325,0,0
BRDA:9,1325,1,0
BRDA:9,1326,0,0
BRDA:9,1326,1,0
BRDA:9,1327,0,0
BRDA:9,1327,1,0
BRDA:9,1328,0,0
BRDA:9,1328,1,0
BRDA:9,1329,0,0
BRDA:9,1329,1,0
BRDA:9,1330,0,0
BRDA:9,1330,1,0
BRDA:9,1331,0,0
BRDA:9,1331,1,0
BRDA:9,1332,0,0
BRDA:9,1332,1,0
BRDA:9,1333,0,0
BRDA:9,1333,1,0
BRDA:9,1333,2,0
BRDA:9,1333,3,0
BRDA:9,1334,0,0
BRDA:9,1334,1,0
BRDA:9,1335,0,0
BRDA:9,1335,1,0
BRDA:9,1335,2,0
BRDA:9,1336,0,0
BRDA:9,1336,1,0
BRDA:9,1337,0,0
BRDA:9,1337,1,0
BRDA:9,1338,0,0
BRDA:9,1338,1,0
BRDA:9,1339,0,0
BRDA:9,1339,1,0
BRDA:9,1340,0,0
BRDA:9,1340,1,0
BRDA:9,1341,0,0
BRDA:9,1341,1,0
BRDA:9,1342,0,0
BRDA:9,1342,1,0
BRDA:9,1343,0,0
BRDA:9,1343,1,0
BRDA:9,1344,0,0
BRDA:9,1344,1,0
BRDA:9,1345,0,0
BRDA:9,1345,1,0
BRDA:9,1346,0,0
BRDA:9,1346,1,0
BRDA:9,1347,0,0
BRDA:9,1347,1,0
BRDA:9,1347,2,0
BRDA:9,1347,3,0
BRDA:9,1348,0,0
BRDA:9,1348,1,0
BRDA:9,1349,0,0
BRDA:9,1349,1,0
BRDA:9,1350,0,0
BRDA:9,1350,1,0
BRDA:9,1351,0,0
BRDA:9,1351,1,0
BRDA:9,1352,0,0
BRDA:9,1352,1,0
BRDA:9,1352,2,0
BRDA:9,1353,0,0
BRDA:9,1353,1,0
BRDA:9,1353,2,0
BRDA:9,1354,0,0
BRDA:9,1354,1,0
BRDA:9,1354,2,0
BRDA:9,1355,0,0
BRDA:9,1355,1,0
BRDA:9,1355,2,0
BRDA:9,1356,0,0
BRDA:9,1356,1,0
BRDA:9,1357,0,0
BRDA:9,1357,1,0
BRDA:9,1358,0,0
BRDA:9,1358,1,0
BRDA:9,1359,0,0
BRDA:9,1359,1,0
BRDA:9,1360,0,0
BRDA:9,1360,1,0
BRDA:9,1361,0,0
BRDA:9,1361,1,0
BRDA:9,1362,0,0
BRDA:9,1362,1,0
BRDA:9,1363,0,0
BRDA:9,1363,1,0
BRDA:9,1363,2,0
BRDA:9,1364,0,0
BRDA:9,1364,1,0
BRDA:9,1365,0,0
BRDA:9,1365,1,0
BRDA:9,1366,0,0
BRDA:9,1366,1,0
BRDA:9,1366,2,0
BRDA:9,1367,0,0
BRDA:9,1367,1,0
BRDA:9,1368,0,0
BRDA:9,1368,1,0
BRDA:9,1368,2,0
BRDA:9,1369,0,0
BRDA:9,1369,1,0
BRDA:9,1370,0,0
BRDA:9,1370,1,0
BRDA:9,1371,0,0
BRDA:9,1371,1,0
BRDA:9,1372,0,0
BRDA:9,1372,1,0
BRDA:9,1373,0,0
BRDA:9,1373,1,0
BRDA:9,1374,0,0
BRDA:9,1374,1,0
BRDA:9,1375,0,0
BRDA:9,1375,1,0
BRDA:9,1376,0,0
BRDA:9,1376,1,0
BRDA:9,1377,0,0
BRDA:9,1377,1,0
BRDA:9,1378,0,0
BRDA:9,1378,1,0
BRDA:9,1379,0,0
BRDA:9,1379,1,0
BRDA:9,1380,0,0
BRDA:9,1380,1,0
BRDA:9,1381,0,0
BRDA:9,1381,1,0
BRDA:9,1382,0,0
BRDA:9,1382,1,0
BRDA:9,1383,0,0
BRDA:9,1383,1,0
BRDA:9,1384,0,0
BRDA:9,1384,1,0
BRDA:9,1384,2,0
BRDA:9,1385,0,0
BRDA:9,1385,1,0
BRDA:9,1386,0,0
BRDA:9,1386,1,0
BRDA:9,1387,0,0
BRDA:9,1387,1,0
BRDA:9,1388,0,0
BRDA:9,1388,1,0
BRDA:9,1388,2,0
BRDA:9,1389,0,0
BRDA:9,1389,1,0
BRF:3088
BRH:0
end_of_record
